{
  "stats": {
    "suites": 1,
    "tests": 9,
    "passes": 4,
    "pending": 0,
    "failures": 5,
    "start": "2022-01-01T20:49:55.975Z",
    "end": "2022-01-01T20:52:31.734Z",
    "duration": 155759,
    "testsRegistered": 9,
    "passPercent": 44.44444444444444,
    "pendingPercent": 0,
    "other": 0,
    "hasOther": false,
    "skipped": 0,
    "hasSkipped": false
  },
  "results": [
    {
      "uuid": "1d7b7425-5385-4d04-83b4-0059493241eb",
      "title": "",
      "fullFile": "cypress/integration/welcomepageassertion.spec.js",
      "file": "cypress/integration/welcomepageassertion.spec.js",
      "beforeHooks": [],
      "afterHooks": [],
      "tests": [],
      "suites": [
        {
          "uuid": "5f57af82-d8b4-4fd4-9076-5f71a90fb038",
          "title": "Welcome Page text assertions",
          "fullFile": "",
          "file": "",
          "beforeHooks": [],
          "afterHooks": [],
          "tests": [
            {
              "title": "1st panel texts test",
              "fullTitle": "Welcome Page text assertions 1st panel texts test",
              "timedOut": null,
              "duration": 7784,
              "state": "passed",
              "speed": "medium",
              "pass": true,
              "fail": false,
              "pending": false,
              "context": null,
              "code": "cy.get('.hello .Heading .bv-example-row.container .row').contains('Make stuff, look at stuff,').should('exist');\ncy.get('.Heading .bv-example-row.container .row').contains('talk about stuff, find your people.').should('exist');\ncy.get('.Heading .bv-example-row.container .row .privacy').contains('By continuing with the options below, you agree to Tumblr’s Terms of Service and have read the Privacy Policy').should('exist');\ncy.get('.Heading .bv-example-row.container .row').contains('Continue with Google').should('exist');\ncy.get('.Heading .bv-example-row.container .row').contains('Log in').should('exist');\ncy.get('.Heading .bv-example-row.container .row').contains('Sign up').should('exist');\ncy.get('.Heading .bv-example-row.container .row .privacy').contains('Terms').click();\ncy.visit('http://tumblr4u.eastus.cloudapp.azure.com/');\ncy.get('.Heading .bv-example-row.container .row .privacy').contains('Privacy').click();\ncy.visit('http://tumblr4u.eastus.cloudapp.azure.com/'); //TODO  buttons should be tested by click()",
              "err": {},
              "uuid": "d079422e-8e92-4c20-8ded-79c523116774",
              "parentUUID": "5f57af82-d8b4-4fd4-9076-5f71a90fb038",
              "isHook": false,
              "skipped": false
            },
            {
              "title": "1st panel texts test (still not finished)",
              "fullTitle": "Welcome Page text assertions 1st panel texts test (still not finished)",
              "timedOut": null,
              "duration": 31314,
              "state": "failed",
              "speed": null,
              "pass": false,
              "fail": true,
              "pending": false,
              "context": null,
              "code": "cy.get('.Heading .bv-example-row.container .row').contains(\"Here's what's trending\").should('exist');\ncy.get('.Heading .bv-example-row.container .row').contains('Continue with Apple').should('exist');\ncy.get('.bv-example-row.container').contains('Jobs').should('exist');\ncy.get('.bv-example-row.container').contains('Support').should('exist');",
              "err": {
                "message": "AssertionError: Timed out retrying after 30000ms: Expected to find content: 'Here's what's trending' within the element: <div.row> but never did.",
                "estack": "AssertionError: Timed out retrying after 30000ms: Expected to find content: 'Here's what's trending' within the element: <div.row> but never did.\n    at Context.eval (http://tumblr4u.eastus.cloudapp.azure.com/__cypress/tests?p=cypress\\integration\\welcomepageassertion.spec.js:116:90)",
                "diff": null
              },
              "uuid": "3afa72cd-9e2d-40ba-9450-ea5b0cb868f9",
              "parentUUID": "5f57af82-d8b4-4fd4-9076-5f71a90fb038",
              "isHook": false,
              "skipped": false
            },
            {
              "title": "2nd panel text test",
              "fullTitle": "Welcome Page text assertions 2nd panel text test",
              "timedOut": null,
              "duration": 32103,
              "state": "failed",
              "speed": null,
              "pass": false,
              "fail": true,
              "pending": false,
              "context": null,
              "code": "cy.get('.hello .hello .container-fluid').contains('What is Tumblr?').should('exist');\ncy.get('.hello .hello .container-fluid').contains('What is Tumblr?').click();\ncy.get('.hello .hello .container-fluid').contains('Tumblr is so easy to use that it’s hard to explain.').should('exist');\n/*cy\n    .get('section[id=\"Easy to use\"]')\n    .contains(\"We made it really, really simple for people to make a blog and put whatever they want on it. Stories, photos, GIFs, TV shows, links, quips, dumb jokes, smart jokes, Spotify tracks, mp3s, videos, fashion, art, deep stuff. Tumblr is 536 million different blogs, filled with literally whatever.\")\n    .should('exist');\n*/\n//NOTE: not so important",
              "err": {
                "message": "AssertionError: Timed out retrying after 30000ms: Expected to find content: 'What is Tumblr?' within the element: <div.container-fluid> but never did.",
                "estack": "AssertionError: Timed out retrying after 30000ms: Expected to find content: 'What is Tumblr?' within the element: <div.container-fluid> but never did.\n    at Context.eval (http://tumblr4u.eastus.cloudapp.azure.com/__cypress/tests?p=cypress\\integration\\welcomepageassertion.spec.js:122:74)",
                "diff": null
              },
              "uuid": "413641e2-8d63-4b92-b5a7-a257d21139c6",
              "parentUUID": "5f57af82-d8b4-4fd4-9076-5f71a90fb038",
              "isHook": false,
              "skipped": false
            },
            {
              "title": "3rd panel text tests",
              "fullTitle": "Welcome Page text assertions 3rd panel text tests",
              "timedOut": null,
              "duration": 31751,
              "state": "failed",
              "speed": null,
              "pass": false,
              "fail": true,
              "pending": false,
              "context": null,
              "code": "cy.get('.third .container-fluid').contains('Tumblr is blogs').should('exist');",
              "err": {
                "message": "AssertionError: Timed out retrying after 30000ms: Expected to find content: 'Tumblr is blogs' within the element: <div.container-fluid> but never did.",
                "estack": "AssertionError: Timed out retrying after 30000ms: Expected to find content: 'Tumblr is blogs' within the element: <div.container-fluid> but never did.\n    at Context.eval (http://tumblr4u.eastus.cloudapp.azure.com/__cypress/tests?p=cypress\\integration\\welcomepageassertion.spec.js:133:67)",
                "diff": null
              },
              "uuid": "01e21986-71f2-4326-9f7c-7e89188ad35d",
              "parentUUID": "5f57af82-d8b4-4fd4-9076-5f71a90fb038",
              "isHook": false,
              "skipped": false
            },
            {
              "title": "4th panel text tests",
              "fullTitle": "Welcome Page text assertions 4th panel text tests",
              "timedOut": null,
              "duration": 1961,
              "state": "passed",
              "speed": "fast",
              "pass": true,
              "fail": false,
              "pending": false,
              "context": null,
              "code": "cy.get('.fourth .container-fluid').contains('You already know how this works.').should('exist');",
              "err": {},
              "uuid": "d691f84b-65ee-42cb-9ba0-2c5787426aa7",
              "parentUUID": "5f57af82-d8b4-4fd4-9076-5f71a90fb038",
              "isHook": false,
              "skipped": false
            },
            {
              "title": "5th panel text tests",
              "fullTitle": "Welcome Page text assertions 5th panel text tests",
              "timedOut": null,
              "duration": 1053,
              "state": "passed",
              "speed": "fast",
              "pass": true,
              "fail": false,
              "pending": false,
              "context": null,
              "code": "cy.get('.fifth .container-fluid').contains('Seriously, put anything you want here.').should('exist');",
              "err": {},
              "uuid": "9e96f89b-d297-4c1e-bc4d-dd5625ef22c6",
              "parentUUID": "5f57af82-d8b4-4fd4-9076-5f71a90fb038",
              "isHook": false,
              "skipped": false
            },
            {
              "title": "last panel text tests",
              "fullTitle": "Welcome Page text assertions last panel text tests",
              "timedOut": null,
              "duration": 1262,
              "state": "passed",
              "speed": "fast",
              "pass": true,
              "fail": false,
              "pending": false,
              "context": null,
              "code": "cy.get('.last .bv-example-row.container').contains('Okay, it’s not actually hard to explain.').should('exist');\ncy.get('.last .bv-example-row.container .row').contains('Sign up').should('exist');\ncy.get('.last .bv-example-row.container .row').contains('Log in').should('exist');\ncy.get('.last .bv-example-row.container .row').contains('Log in').should('exist');\ncy.get('.last .bv-example-row.container .row').contains('By continuing with the options below, you agree to Tumblr’s Terms of Service and have read the Privacy Policy').should('exist');\ncy.get('.last .bv-example-row.container .row').contains('Continue with Google').should('exist');",
              "err": {},
              "uuid": "8270b203-26cf-4d77-a381-6369074f020b",
              "parentUUID": "5f57af82-d8b4-4fd4-9076-5f71a90fb038",
              "isHook": false,
              "skipped": false
            },
            {
              "title": "1st panel links tests",
              "fullTitle": "Welcome Page text assertions 1st panel links tests",
              "timedOut": null,
              "duration": 1509,
              "state": "failed",
              "speed": null,
              "pass": false,
              "fail": true,
              "pending": false,
              "context": null,
              "code": "cy.get('.hello .Heading').contains('Tumblr4U').click();\ncy.url().should('equal', 'http://tumblr4u.eastus.cloudapp.azure.com/'); //cy.get('section[id =\"Get started\"]').contains('Sign up').click();\n//cy.url().should('include', '/register');\n//cy.go('back');\ncy.get('.Heading .bv-example-row.container .row').contains('Continue with Google').click();\ncy.go('back');\ncy.get('.hello #TheHeader').contains('Log in').click();\ncy.url().should('include', '/signIn');\ncy.go('back');\ncy.get('.hello').get('#TheHeader').contains('Sign up').click();\ncy.url().should('include', '/signUp');\ncy.go('back');",
              "err": {
                "message": "SecurityError: Blocked a frame with origin \"http://tumblr4u.eastus.cloudapp.azure.com\" from accessing a cross-origin frame.",
                "estack": "SecurityError: Blocked a frame with origin \"http://tumblr4u.eastus.cloudapp.azure.com\" from accessing a cross-origin frame.\nError: Blocked a frame with origin \"http://tumblr4u.eastus.cloudapp.azure.com\" from accessing a cross-origin frame.\n    at setWindowDocumentProps (http://tumblr4u.eastus.cloudapp.azure.com/__cypress/runner/cypress_runner.js:171601:42)\n    at HTMLIFrameElement.<anonymous> (http://tumblr4u.eastus.cloudapp.azure.com/__cypress/runner/cypress_runner.js:171971:9)\n    at HTMLIFrameElement.dispatch (http://tumblr4u.eastus.cloudapp.azure.com/__cypress/runner/cypress_runner.js:112918:27)\n    at HTMLIFrameElement.elemData.handle (http://tumblr4u.eastus.cloudapp.azure.com/__cypress/runner/cypress_runner.js:112726:28)",
                "diff": null
              },
              "uuid": "c26894d2-2a0c-4edb-9592-424308453c1e",
              "parentUUID": "5f57af82-d8b4-4fd4-9076-5f71a90fb038",
              "isHook": false,
              "skipped": false
            },
            {
              "title": "1st panel links tests (not finished)",
              "fullTitle": "Welcome Page text assertions 1st panel links tests (not finished)",
              "timedOut": null,
              "duration": 32435,
              "state": "failed",
              "speed": null,
              "pass": false,
              "fail": true,
              "pending": false,
              "context": null,
              "code": "cy.get('.hello #TheHeader').contains('T4U').click();\ncy.url().should('equal', 'http://tumblr4u.eastus.cloudapp.azure.com/');\ncy.get('.Heading .bv-example-row container .row .privacy').contains('Terms of Service').click();\ncy.url().should('include', '/policy');\ncy.go('back');\ncy.get('.Heading .bv-example-row container .row .privacy').contains('Privacy Policy').click();\ncy.url().should('include', '/privacy');\ncy.go('back'); //privacy\n//policy\ncy.get('.Heading .bv-example-row container .row').contains(\"Here's what's trending\").click();\ncy.go('back');\ncy.get('.bv-example-row container').contains('Jobs').click();\ncy.url().should('include', '/policy/en/terms-of-service');\ncy.visit('http://tumblr4u.eastus.cloudapp.azure.com');\ncy.get('.bv-example-row container').contains('Support').click();\ncy.url().should('include', '/support');\ncy.visit('http://tumblr4u.eastus.cloudapp.azure.com');\ncy.get('.hello .bv-example-row container').contains('Posted by').click();\ncy.visit('http://tumblr4u.eastus.cloudapp.azure.com');",
              "err": {
                "message": "AssertionError: Timed out retrying after 30000ms: expected 'http://tumblr4u.eastus.cloudapp.azure.com/trending' to equal 'http://tumblr4u.eastus.cloudapp.azure.com/'",
                "estack": "AssertionError: Timed out retrying after 30000ms: expected 'http://tumblr4u.eastus.cloudapp.azure.com/trending' to equal 'http://tumblr4u.eastus.cloudapp.azure.com/'\n    at Context.eval (http://tumblr4u.eastus.cloudapp.azure.com/__cypress/tests?p=cypress\\integration\\welcomepageassertion.spec.js:166:14)",
                "diff": "- 'http://tumblr4u.eastus.cloudapp.azure.com/trending'\n+ 'http://tumblr4u.eastus.cloudapp.azure.com/'\n"
              },
              "uuid": "db04a754-0ca4-4b3e-9f5e-5cc7d86520db",
              "parentUUID": "5f57af82-d8b4-4fd4-9076-5f71a90fb038",
              "isHook": false,
              "skipped": false
            }
          ],
          "suites": [],
          "passes": [
            "d079422e-8e92-4c20-8ded-79c523116774",
            "d691f84b-65ee-42cb-9ba0-2c5787426aa7",
            "9e96f89b-d297-4c1e-bc4d-dd5625ef22c6",
            "8270b203-26cf-4d77-a381-6369074f020b"
          ],
          "failures": [
            "3afa72cd-9e2d-40ba-9450-ea5b0cb868f9",
            "413641e2-8d63-4b92-b5a7-a257d21139c6",
            "01e21986-71f2-4326-9f7c-7e89188ad35d",
            "c26894d2-2a0c-4edb-9592-424308453c1e",
            "db04a754-0ca4-4b3e-9f5e-5cc7d86520db"
          ],
          "pending": [],
          "skipped": [],
          "duration": 141172,
          "root": false,
          "rootEmpty": false,
          "_timeout": 2000
        }
      ],
      "passes": [],
      "failures": [],
      "pending": [],
      "skipped": [],
      "duration": 0,
      "root": true,
      "rootEmpty": true,
      "_timeout": 2000
    }
  ],
  "meta": {
    "mocha": {
      "version": "7.0.1"
    },
    "mochawesome": {
      "options": {
        "quiet": false,
        "reportFilename": "mochawesome",
        "saveHtml": true,
        "saveJson": true,
        "consoleReporter": "spec",
        "useInlineDiffs": false,
        "code": true
      },
      "version": "7.0.1"
    },
    "marge": {
      "options": {
        "id": "default",
        "reportDir": "cypress/reports/mocha",
        "quite": true,
        "overwrite": false,
        "video": false,
        "html": true,
        "json": true
      },
      "version": "6.0.1"
    }
  }
}