{
  "stats": {
    "suites": 1,
    "tests": 8,
    "passes": 8,
    "pending": 0,
    "failures": 0,
    "start": "2022-01-01T20:45:07.030Z",
    "end": "2022-01-01T20:45:24.244Z",
    "duration": 17214,
    "testsRegistered": 8,
    "passPercent": 100,
    "pendingPercent": 0,
    "other": 0,
    "hasOther": false,
    "skipped": 0,
    "hasSkipped": false
  },
  "results": [
    {
      "uuid": "93cbf279-7fa1-4bba-852b-cab0882d7882",
      "title": "",
      "fullFile": "cypress/integration/login.spec.js",
      "file": "cypress/integration/login.spec.js",
      "beforeHooks": [],
      "afterHooks": [],
      "tests": [],
      "suites": [
        {
          "uuid": "59c79450-14f4-4e2d-966e-2dfaecdd88da",
          "title": "login",
          "fullFile": "",
          "file": "",
          "beforeHooks": [],
          "afterHooks": [],
          "tests": [
            {
              "title": "signup button",
              "fullTitle": "login signup button",
              "timedOut": null,
              "duration": 4490,
              "state": "passed",
              "speed": "fast",
              "pass": true,
              "fail": false,
              "pending": false,
              "context": null,
              "code": "cy.get('[href=\"/signUp\"] > .btn').click();\ncy.url().should('include', '/signUp');",
              "err": {},
              "uuid": "a8084347-9baf-48ce-9d5b-e0c95933fa08",
              "parentUUID": "59c79450-14f4-4e2d-966e-2dfaecdd88da",
              "isHook": false,
              "skipped": false
            },
            {
              "title": "when click on tumblr icon",
              "fullTitle": "login when click on tumblr icon",
              "timedOut": null,
              "duration": 886,
              "state": "passed",
              "speed": "fast",
              "pass": true,
              "fail": false,
              "pending": false,
              "context": null,
              "code": "cy.get('#TheHeader .navbar-brand').contains('T4U').click();\ncy.url().should('equal', 'http://tumblr4u.eastus.cloudapp.azure.com/trending');",
              "err": {},
              "uuid": "d9073846-03c9-4f7e-a7ea-282b961151be",
              "parentUUID": "59c79450-14f4-4e2d-966e-2dfaecdd88da",
              "isHook": false,
              "skipped": false
            },
            {
              "title": "empty email and empty password",
              "fullTitle": "login empty email and empty password",
              "timedOut": null,
              "duration": 2487,
              "state": "passed",
              "speed": "fast",
              "pass": true,
              "fail": false,
              "pending": false,
              "context": null,
              "code": "cy.get('form > .btn').click();\ncy.get('.error').should('have.text', 'You do have to fill this stuff out, you know.');",
              "err": {},
              "uuid": "b056fd3f-6594-47b1-9bbb-ad5859597f5a",
              "parentUUID": "59c79450-14f4-4e2d-966e-2dfaecdd88da",
              "isHook": false,
              "skipped": false
            },
            {
              "title": "empty email and incorrect password",
              "fullTitle": "login empty email and incorrect password",
              "timedOut": null,
              "duration": 1885,
              "state": "passed",
              "speed": "fast",
              "pass": true,
              "fail": false,
              "pending": false,
              "context": null,
              "code": "cy.get(':nth-child(2) > .form-control').type('asdfghj');\ncy.get('form > .btn').click();\ncy.get('.error').should('have.text', 'You forgot to enter your Email!');",
              "err": {},
              "uuid": "56556395-a497-4944-b9f9-91414d91632d",
              "parentUUID": "59c79450-14f4-4e2d-966e-2dfaecdd88da",
              "isHook": false,
              "skipped": false
            },
            {
              "title": "empty email and correct password",
              "fullTitle": "login empty email and correct password",
              "timedOut": null,
              "duration": 1151,
              "state": "passed",
              "speed": "fast",
              "pass": true,
              "fail": false,
              "pending": false,
              "context": null,
              "code": "cy.get(':nth-child(2) > .form-control').type('emademad');\ncy.get('form > .btn').click();\ncy.get('.error').should('have.text', 'You forgot to enter your Email!');",
              "err": {},
              "uuid": "eff8fa02-f107-4894-9b1b-dc1821db37b6",
              "parentUUID": "59c79450-14f4-4e2d-966e-2dfaecdd88da",
              "isHook": false,
              "skipped": false
            },
            {
              "title": "non existing email and empty password",
              "fullTitle": "login non existing email and empty password",
              "timedOut": null,
              "duration": 1253,
              "state": "passed",
              "speed": "fast",
              "pass": true,
              "fail": false,
              "pending": false,
              "context": null,
              "code": "cy.get('form > :nth-child(1) > .form-control').type('ahmedmad@gmail.com');\ncy.get('form > .btn').click();\ncy.get('.error').should('have.text', 'You forgot to enter your password!');",
              "err": {},
              "uuid": "159a5a51-8a3d-4c6b-b5b1-d66be4242260",
              "parentUUID": "59c79450-14f4-4e2d-966e-2dfaecdd88da",
              "isHook": false,
              "skipped": false
            },
            {
              "title": "existing email and empty password",
              "fullTitle": "login existing email and empty password",
              "timedOut": null,
              "duration": 1647,
              "state": "passed",
              "speed": "fast",
              "pass": true,
              "fail": false,
              "pending": false,
              "context": null,
              "code": "cy.get('form > :nth-child(1) > .form-control').type('ahmedspiderman7@gmail.com');\ncy.get('form > .btn').click();\ncy.get('.error').should('have.text', 'You forgot to enter your password!');",
              "err": {},
              "uuid": "a625d8f9-ed49-4367-87e2-e37f709e9aeb",
              "parentUUID": "59c79450-14f4-4e2d-966e-2dfaecdd88da",
              "isHook": false,
              "skipped": false
            },
            {
              "title": "existing email and correct password",
              "fullTitle": "login existing email and correct password",
              "timedOut": null,
              "duration": 1899,
              "state": "passed",
              "speed": "fast",
              "pass": true,
              "fail": false,
              "pending": false,
              "context": null,
              "code": "cy.get('form > :nth-child(1) > .form-control').type('nour.2020@gmail.com');\ncy.get(':nth-child(2) > .form-control').type('1234');\ncy.get('form > .btn').click();\ncy.url().should('include', 'home');",
              "err": {},
              "uuid": "212cd69a-e7d9-4aaa-9994-1bd3402398d8",
              "parentUUID": "59c79450-14f4-4e2d-966e-2dfaecdd88da",
              "isHook": false,
              "skipped": false
            }
          ],
          "suites": [],
          "passes": [
            "a8084347-9baf-48ce-9d5b-e0c95933fa08",
            "d9073846-03c9-4f7e-a7ea-282b961151be",
            "b056fd3f-6594-47b1-9bbb-ad5859597f5a",
            "56556395-a497-4944-b9f9-91414d91632d",
            "eff8fa02-f107-4894-9b1b-dc1821db37b6",
            "159a5a51-8a3d-4c6b-b5b1-d66be4242260",
            "a625d8f9-ed49-4367-87e2-e37f709e9aeb",
            "212cd69a-e7d9-4aaa-9994-1bd3402398d8"
          ],
          "failures": [],
          "pending": [],
          "skipped": [],
          "duration": 15698,
          "root": false,
          "rootEmpty": false,
          "_timeout": 2000
        }
      ],
      "passes": [],
      "failures": [],
      "pending": [],
      "skipped": [],
      "duration": 0,
      "root": true,
      "rootEmpty": true,
      "_timeout": 2000
    }
  ],
  "meta": {
    "mocha": {
      "version": "7.0.1"
    },
    "mochawesome": {
      "options": {
        "quiet": false,
        "reportFilename": "mochawesome",
        "saveHtml": true,
        "saveJson": true,
        "consoleReporter": "spec",
        "useInlineDiffs": false,
        "code": true
      },
      "version": "7.0.1"
    },
    "marge": {
      "options": {
        "id": "default",
        "reportDir": "cypress/reports/mocha",
        "quite": true,
        "overwrite": false,
        "video": false,
        "html": true,
        "json": true
      },
      "version": "6.0.1"
    }
  }
}