{
  "stats": {
    "suites": 7,
    "tests": 43,
    "passes": 14,
    "pending": 0,
    "failures": 13,
    "start": "2022-01-01T20:44:11.167Z",
    "end": "2022-01-01T20:52:31.734Z",
    "duration": 421460,
    "testsRegistered": 43,
    "passPercent": 32.55813953488372,
    "pendingPercent": 0,
    "other": 0,
    "hasOther": false,
    "skipped": 16,
    "hasSkipped": true
  },
  "results": [
    {
      "uuid": "69d5b810-19f8-4b1f-bbd8-12563f7c4a30",
      "title": "",
      "fullFile": "cypress/integration/chat.spec.js",
      "file": "cypress/integration/chat.spec.js",
      "beforeHooks": [],
      "afterHooks": [],
      "tests": [],
      "suites": [
        {
          "uuid": "3237c29d-c158-4d15-a0c2-c3cafab3033d",
          "title": "chating from one account",
          "fullFile": "",
          "file": "",
          "beforeHooks": [],
          "afterHooks": [],
          "tests": [
            {
              "title": "click on the chat tab",
              "fullTitle": "chating from one account click on the chat tab",
              "timedOut": null,
              "duration": 39513,
              "state": "failed",
              "speed": null,
              "pass": false,
              "fail": true,
              "pending": false,
              "context": null,
              "code": "cy.get('[aria-label=\"emoji laughing\"]').click();\ncy.contains('New Message').click();\ncy.get('#divider').get('#chatItem').click();\ncy.get('[aria-label=\"Send\"]').click();\ncy.get('[aria-label=\"emoji laughing\"] #icon').click();\ncy.get('#chatItem').click(); //first chat account to appear\ncy.get;",
              "err": {
                "message": "AssertionError: Timed out retrying after 30000ms: Expected to find element: `[aria-label=\"emoji laughing\"]`, but never found it.",
                "estack": "AssertionError: Timed out retrying after 30000ms: Expected to find element: `[aria-label=\"emoji laughing\"]`, but never found it.\n    at Context.eval (http://tumblr4u.eastus.cloudapp.azure.com/__cypress/tests?p=cypress\\integration\\chat.spec.js:107:8)",
                "diff": null
              },
              "uuid": "5c384b71-edc0-4172-8ec2-8549a11f5f94",
              "parentUUID": "3237c29d-c158-4d15-a0c2-c3cafab3033d",
              "isHook": false,
              "skipped": false
            }
          ],
          "suites": [],
          "passes": [],
          "failures": [
            "5c384b71-edc0-4172-8ec2-8549a11f5f94"
          ],
          "pending": [],
          "skipped": [],
          "duration": 39513,
          "root": false,
          "rootEmpty": false,
          "_timeout": 2000
        }
      ],
      "passes": [],
      "failures": [],
      "pending": [],
      "skipped": [],
      "duration": 0,
      "root": true,
      "rootEmpty": true,
      "_timeout": 2000
    },
    {
      "uuid": "93cbf279-7fa1-4bba-852b-cab0882d7882",
      "title": "",
      "fullFile": "cypress/integration/login.spec.js",
      "file": "cypress/integration/login.spec.js",
      "beforeHooks": [],
      "afterHooks": [],
      "tests": [],
      "suites": [
        {
          "uuid": "59c79450-14f4-4e2d-966e-2dfaecdd88da",
          "title": "login",
          "fullFile": "",
          "file": "",
          "beforeHooks": [],
          "afterHooks": [],
          "tests": [
            {
              "title": "signup button",
              "fullTitle": "login signup button",
              "timedOut": null,
              "duration": 4490,
              "state": "passed",
              "speed": "fast",
              "pass": true,
              "fail": false,
              "pending": false,
              "context": null,
              "code": "cy.get('[href=\"/signUp\"] > .btn').click();\ncy.url().should('include', '/signUp');",
              "err": {},
              "uuid": "a8084347-9baf-48ce-9d5b-e0c95933fa08",
              "parentUUID": "59c79450-14f4-4e2d-966e-2dfaecdd88da",
              "isHook": false,
              "skipped": false
            },
            {
              "title": "when click on tumblr icon",
              "fullTitle": "login when click on tumblr icon",
              "timedOut": null,
              "duration": 886,
              "state": "passed",
              "speed": "fast",
              "pass": true,
              "fail": false,
              "pending": false,
              "context": null,
              "code": "cy.get('#TheHeader .navbar-brand').contains('T4U').click();\ncy.url().should('equal', 'http://tumblr4u.eastus.cloudapp.azure.com/trending');",
              "err": {},
              "uuid": "d9073846-03c9-4f7e-a7ea-282b961151be",
              "parentUUID": "59c79450-14f4-4e2d-966e-2dfaecdd88da",
              "isHook": false,
              "skipped": false
            },
            {
              "title": "empty email and empty password",
              "fullTitle": "login empty email and empty password",
              "timedOut": null,
              "duration": 2487,
              "state": "passed",
              "speed": "fast",
              "pass": true,
              "fail": false,
              "pending": false,
              "context": null,
              "code": "cy.get('form > .btn').click();\ncy.get('.error').should('have.text', 'You do have to fill this stuff out, you know.');",
              "err": {},
              "uuid": "b056fd3f-6594-47b1-9bbb-ad5859597f5a",
              "parentUUID": "59c79450-14f4-4e2d-966e-2dfaecdd88da",
              "isHook": false,
              "skipped": false
            },
            {
              "title": "empty email and incorrect password",
              "fullTitle": "login empty email and incorrect password",
              "timedOut": null,
              "duration": 1885,
              "state": "passed",
              "speed": "fast",
              "pass": true,
              "fail": false,
              "pending": false,
              "context": null,
              "code": "cy.get(':nth-child(2) > .form-control').type('asdfghj');\ncy.get('form > .btn').click();\ncy.get('.error').should('have.text', 'You forgot to enter your Email!');",
              "err": {},
              "uuid": "56556395-a497-4944-b9f9-91414d91632d",
              "parentUUID": "59c79450-14f4-4e2d-966e-2dfaecdd88da",
              "isHook": false,
              "skipped": false
            },
            {
              "title": "empty email and correct password",
              "fullTitle": "login empty email and correct password",
              "timedOut": null,
              "duration": 1151,
              "state": "passed",
              "speed": "fast",
              "pass": true,
              "fail": false,
              "pending": false,
              "context": null,
              "code": "cy.get(':nth-child(2) > .form-control').type('emademad');\ncy.get('form > .btn').click();\ncy.get('.error').should('have.text', 'You forgot to enter your Email!');",
              "err": {},
              "uuid": "eff8fa02-f107-4894-9b1b-dc1821db37b6",
              "parentUUID": "59c79450-14f4-4e2d-966e-2dfaecdd88da",
              "isHook": false,
              "skipped": false
            },
            {
              "title": "non existing email and empty password",
              "fullTitle": "login non existing email and empty password",
              "timedOut": null,
              "duration": 1253,
              "state": "passed",
              "speed": "fast",
              "pass": true,
              "fail": false,
              "pending": false,
              "context": null,
              "code": "cy.get('form > :nth-child(1) > .form-control').type('ahmedmad@gmail.com');\ncy.get('form > .btn').click();\ncy.get('.error').should('have.text', 'You forgot to enter your password!');",
              "err": {},
              "uuid": "159a5a51-8a3d-4c6b-b5b1-d66be4242260",
              "parentUUID": "59c79450-14f4-4e2d-966e-2dfaecdd88da",
              "isHook": false,
              "skipped": false
            },
            {
              "title": "existing email and empty password",
              "fullTitle": "login existing email and empty password",
              "timedOut": null,
              "duration": 1647,
              "state": "passed",
              "speed": "fast",
              "pass": true,
              "fail": false,
              "pending": false,
              "context": null,
              "code": "cy.get('form > :nth-child(1) > .form-control').type('ahmedspiderman7@gmail.com');\ncy.get('form > .btn').click();\ncy.get('.error').should('have.text', 'You forgot to enter your password!');",
              "err": {},
              "uuid": "a625d8f9-ed49-4367-87e2-e37f709e9aeb",
              "parentUUID": "59c79450-14f4-4e2d-966e-2dfaecdd88da",
              "isHook": false,
              "skipped": false
            },
            {
              "title": "existing email and correct password",
              "fullTitle": "login existing email and correct password",
              "timedOut": null,
              "duration": 1899,
              "state": "passed",
              "speed": "fast",
              "pass": true,
              "fail": false,
              "pending": false,
              "context": null,
              "code": "cy.get('form > :nth-child(1) > .form-control').type('nour.2020@gmail.com');\ncy.get(':nth-child(2) > .form-control').type('1234');\ncy.get('form > .btn').click();\ncy.url().should('include', 'home');",
              "err": {},
              "uuid": "212cd69a-e7d9-4aaa-9994-1bd3402398d8",
              "parentUUID": "59c79450-14f4-4e2d-966e-2dfaecdd88da",
              "isHook": false,
              "skipped": false
            }
          ],
          "suites": [],
          "passes": [
            "a8084347-9baf-48ce-9d5b-e0c95933fa08",
            "d9073846-03c9-4f7e-a7ea-282b961151be",
            "b056fd3f-6594-47b1-9bbb-ad5859597f5a",
            "56556395-a497-4944-b9f9-91414d91632d",
            "eff8fa02-f107-4894-9b1b-dc1821db37b6",
            "159a5a51-8a3d-4c6b-b5b1-d66be4242260",
            "a625d8f9-ed49-4367-87e2-e37f709e9aeb",
            "212cd69a-e7d9-4aaa-9994-1bd3402398d8"
          ],
          "failures": [],
          "pending": [],
          "skipped": [],
          "duration": 15698,
          "root": false,
          "rootEmpty": false,
          "_timeout": 2000
        }
      ],
      "passes": [],
      "failures": [],
      "pending": [],
      "skipped": [],
      "duration": 0,
      "root": true,
      "rootEmpty": true,
      "_timeout": 2000
    },
    {
      "uuid": "e71d6596-d3f9-4d15-a419-5813d3b52bf2",
      "title": "",
      "fullFile": "cypress/integration/logout.spec.js",
      "file": "cypress/integration/logout.spec.js",
      "beforeHooks": [],
      "afterHooks": [],
      "tests": [],
      "suites": [
        {
          "uuid": "75f98c2a-e1da-4626-8790-993d674de632",
          "title": "block a user",
          "fullFile": "",
          "file": "",
          "beforeHooks": [],
          "afterHooks": [],
          "tests": [
            {
              "title": "logout",
              "fullTitle": "block a user logout",
              "timedOut": null,
              "duration": 39142,
              "state": "failed",
              "speed": null,
              "pass": false,
              "fail": true,
              "pending": false,
              "context": null,
              "code": "cy.get(':nth-child(6) > #dropDown > #icon').click();\ncy.get('#content > :nth-child(1) > :nth-child(2)').contains('Logout').click();\ncy.get('.popup-inner').contains(\"Ok\").click();\ncy.get('.popup-inner').contains(\"Ok\").click();\ncy.wait(2000);\ncy.url().should('equal', 'http://tumblr4u.eastus.cloudapp.azure.com/');",
              "err": {
                "message": "AssertionError: Timed out retrying after 30000ms: Expected to find element: `:nth-child(6) > #dropDown > #icon`, but never found it.",
                "estack": "AssertionError: Timed out retrying after 30000ms: Expected to find element: `:nth-child(6) > #dropDown > #icon`, but never found it.\n    at Context.eval (http://tumblr4u.eastus.cloudapp.azure.com/__cypress/tests?p=cypress\\integration\\logout.spec.js:107:8)",
                "diff": null
              },
              "uuid": "6ed1d7aa-944c-4053-817d-7faa077cb56e",
              "parentUUID": "75f98c2a-e1da-4626-8790-993d674de632",
              "isHook": false,
              "skipped": false
            },
            {
              "title": "cancel logout",
              "fullTitle": "block a user cancel logout",
              "timedOut": null,
              "duration": 37757,
              "state": "failed",
              "speed": null,
              "pass": false,
              "fail": true,
              "pending": false,
              "context": null,
              "code": "cy.get(':nth-child(6) > #dropDown > #icon').click();\ncy.get('#content > :nth-child(1) > :nth-child(2)').contains('Logout').click();\ncy.get('#buttons > :nth-child(1)').contains('Cancel').click();\ncy.url().should('equal', 'http://tumblr4u.eastus.cloudapp.azure.com/home');",
              "err": {
                "message": "AssertionError: Timed out retrying after 30000ms: Expected to find element: `:nth-child(6) > #dropDown > #icon`, but never found it.",
                "estack": "AssertionError: Timed out retrying after 30000ms: Expected to find element: `:nth-child(6) > #dropDown > #icon`, but never found it.\n    at Context.eval (http://tumblr4u.eastus.cloudapp.azure.com/__cypress/tests?p=cypress\\integration\\logout.spec.js:115:8)",
                "diff": null
              },
              "uuid": "3c09edd6-a942-4a0f-9b05-6e72c77d39ff",
              "parentUUID": "75f98c2a-e1da-4626-8790-993d674de632",
              "isHook": false,
              "skipped": false
            }
          ],
          "suites": [],
          "passes": [],
          "failures": [
            "6ed1d7aa-944c-4053-817d-7faa077cb56e",
            "3c09edd6-a942-4a0f-9b05-6e72c77d39ff"
          ],
          "pending": [],
          "skipped": [],
          "duration": 76899,
          "root": false,
          "rootEmpty": false,
          "_timeout": 2000
        }
      ],
      "passes": [],
      "failures": [],
      "pending": [],
      "skipped": [],
      "duration": 0,
      "root": true,
      "rootEmpty": true,
      "_timeout": 2000
    },
    {
      "uuid": "8e40aad7-4488-461a-9ef1-88fad0a70b1d",
      "title": "",
      "fullFile": "cypress/integration/profile.spec.js",
      "file": "cypress/integration/profile.spec.js",
      "beforeHooks": [],
      "afterHooks": [],
      "tests": [],
      "suites": [
        {
          "uuid": "99112bfc-d7e7-4a01-a4cd-93acca1b7450",
          "title": "palette colours",
          "fullFile": "",
          "file": "",
          "beforeHooks": [],
          "afterHooks": [],
          "tests": [
            {
              "title": "changing palette mutiple times",
              "fullTitle": "palette colours changing palette mutiple times",
              "timedOut": null,
              "duration": 41349,
              "state": "failed",
              "speed": null,
              "pass": false,
              "fail": true,
              "pending": false,
              "context": null,
              "code": "cy.get('[aria-label=\"Account\"]').click();\nfor (var i = 0; i < 12; i++) {\n  cy.get('[aria-label=\"Change Palette\"]').click();\n}",
              "err": {
                "message": "AssertionError: Timed out retrying after 30000ms: Expected to find element: `[aria-label=\"Account\"]`, but never found it.",
                "estack": "AssertionError: Timed out retrying after 30000ms: Expected to find element: `[aria-label=\"Account\"]`, but never found it.\n    at Context.eval (http://tumblr4u.eastus.cloudapp.azure.com/__cypress/tests?p=cypress\\integration\\profile.spec.js:131:8)",
                "diff": null
              },
              "uuid": "54b7f516-9e37-43b6-bada-6796c8eb1ef2",
              "parentUUID": "99112bfc-d7e7-4a01-a4cd-93acca1b7450",
              "isHook": false,
              "skipped": false
            }
          ],
          "suites": [],
          "passes": [],
          "failures": [
            "54b7f516-9e37-43b6-bada-6796c8eb1ef2"
          ],
          "pending": [],
          "skipped": [],
          "duration": 41349,
          "root": false,
          "rootEmpty": false,
          "_timeout": 2000
        }
      ],
      "passes": [],
      "failures": [],
      "pending": [],
      "skipped": [],
      "duration": 0,
      "root": true,
      "rootEmpty": true,
      "_timeout": 2000
    },
    {
      "uuid": "79797981-cf2d-4c7e-8071-9f53d91eb26f",
      "title": "",
      "fullFile": "cypress/integration/search.spec.js",
      "file": "cypress/integration/search.spec.js",
      "beforeHooks": [],
      "afterHooks": [],
      "tests": [],
      "suites": [
        {
          "uuid": "cc98a3a2-e9d3-477b-8fe5-5e254541a60f",
          "title": "search tests before login",
          "fullFile": "",
          "file": "",
          "beforeHooks": [],
          "afterHooks": [],
          "tests": [
            {
              "title": "drop down menu interactions",
              "fullTitle": "search tests before login drop down menu interactions",
              "timedOut": null,
              "duration": 3394,
              "state": "passed",
              "speed": "fast",
              "pass": true,
              "fail": false,
              "pending": false,
              "context": null,
              "code": "cy.get('input[name=\"q\"]').click();\ncy.get('[aria-label = \"Search\"]').type('lol');\ncy.get('body').click(0, 0);\ncy.contains('lol').should('not.exist'); // cy\n// .get('[placeholder=\"Search\"]')\n// .click();\n// cy\n// .get('[placeholder=\"Search\"]')\n// .type('lol');\n// cy.get('body').click(0,0);\n// cy.contains('lol').should('not.exist');",
              "err": {},
              "uuid": "87df7742-4513-4d52-8c16-18983e5a1e5a",
              "parentUUID": "cc98a3a2-e9d3-477b-8fe5-5e254541a60f",
              "isHook": false,
              "skipped": false
            },
            {
              "title": "selecting a search element",
              "fullTitle": "search tests before login selecting a search element",
              "timedOut": null,
              "duration": 3372,
              "state": "passed",
              "speed": "fast",
              "pass": true,
              "fail": false,
              "pending": false,
              "context": null,
              "code": "// cy\n// .get('input[name=\"q\"]')\n// .click();\n// cy\n// .get('[aria-label = \"Search\"]')\n// .type('lol');\n// cy.get('.Mw2UR').get('[href=\"/tagged/lol\"]').click();\n// cy.url().should('include', '/tagged/lol');\n// cy.go('back');\n// cy\n// .get('input[name=\"q\"]')\n// .click();\n// cy\n// .get('[aria-label = \"Search\"]')\n// .type('lol');\n// cy.get('.Mw2UR').get('[href=\"/search/lol\"]').click();\n// cy.url().should('include', '/search/lol');\n// cy.go('back');\ncy.fixture('user').then(user => {\n  cy.get('[name=\"q\"]').click();\n  cy.get('[name=\"q\"]').type(user.users[3].keyword[0]);\n  var link = '/tagged/';\n  cy.get('.buDz_ .a8XCP:first').click();\n  link = link.concat(user.users[3].keyword[0]);\n  cy.url().should('include', link);\n  cy.go('back');\n  cy.get('[name=\"q\"]').click();\n  cy.get('[name=\"q\"]').type(user.users[3].keyword[0]);\n  cy.get('.buDz_:first:first').click();\n  link = '/search/';\n  link = link.concat(user.users[3].keyword[0]);\n  cy.url().should('include', link);\n  cy.go('back');\n});",
              "err": {},
              "uuid": "602aa2b4-c53b-4bc9-bd10-5cf3eecdfa8f",
              "parentUUID": "cc98a3a2-e9d3-477b-8fe5-5e254541a60f",
              "isHook": false,
              "skipped": false
            },
            {
              "title": "pressing enter without entering search keyword",
              "fullTitle": "search tests before login pressing enter without entering search keyword",
              "timedOut": null,
              "duration": 31425,
              "state": "failed",
              "speed": null,
              "pass": false,
              "fail": true,
              "pending": false,
              "context": null,
              "code": "// cy         \n// .get('input[name=\"q\"]')\n// .click();\n// cy\n// .get('input[name=\"q\"]')\n// .type('{enter}');\n// cy.url().should('include', '/explore/trending');\ncy.get('[placeholder=\"Search\"]').click();\ncy.get('[placeholder=\"Search\"]').type('{enter}');\ncy.url().should('include', '/explore/trending');",
              "err": {
                "message": "AssertionError: Timed out retrying after 30000ms: Expected to find element: `[placeholder=\"Search\"]`, but never found it.",
                "estack": "AssertionError: Timed out retrying after 30000ms: Expected to find element: `[placeholder=\"Search\"]`, but never found it.\n    at Context.eval (https://www.tumblr.com/__cypress/tests?p=cypress\\integration\\search.spec.js:165:8)",
                "diff": null
              },
              "uuid": "3a43e619-ddc3-4a8f-80ce-4c140c72862e",
              "parentUUID": "cc98a3a2-e9d3-477b-8fe5-5e254541a60f",
              "isHook": false,
              "skipped": false
            }
          ],
          "suites": [],
          "passes": [
            "87df7742-4513-4d52-8c16-18983e5a1e5a",
            "602aa2b4-c53b-4bc9-bd10-5cf3eecdfa8f"
          ],
          "failures": [
            "3a43e619-ddc3-4a8f-80ce-4c140c72862e"
          ],
          "pending": [],
          "skipped": [],
          "duration": 38191,
          "root": false,
          "rootEmpty": false,
          "_timeout": 2000
        },
        {
          "uuid": "1fdb1bcc-9b7d-42d5-8042-e0551647c1c2",
          "title": "search after logging in",
          "fullFile": "",
          "file": "",
          "beforeHooks": [],
          "afterHooks": [],
          "tests": [
            {
              "title": "search bar interactions",
              "fullTitle": "search after logging in search bar interactions",
              "timedOut": null,
              "duration": 39250,
              "state": "failed",
              "speed": null,
              "pass": false,
              "fail": true,
              "pending": false,
              "context": null,
              "code": "//cy.get('[aria-label=\"Search\"]').click();\n//cy.contains('.AzqQv').should('be.visible');\n//cy.get('a[aria-label=\"Home\"]').click();\n//cy.not.contains('.AzqQv');\ncy.get('#search').click();\ncy.get('.dropdown-list').should('be.visible');\ncy.get('a[href=\"/home\"][aria-current=\"page\"]').click({\n  multiple: true\n});\ncy.get('.dropdown-list').should('not.be.visible');",
              "err": {
                "message": "AssertionError: Timed out retrying after 30000ms: Expected to find element: `#search`, but never found it.",
                "estack": "AssertionError: Timed out retrying after 30000ms: Expected to find element: `#search`, but never found it.\n    at Context.eval (http://tumblr4u.eastus.cloudapp.azure.com/__cypress/tests?p=cypress\\integration\\search.spec.js:180:8)",
                "diff": null
              },
              "uuid": "faef38d7-1db3-4d1d-9cbf-67a7201caa8d",
              "parentUUID": "1fdb1bcc-9b7d-42d5-8042-e0551647c1c2",
              "isHook": false,
              "skipped": false
            },
            {
              "title": "searching for a sample post",
              "fullTitle": "search after logging in searching for a sample post",
              "timedOut": null,
              "duration": 14665,
              "state": "failed",
              "speed": null,
              "pass": false,
              "fail": true,
              "pending": false,
              "context": null,
              "code": "//     cy\n//     .get('input[name=\"q\"]')\n//     .click();\n//     cy\n//     .get('[aria-label = \"Search\"]')\n//     .type('lol');\n//     cy.get('.AzqQv').get('[href=\"/tagged/lol\"]').click();\n//     cy.url().should('include', '/tagged/lol');\n//     cy.go('back');\n//     cy\n//     .get('input[name=\"q\"]')\n//     .click();\n//     cy\n//     .get('[aria-label = \"Search\"]')\n//     .type('lol');\n//     cy.get('.AzqQv').get('[href=\"/search/lol\"]').click();\n//     cy.url().should('include', '/search/lol');\n//     cy.go('back');\n//     cy\n//     .get('input[name=\"q\"]')\n//     .click();\n//     cy\n//     .get('[aria-label = \"Search\"]')\n//     .type('lol');\n// cy\n//    .get('[aria-label = \"Search\"]')\n//      .type('{enter}');\n//       cy.url().should('include', '/search/lol');\n//     cy.go('back');\ncy.get('#search').click();\ncy.get('#search').type('lol');\ncy.get('.dropdown-list').contains('Go to #lol').click();\ncy.url().should('include', '/tagged/lol');\ncy.go('back');\ncy.get('#search').click();\ncy.get('#search').type('lol');\ncy.get('.dropdown-list').contains('Go to #lol').click();\ncy.url().should('include', '/search/lol');\ncy.go('back');\ncy.get('#search').click();\ncy.get('#search').type('lol');\ncy.get('#search').type('{enter}');\ncy.url().should('include', '/search/lol');\ncy.go('back');",
              "err": {
                "message": "CypressError: `cy.visit()` failed trying to load:\n\nhttp://tumblr4u.eastus.cloudapp.azure.com/\n\nWe attempted to make an http request to this URL but the request failed without a response.\n\nWe received this error at the network level:\n\n  > Error: connect ECONNREFUSED 40.117.131.185:80\n\nCommon situations why this would fail:\n  - you don't have internet access\n  - you forgot to run / boot your web server\n  - your web server isn't accessible\n  - you have weird network configuration settings on your computer\n\nBecause this error occurred during a `before each` hook we are skipping the remaining tests in the current suite: `search after logging in`",
                "estack": "CypressError: `cy.visit()` failed trying to load:\n\nhttp://tumblr4u.eastus.cloudapp.azure.com/\n\nWe attempted to make an http request to this URL but the request failed without a response.\n\nWe received this error at the network level:\n\n  > Error: connect ECONNREFUSED 40.117.131.185:80\n\nCommon situations why this would fail:\n  - you don't have internet access\n  - you forgot to run / boot your web server\n  - your web server isn't accessible\n  - you have weird network configuration settings on your computer\n\nBecause this error occurred during a `before each` hook we are skipping the remaining tests in the current suite: `search after logging in`\n    at http://tumblr4u.eastus.cloudapp.azure.com/__cypress/runner/cypress_runner.js:158279:82\n    at visitFailedByErr (http://tumblr4u.eastus.cloudapp.azure.com/__cypress/runner/cypress_runner.js:157632:12)\n    at http://tumblr4u.eastus.cloudapp.azure.com/__cypress/runner/cypress_runner.js:158278:11\n    at tryCatcher (http://tumblr4u.eastus.cloudapp.azure.com/__cypress/runner/cypress_runner.js:13196:23)\n    at Promise._settlePromiseFromHandler (http://tumblr4u.eastus.cloudapp.azure.com/__cypress/runner/cypress_runner.js:11131:31)\n    at Promise._settlePromise (http://tumblr4u.eastus.cloudapp.azure.com/__cypress/runner/cypress_runner.js:11188:18)\n    at Promise._settlePromise0 (http://tumblr4u.eastus.cloudapp.azure.com/__cypress/runner/cypress_runner.js:11233:10)\n    at Promise._settlePromises (http://tumblr4u.eastus.cloudapp.azure.com/__cypress/runner/cypress_runner.js:11309:18)\n    at _drainQueueStep (http://tumblr4u.eastus.cloudapp.azure.com/__cypress/runner/cypress_runner.js:7903:12)\n    at _drainQueue (http://tumblr4u.eastus.cloudapp.azure.com/__cypress/runner/cypress_runner.js:7896:9)\n    at Async.../../node_modules/bluebird/js/release/async.js.Async._drainQueues (http://tumblr4u.eastus.cloudapp.azure.com/__cypress/runner/cypress_runner.js:7912:5)\n    at Async.drainQueues (http://tumblr4u.eastus.cloudapp.azure.com/__cypress/runner/cypress_runner.js:7782:14)\nFrom Your Spec Code:\n    at HomePage.navigate (http://tumblr4u.eastus.cloudapp.azure.com/__cypress/tests?p=cypress\\integration\\search.spec.js:335:8)\n    at Context.eval (http://tumblr4u.eastus.cloudapp.azure.com/__cypress/tests?p=cypress\\integration\\search.spec.js:173:13)\n\nFrom Node.js Internals:\n  Error: connect ECONNREFUSED 40.117.131.185:80\n      at TCPConnectWrap.afterConnect [as oncomplete] (node:net:1142:16)\n  ",
                "diff": null
              },
              "uuid": "9cde984c-c68d-494c-9677-68efa3b840da",
              "parentUUID": "1fdb1bcc-9b7d-42d5-8042-e0551647c1c2",
              "isHook": false,
              "skipped": false
            },
            {
              "title": "pressing enter without typing a search keyword",
              "fullTitle": "search after logging in pressing enter without typing a search keyword",
              "timedOut": null,
              "duration": 0,
              "state": "skipped",
              "speed": null,
              "pass": false,
              "fail": false,
              "pending": false,
              "context": null,
              "code": "// cy\n// .get('input[name=\"q\"]')\n// .click();\n// cy\n// .get('input[name=\"q\"]')\n// .type('{enter}');\n// cy.url()\n// .should('include', '/explore/recommended-for-you');\ncy.get('#search').click();\ncy.get('#search').type('{enter}');\ncy.url().should('include', '/explore/recommended-for-you');",
              "err": {},
              "uuid": "488922c4-2620-40b9-b5d6-b8b123768cf9",
              "parentUUID": "1fdb1bcc-9b7d-42d5-8042-e0551647c1c2",
              "isHook": false,
              "skipped": true
            },
            {
              "title": "tags you follow dropping from search bar",
              "fullTitle": "search after logging in tags you follow dropping from search bar",
              "timedOut": null,
              "duration": 0,
              "state": "skipped",
              "speed": null,
              "pass": false,
              "fail": false,
              "pending": false,
              "context": null,
              "code": "// cy.fixture('user').then((user)=>{\n//     if(user.users[1].followedTags != [])\n//     {\n//         cy.log('lol');\n//         cy.get('[aria-label = \"Search\"]')\n//         .click();\n//         cy.get('.jV8QC').should('contain', user.users[1].followedTags[0]);\n//         var i;\n//         var len = user.users[1].followedTags.length;\n//         for (i = 0 ; i < len ; i++ )\n//         {\n//             cy.get('.jV8QC').should('contain', user.users[1].followedTags[i]);\n//         }\n//     }\n// });\ncy.fixture('user').then(user => {\n  if (user.users[2].followedTags != []) {\n    cy.log('lol');\n    cy.get('#search').click();\n    cy.get('.dropdown-list').should('contain', user.users[2].followedTags[0]);\n    var i;\n    var len = user.users[1].followedTags.length;\n    for (i = 0; i < len; i++) {\n      cy.get('.dropdown-list').should('contain', user.users[2].followedTags[i]);\n    }\n  }\n});",
              "err": {},
              "uuid": "81a1d95d-4b20-4c1d-b757-51c1735ccaa3",
              "parentUUID": "1fdb1bcc-9b7d-42d5-8042-e0551647c1c2",
              "isHook": false,
              "skipped": true
            },
            {
              "title": "asserting that posts under searched tag contains the tag",
              "fullTitle": "search after logging in asserting that posts under searched tag contains the tag",
              "timedOut": null,
              "duration": 0,
              "state": "skipped",
              "speed": null,
              "pass": false,
              "fail": false,
              "pending": false,
              "context": null,
              "code": "// cy.get('[aria-label = \"Search\"]')\n// .click();\n// cy.fixture('user').then((user)=>{\n// if(user.users[1].keyword != [])\n// {\n//     cy.get('[aria-label = \"Search\"]')\n//     .type(user.users[1].keyword[0]);\n//     cy.get('[aria-label = \"Search\"]')\n//     .type('{enter}');\n//     var tag = \"#\"\n//     var word =  user.users[1].keyword[0]\n//     var tag = tag.concat(word);\n//     cy.scrollTo('center', {ensureScrollable : false});\n//     cy.contains('tag').should('be.visible');\n// }\n// else\n// {\n//     cy.log (\" NO SEARCH KEYWORDS FOR THIS USER \");\n// }\n// });\ncy.get('#search').click();\ncy.fixture('user').then(user => {\n  if (user.users[2].keyword != []) {\n    cy.get('#search').type(user.users[2].keyword[0]);\n    cy.get('#search').type('{enter}');\n    var tag = \"#\";\n    var word = user.users[2].keyword[0];\n    var tag = tag.concat(word);\n    cy.scrollTo('center', {\n      ensureScrollable: false\n    });\n    cy.contains(tag).should('be.visible');\n  } else {\n    cy.log(\" NO SEARCH KEYWORDS FOR THIS USER \");\n  }\n});",
              "err": {},
              "uuid": "b68f7b00-63c4-4ace-8281-c47527fdc4e2",
              "parentUUID": "1fdb1bcc-9b7d-42d5-8042-e0551647c1c2",
              "isHook": false,
              "skipped": true
            }
          ],
          "suites": [],
          "passes": [],
          "failures": [
            "faef38d7-1db3-4d1d-9cbf-67a7201caa8d",
            "9cde984c-c68d-494c-9677-68efa3b840da"
          ],
          "pending": [],
          "skipped": [
            "488922c4-2620-40b9-b5d6-b8b123768cf9",
            "81a1d95d-4b20-4c1d-b757-51c1735ccaa3",
            "b68f7b00-63c4-4ace-8281-c47527fdc4e2"
          ],
          "duration": 53915,
          "root": false,
          "rootEmpty": false,
          "_timeout": 2000
        }
      ],
      "passes": [],
      "failures": [],
      "pending": [],
      "skipped": [],
      "duration": 0,
      "root": true,
      "rootEmpty": true,
      "_timeout": 2000
    },
    {
      "uuid": "e9092740-2054-4b05-9428-a456f7f06901",
      "title": "",
      "fullFile": "cypress/integration/signup.spec.js",
      "file": "cypress/integration/signup.spec.js",
      "beforeHooks": [],
      "afterHooks": [],
      "tests": [],
      "suites": [
        {
          "uuid": "65f4a391-ece9-4f6e-8de4-71a62af68235",
          "title": "signup",
          "fullFile": "",
          "file": "",
          "beforeHooks": [],
          "afterHooks": [],
          "tests": [
            {
              "title": "login button",
              "fullTitle": "signup login button",
              "timedOut": null,
              "duration": 14723,
              "state": "failed",
              "speed": null,
              "pass": false,
              "fail": true,
              "pending": false,
              "context": null,
              "code": "cy.get('[href=\"/signIn\"] > .btn').click();\ncy.url().should('include', '/signIn');",
              "err": {
                "message": "CypressError: `cy.visit()` failed trying to load:\n\nhttp://tumblr4u.eastus.cloudapp.azure.com/\n\nWe attempted to make an http request to this URL but the request failed without a response.\n\nWe received this error at the network level:\n\n  > Error: connect ECONNREFUSED 40.117.131.185:80\n\nCommon situations why this would fail:\n  - you don't have internet access\n  - you forgot to run / boot your web server\n  - your web server isn't accessible\n  - you have weird network configuration settings on your computer\n\nBecause this error occurred during a `before each` hook we are skipping the remaining tests in the current suite: `signup`",
                "estack": "CypressError: `cy.visit()` failed trying to load:\n\nhttp://tumblr4u.eastus.cloudapp.azure.com/\n\nWe attempted to make an http request to this URL but the request failed without a response.\n\nWe received this error at the network level:\n\n  > Error: connect ECONNREFUSED 40.117.131.185:80\n\nCommon situations why this would fail:\n  - you don't have internet access\n  - you forgot to run / boot your web server\n  - your web server isn't accessible\n  - you have weird network configuration settings on your computer\n\nBecause this error occurred during a `before each` hook we are skipping the remaining tests in the current suite: `signup`\n    at http://localhost:58564/__cypress/runner/cypress_runner.js:158279:82\n    at visitFailedByErr (http://localhost:58564/__cypress/runner/cypress_runner.js:157632:12)\n    at http://localhost:58564/__cypress/runner/cypress_runner.js:158278:11\n    at tryCatcher (http://localhost:58564/__cypress/runner/cypress_runner.js:13196:23)\n    at Promise._settlePromiseFromHandler (http://localhost:58564/__cypress/runner/cypress_runner.js:11131:31)\n    at Promise._settlePromise (http://localhost:58564/__cypress/runner/cypress_runner.js:11188:18)\n    at Promise._settlePromise0 (http://localhost:58564/__cypress/runner/cypress_runner.js:11233:10)\n    at Promise._settlePromises (http://localhost:58564/__cypress/runner/cypress_runner.js:11309:18)\n    at _drainQueueStep (http://localhost:58564/__cypress/runner/cypress_runner.js:7903:12)\n    at _drainQueue (http://localhost:58564/__cypress/runner/cypress_runner.js:7896:9)\n    at Async.../../node_modules/bluebird/js/release/async.js.Async._drainQueues (http://localhost:58564/__cypress/runner/cypress_runner.js:7912:5)\n    at Async.drainQueues (http://localhost:58564/__cypress/runner/cypress_runner.js:7782:14)\nFrom Your Spec Code:\n    at Context.eval (http://localhost:58564/__cypress/tests?p=cypress\\integration\\signup.spec.js:104:8)\n\nFrom Node.js Internals:\n  Error: connect ECONNREFUSED 40.117.131.185:80\n      at TCPConnectWrap.afterConnect [as oncomplete] (node:net:1142:16)\n  ",
                "diff": null
              },
              "uuid": "d90d2c4a-459f-4def-8980-e855398569b2",
              "parentUUID": "65f4a391-ece9-4f6e-8de4-71a62af68235",
              "isHook": false,
              "skipped": false
            },
            {
              "title": "when click on tumblr icon",
              "fullTitle": "signup when click on tumblr icon",
              "timedOut": null,
              "duration": 0,
              "state": "skipped",
              "speed": null,
              "pass": false,
              "fail": false,
              "pending": false,
              "context": null,
              "code": "cy.get('#TheHeader .navbar-brand').contains('T4U').click();\ncy.url().should('equal', 'http://tumblr4u.eastus.cloudapp.azure.com/trending');",
              "err": {},
              "uuid": "c31f2664-1760-42d1-89d1-eb51987bcd44",
              "parentUUID": "65f4a391-ece9-4f6e-8de4-71a62af68235",
              "isHook": false,
              "skipped": true
            },
            {
              "title": "empty email and empty password and empty blog name",
              "fullTitle": "signup empty email and empty password and empty blog name",
              "timedOut": null,
              "duration": 0,
              "state": "skipped",
              "speed": null,
              "pass": false,
              "fail": false,
              "pending": false,
              "context": null,
              "code": "cy.get('form > .btn').click();\ncy.get('.error').should('have.text', ' You do have to fill this stuff out, you know. ');",
              "err": {},
              "uuid": "1de1d1ec-f986-4b18-9087-00d5a86c7d28",
              "parentUUID": "65f4a391-ece9-4f6e-8de4-71a62af68235",
              "isHook": false,
              "skipped": true
            },
            {
              "title": "empty email and correct password and empty blog name",
              "fullTitle": "signup empty email and correct password and empty blog name",
              "timedOut": null,
              "duration": 0,
              "state": "skipped",
              "speed": null,
              "pass": false,
              "fail": false,
              "pending": false,
              "context": null,
              "code": "cy.get('#pass').type('y35SYi:7@+dK7J');\ncy.get('form > .btn').click();\ncy.get('.error').should('have.text', ' You forgot to enter your email! ');",
              "err": {},
              "uuid": "440875b8-37c2-493c-b1ee-92b03ef84771",
              "parentUUID": "65f4a391-ece9-4f6e-8de4-71a62af68235",
              "isHook": false,
              "skipped": true
            },
            {
              "title": "empty email and empty password and existing blog name",
              "fullTitle": "signup empty email and empty password and existing blog name",
              "timedOut": null,
              "duration": 0,
              "state": "skipped",
              "speed": null,
              "pass": false,
              "fail": false,
              "pending": false,
              "context": null,
              "code": "cy.get('#blog').type('new12');\ncy.get('form > .btn').click();\ncy.get('.error').should('have.text', ' You forgot to enter your email! ');",
              "err": {},
              "uuid": "d4cc410c-4849-46b5-a89b-d2d30a3d427e",
              "parentUUID": "65f4a391-ece9-4f6e-8de4-71a62af68235",
              "isHook": false,
              "skipped": true
            },
            {
              "title": "empty email and empty password and non existing blog name",
              "fullTitle": "signup empty email and empty password and non existing blog name",
              "timedOut": null,
              "duration": 0,
              "state": "skipped",
              "speed": null,
              "pass": false,
              "fail": false,
              "pending": false,
              "context": null,
              "code": "cy.get('#blog').type('qseeda1112');\ncy.get('form > .btn').click();\ncy.get('.error').should('have.text', ' You forgot to enter your email! ');",
              "err": {},
              "uuid": "2f6cc7ce-56f3-4c93-a0ce-530b5ba7dd7f",
              "parentUUID": "65f4a391-ece9-4f6e-8de4-71a62af68235",
              "isHook": false,
              "skipped": true
            },
            {
              "title": "non existing email and empty password and existing blog name",
              "fullTitle": "signup non existing email and empty password and existing blog name",
              "timedOut": null,
              "duration": 0,
              "state": "skipped",
              "speed": null,
              "pass": false,
              "fail": false,
              "pending": false,
              "context": null,
              "code": "cy.mailslurp().then(mailslurp => mailslurp.createInbox()).then(inbox => {\n  // save inbox id and email address to this (make sure you use function and not arrow syntax)\n  cy.wrap(inbox.id).as('inboxId');\n  cy.wrap(inbox.emailAddress).as('emailAddress');\n  cy.get('#email').type(inbox.emailAddress);\n  cy.get('#blog').type('qseeda');\n  cy.get('form > .btn').click();\n  cy.get('.error').should('have.text', ' You forgot to enter your password! ');\n});",
              "err": {},
              "uuid": "2b202797-5161-4d78-9d53-8321e6c6420a",
              "parentUUID": "65f4a391-ece9-4f6e-8de4-71a62af68235",
              "isHook": false,
              "skipped": true
            },
            {
              "title": "existing email and empty password and blog name",
              "fullTitle": "signup existing email and empty password and blog name",
              "timedOut": null,
              "duration": 0,
              "state": "skipped",
              "speed": null,
              "pass": false,
              "fail": false,
              "pending": false,
              "context": null,
              "code": "cy.get('#email').type('ahmedspiderman7@gmail.com');\ncy.get('#blog').type('qseeda');\ncy.get('form > .btn').click();\ncy.get('.error').should('have.text', ' You forgot to enter your password! ');",
              "err": {},
              "uuid": "d11db05e-349c-4aac-8448-80464ebfd417",
              "parentUUID": "65f4a391-ece9-4f6e-8de4-71a62af68235",
              "isHook": false,
              "skipped": true
            },
            {
              "title": "non existing email and incorrect(short password less than 8) password and existing blog name",
              "fullTitle": "signup non existing email and incorrect(short password less than 8) password and existing blog name",
              "timedOut": null,
              "duration": 0,
              "state": "skipped",
              "speed": null,
              "pass": false,
              "fail": false,
              "pending": false,
              "context": null,
              "code": "cy.mailslurp().then(mailslurp => mailslurp.createInbox()).then(inbox => {\n  // save inbox id and email address to this (make sure you use function and not arrow syntax)\n  cy.wrap(inbox.id).as('inboxId');\n  cy.wrap(inbox.emailAddress).as('emailAddress');\n  cy.get('#email').type(inbox.emailAddress);\n  cy.get('#pass').type('asdfg');\n  cy.get('#blog').type('new12');\n  cy.get('form > .btn').click();\n  cy.get('.error').should('have.text', ' The password should be minimum 8 characters length ');\n});",
              "err": {},
              "uuid": "cc23b361-7f0e-43b5-ba1a-8fb3418a7418",
              "parentUUID": "65f4a391-ece9-4f6e-8de4-71a62af68235",
              "isHook": false,
              "skipped": true
            },
            {
              "title": "non existing email and correct password and non existing blog name",
              "fullTitle": "signup non existing email and correct password and non existing blog name",
              "timedOut": null,
              "duration": 0,
              "state": "skipped",
              "speed": null,
              "pass": false,
              "fail": false,
              "pending": false,
              "context": null,
              "code": "cy.mailslurp().then(mailslurp => mailslurp.createInbox()).then(inbox => {\n  // save inbox id and email address to this (make sure you use function and not arrow syntax)\n  cy.wrap(inbox.id).as('inboxId');\n  cy.wrap(inbox.emailAddress).as('emailAddress');\n  cy.get('#email').type(inbox.emailAddress);\n  cy.get('#pass').type('y35SYi:7@+dK7J');\n  cy.get('#blog').type('w' + inbox.id.slice(0, 27));\n  cy.get('form > .btn').click();\n  cy.url().should('equal', 'http://tumblr4u.eastus.cloudapp.azure.com/age');\n});",
              "err": {},
              "uuid": "2cda6b7b-b98f-4fd4-9365-9ac556e130f1",
              "parentUUID": "65f4a391-ece9-4f6e-8de4-71a62af68235",
              "isHook": false,
              "skipped": true
            },
            {
              "title": "non existing email and correct password and non existing blog name but negative age",
              "fullTitle": "signup non existing email and correct password and non existing blog name but negative age",
              "timedOut": null,
              "duration": 0,
              "state": "skipped",
              "speed": null,
              "pass": false,
              "fail": false,
              "pending": false,
              "context": null,
              "code": "cy.mailslurp().then(mailslurp => mailslurp.createInbox()).then(inbox => {\n  // save inbox id and email address to this (make sure you use function and not arrow syntax)\n  cy.wrap(inbox.id).as('inboxId');\n  cy.wrap(inbox.emailAddress).as('emailAddress');\n  cy.get('#email').type(inbox.emailAddress);\n  cy.get('#pass').type('y35SYi:7@+dK7J');\n  cy.get('#blog').type('q' + inbox.id.slice(0, 27));\n  cy.get('form > .btn').click();\n  cy.get('.row .form-control').type('-1');\n  cy.get('.btn').contains('Next').click();\n  cy.get('.error').should('have.text', \"That is not a valid age\");\n});",
              "err": {},
              "uuid": "1bd50849-d1cc-4c8a-9405-53c4c1a37f46",
              "parentUUID": "65f4a391-ece9-4f6e-8de4-71a62af68235",
              "isHook": false,
              "skipped": true
            },
            {
              "title": "non existing email and correct password and non existing blog name but zero age",
              "fullTitle": "signup non existing email and correct password and non existing blog name but zero age",
              "timedOut": null,
              "duration": 0,
              "state": "skipped",
              "speed": null,
              "pass": false,
              "fail": false,
              "pending": false,
              "context": null,
              "code": "cy.mailslurp().then(mailslurp => mailslurp.createInbox()).then(inbox => {\n  // save inbox id and email address to this (make sure you use function and not arrow syntax)\n  cy.wrap(inbox.id).as('inboxId');\n  cy.wrap(inbox.emailAddress).as('emailAddress');\n  cy.get('#email').type(inbox.emailAddress);\n  cy.get('#pass').type('y35SYi:7@+dK7J');\n  cy.get('#blog').type('t' + inbox.id.slice(0, 27));\n  cy.get('form > .btn').click();\n  cy.get('.btn').contains('Next').click();\n  cy.get('.error').should('have.text', \"That is not a valid age\");\n});",
              "err": {},
              "uuid": "3db6edae-f7ca-40fc-9502-626e2b362338",
              "parentUUID": "65f4a391-ece9-4f6e-8de4-71a62af68235",
              "isHook": false,
              "skipped": true
            },
            {
              "title": "non existing email and correct password and non existing blog name and valid age",
              "fullTitle": "signup non existing email and correct password and non existing blog name and valid age",
              "timedOut": null,
              "duration": 0,
              "state": "skipped",
              "speed": null,
              "pass": false,
              "fail": false,
              "pending": false,
              "context": null,
              "code": "cy.mailslurp().then(mailslurp => mailslurp.createInbox()).then(inbox => {\n  // save inbox id and email address to this (make sure you use function and not arrow syntax)\n  cy.wrap(inbox.id).as('inboxId');\n  cy.wrap(inbox.emailAddress).as('emailAddress'); //\n  cy.get('#email').type(inbox.emailAddress);\n  cy.get('#pass').type('y35SYi:7@+dK7J');\n  cy.get('#blog').type('a' + inbox.id.slice(0, 27));\n  cy.get('form > .btn').click();\n  cy.get('.row .form-control').type('21');\n  cy.get('.btn').contains('Next').click();\n  cy.url().should('include', '/getting_to_know_tumblr');\n});",
              "err": {},
              "uuid": "bcf4af31-f772-47e4-bf1f-84d5ef1a5ab6",
              "parentUUID": "65f4a391-ece9-4f6e-8de4-71a62af68235",
              "isHook": false,
              "skipped": true
            },
            {
              "title": "non existing email and correct password and non existing blog name and valid age then skip button",
              "fullTitle": "signup non existing email and correct password and non existing blog name and valid age then skip button",
              "timedOut": null,
              "duration": 0,
              "state": "skipped",
              "speed": null,
              "pass": false,
              "fail": false,
              "pending": false,
              "context": null,
              "code": "cy.mailslurp().then(mailslurp => mailslurp.createInbox()).then(inbox => {\n  // save inbox id and email address to this (make sure you use function and not arrow syntax)\n  cy.wrap(inbox.id).as('inboxId');\n  cy.wrap(inbox.emailAddress).as('emailAddress'); //\n  cy.get('#email').type(inbox.emailAddress);\n  cy.get('#pass').type('y35SYi:7@+dK7J');\n  cy.get('#blog').type('y' + inbox.id.slice(0, 27));\n  cy.get('form > .btn').click();\n  cy.get('.row .form-control').type('21');\n  cy.get('.btn').contains('Next').click();\n  cy.get('.skipButton').click();\n  cy.url().should('include', 'http://tumblr4u.eastus.cloudapp.azure.com/home');\n});",
              "err": {},
              "uuid": "8697a819-18eb-40db-ac18-f8c5d10698d5",
              "parentUUID": "65f4a391-ece9-4f6e-8de4-71a62af68235",
              "isHook": false,
              "skipped": true
            }
          ],
          "suites": [],
          "passes": [],
          "failures": [
            "d90d2c4a-459f-4def-8980-e855398569b2"
          ],
          "pending": [],
          "skipped": [
            "c31f2664-1760-42d1-89d1-eb51987bcd44",
            "1de1d1ec-f986-4b18-9087-00d5a86c7d28",
            "440875b8-37c2-493c-b1ee-92b03ef84771",
            "d4cc410c-4849-46b5-a89b-d2d30a3d427e",
            "2f6cc7ce-56f3-4c93-a0ce-530b5ba7dd7f",
            "2b202797-5161-4d78-9d53-8321e6c6420a",
            "d11db05e-349c-4aac-8448-80464ebfd417",
            "cc23b361-7f0e-43b5-ba1a-8fb3418a7418",
            "2cda6b7b-b98f-4fd4-9365-9ac556e130f1",
            "1bd50849-d1cc-4c8a-9405-53c4c1a37f46",
            "3db6edae-f7ca-40fc-9502-626e2b362338",
            "bcf4af31-f772-47e4-bf1f-84d5ef1a5ab6",
            "8697a819-18eb-40db-ac18-f8c5d10698d5"
          ],
          "duration": 14723,
          "root": false,
          "rootEmpty": false,
          "_timeout": 2000
        }
      ],
      "passes": [],
      "failures": [],
      "pending": [],
      "skipped": [],
      "duration": 0,
      "root": true,
      "rootEmpty": true,
      "_timeout": 2000
    },
    {
      "uuid": "1d7b7425-5385-4d04-83b4-0059493241eb",
      "title": "",
      "fullFile": "cypress/integration/welcomepageassertion.spec.js",
      "file": "cypress/integration/welcomepageassertion.spec.js",
      "beforeHooks": [],
      "afterHooks": [],
      "tests": [],
      "suites": [
        {
          "uuid": "5f57af82-d8b4-4fd4-9076-5f71a90fb038",
          "title": "Welcome Page text assertions",
          "fullFile": "",
          "file": "",
          "beforeHooks": [],
          "afterHooks": [],
          "tests": [
            {
              "title": "1st panel texts test",
              "fullTitle": "Welcome Page text assertions 1st panel texts test",
              "timedOut": null,
              "duration": 7784,
              "state": "passed",
              "speed": "medium",
              "pass": true,
              "fail": false,
              "pending": false,
              "context": null,
              "code": "cy.get('.hello .Heading .bv-example-row.container .row').contains('Make stuff, look at stuff,').should('exist');\ncy.get('.Heading .bv-example-row.container .row').contains('talk about stuff, find your people.').should('exist');\ncy.get('.Heading .bv-example-row.container .row .privacy').contains('By continuing with the options below, you agree to Tumblr’s Terms of Service and have read the Privacy Policy').should('exist');\ncy.get('.Heading .bv-example-row.container .row').contains('Continue with Google').should('exist');\ncy.get('.Heading .bv-example-row.container .row').contains('Log in').should('exist');\ncy.get('.Heading .bv-example-row.container .row').contains('Sign up').should('exist');\ncy.get('.Heading .bv-example-row.container .row .privacy').contains('Terms').click();\ncy.visit('http://tumblr4u.eastus.cloudapp.azure.com/');\ncy.get('.Heading .bv-example-row.container .row .privacy').contains('Privacy').click();\ncy.visit('http://tumblr4u.eastus.cloudapp.azure.com/'); //TODO  buttons should be tested by click()",
              "err": {},
              "uuid": "d079422e-8e92-4c20-8ded-79c523116774",
              "parentUUID": "5f57af82-d8b4-4fd4-9076-5f71a90fb038",
              "isHook": false,
              "skipped": false
            },
            {
              "title": "1st panel texts test (still not finished)",
              "fullTitle": "Welcome Page text assertions 1st panel texts test (still not finished)",
              "timedOut": null,
              "duration": 31314,
              "state": "failed",
              "speed": null,
              "pass": false,
              "fail": true,
              "pending": false,
              "context": null,
              "code": "cy.get('.Heading .bv-example-row.container .row').contains(\"Here's what's trending\").should('exist');\ncy.get('.Heading .bv-example-row.container .row').contains('Continue with Apple').should('exist');\ncy.get('.bv-example-row.container').contains('Jobs').should('exist');\ncy.get('.bv-example-row.container').contains('Support').should('exist');",
              "err": {
                "message": "AssertionError: Timed out retrying after 30000ms: Expected to find content: 'Here's what's trending' within the element: <div.row> but never did.",
                "estack": "AssertionError: Timed out retrying after 30000ms: Expected to find content: 'Here's what's trending' within the element: <div.row> but never did.\n    at Context.eval (http://tumblr4u.eastus.cloudapp.azure.com/__cypress/tests?p=cypress\\integration\\welcomepageassertion.spec.js:116:90)",
                "diff": null
              },
              "uuid": "3afa72cd-9e2d-40ba-9450-ea5b0cb868f9",
              "parentUUID": "5f57af82-d8b4-4fd4-9076-5f71a90fb038",
              "isHook": false,
              "skipped": false
            },
            {
              "title": "2nd panel text test",
              "fullTitle": "Welcome Page text assertions 2nd panel text test",
              "timedOut": null,
              "duration": 32103,
              "state": "failed",
              "speed": null,
              "pass": false,
              "fail": true,
              "pending": false,
              "context": null,
              "code": "cy.get('.hello .hello .container-fluid').contains('What is Tumblr?').should('exist');\ncy.get('.hello .hello .container-fluid').contains('What is Tumblr?').click();\ncy.get('.hello .hello .container-fluid').contains('Tumblr is so easy to use that it’s hard to explain.').should('exist');\n/*cy\n    .get('section[id=\"Easy to use\"]')\n    .contains(\"We made it really, really simple for people to make a blog and put whatever they want on it. Stories, photos, GIFs, TV shows, links, quips, dumb jokes, smart jokes, Spotify tracks, mp3s, videos, fashion, art, deep stuff. Tumblr is 536 million different blogs, filled with literally whatever.\")\n    .should('exist');\n*/\n//NOTE: not so important",
              "err": {
                "message": "AssertionError: Timed out retrying after 30000ms: Expected to find content: 'What is Tumblr?' within the element: <div.container-fluid> but never did.",
                "estack": "AssertionError: Timed out retrying after 30000ms: Expected to find content: 'What is Tumblr?' within the element: <div.container-fluid> but never did.\n    at Context.eval (http://tumblr4u.eastus.cloudapp.azure.com/__cypress/tests?p=cypress\\integration\\welcomepageassertion.spec.js:122:74)",
                "diff": null
              },
              "uuid": "413641e2-8d63-4b92-b5a7-a257d21139c6",
              "parentUUID": "5f57af82-d8b4-4fd4-9076-5f71a90fb038",
              "isHook": false,
              "skipped": false
            },
            {
              "title": "3rd panel text tests",
              "fullTitle": "Welcome Page text assertions 3rd panel text tests",
              "timedOut": null,
              "duration": 31751,
              "state": "failed",
              "speed": null,
              "pass": false,
              "fail": true,
              "pending": false,
              "context": null,
              "code": "cy.get('.third .container-fluid').contains('Tumblr is blogs').should('exist');",
              "err": {
                "message": "AssertionError: Timed out retrying after 30000ms: Expected to find content: 'Tumblr is blogs' within the element: <div.container-fluid> but never did.",
                "estack": "AssertionError: Timed out retrying after 30000ms: Expected to find content: 'Tumblr is blogs' within the element: <div.container-fluid> but never did.\n    at Context.eval (http://tumblr4u.eastus.cloudapp.azure.com/__cypress/tests?p=cypress\\integration\\welcomepageassertion.spec.js:133:67)",
                "diff": null
              },
              "uuid": "01e21986-71f2-4326-9f7c-7e89188ad35d",
              "parentUUID": "5f57af82-d8b4-4fd4-9076-5f71a90fb038",
              "isHook": false,
              "skipped": false
            },
            {
              "title": "4th panel text tests",
              "fullTitle": "Welcome Page text assertions 4th panel text tests",
              "timedOut": null,
              "duration": 1961,
              "state": "passed",
              "speed": "fast",
              "pass": true,
              "fail": false,
              "pending": false,
              "context": null,
              "code": "cy.get('.fourth .container-fluid').contains('You already know how this works.').should('exist');",
              "err": {},
              "uuid": "d691f84b-65ee-42cb-9ba0-2c5787426aa7",
              "parentUUID": "5f57af82-d8b4-4fd4-9076-5f71a90fb038",
              "isHook": false,
              "skipped": false
            },
            {
              "title": "5th panel text tests",
              "fullTitle": "Welcome Page text assertions 5th panel text tests",
              "timedOut": null,
              "duration": 1053,
              "state": "passed",
              "speed": "fast",
              "pass": true,
              "fail": false,
              "pending": false,
              "context": null,
              "code": "cy.get('.fifth .container-fluid').contains('Seriously, put anything you want here.').should('exist');",
              "err": {},
              "uuid": "9e96f89b-d297-4c1e-bc4d-dd5625ef22c6",
              "parentUUID": "5f57af82-d8b4-4fd4-9076-5f71a90fb038",
              "isHook": false,
              "skipped": false
            },
            {
              "title": "last panel text tests",
              "fullTitle": "Welcome Page text assertions last panel text tests",
              "timedOut": null,
              "duration": 1262,
              "state": "passed",
              "speed": "fast",
              "pass": true,
              "fail": false,
              "pending": false,
              "context": null,
              "code": "cy.get('.last .bv-example-row.container').contains('Okay, it’s not actually hard to explain.').should('exist');\ncy.get('.last .bv-example-row.container .row').contains('Sign up').should('exist');\ncy.get('.last .bv-example-row.container .row').contains('Log in').should('exist');\ncy.get('.last .bv-example-row.container .row').contains('Log in').should('exist');\ncy.get('.last .bv-example-row.container .row').contains('By continuing with the options below, you agree to Tumblr’s Terms of Service and have read the Privacy Policy').should('exist');\ncy.get('.last .bv-example-row.container .row').contains('Continue with Google').should('exist');",
              "err": {},
              "uuid": "8270b203-26cf-4d77-a381-6369074f020b",
              "parentUUID": "5f57af82-d8b4-4fd4-9076-5f71a90fb038",
              "isHook": false,
              "skipped": false
            },
            {
              "title": "1st panel links tests",
              "fullTitle": "Welcome Page text assertions 1st panel links tests",
              "timedOut": null,
              "duration": 1509,
              "state": "failed",
              "speed": null,
              "pass": false,
              "fail": true,
              "pending": false,
              "context": null,
              "code": "cy.get('.hello .Heading').contains('Tumblr4U').click();\ncy.url().should('equal', 'http://tumblr4u.eastus.cloudapp.azure.com/'); //cy.get('section[id =\"Get started\"]').contains('Sign up').click();\n//cy.url().should('include', '/register');\n//cy.go('back');\ncy.get('.Heading .bv-example-row.container .row').contains('Continue with Google').click();\ncy.go('back');\ncy.get('.hello #TheHeader').contains('Log in').click();\ncy.url().should('include', '/signIn');\ncy.go('back');\ncy.get('.hello').get('#TheHeader').contains('Sign up').click();\ncy.url().should('include', '/signUp');\ncy.go('back');",
              "err": {
                "message": "SecurityError: Blocked a frame with origin \"http://tumblr4u.eastus.cloudapp.azure.com\" from accessing a cross-origin frame.",
                "estack": "SecurityError: Blocked a frame with origin \"http://tumblr4u.eastus.cloudapp.azure.com\" from accessing a cross-origin frame.\nError: Blocked a frame with origin \"http://tumblr4u.eastus.cloudapp.azure.com\" from accessing a cross-origin frame.\n    at setWindowDocumentProps (http://tumblr4u.eastus.cloudapp.azure.com/__cypress/runner/cypress_runner.js:171601:42)\n    at HTMLIFrameElement.<anonymous> (http://tumblr4u.eastus.cloudapp.azure.com/__cypress/runner/cypress_runner.js:171971:9)\n    at HTMLIFrameElement.dispatch (http://tumblr4u.eastus.cloudapp.azure.com/__cypress/runner/cypress_runner.js:112918:27)\n    at HTMLIFrameElement.elemData.handle (http://tumblr4u.eastus.cloudapp.azure.com/__cypress/runner/cypress_runner.js:112726:28)",
                "diff": null
              },
              "uuid": "c26894d2-2a0c-4edb-9592-424308453c1e",
              "parentUUID": "5f57af82-d8b4-4fd4-9076-5f71a90fb038",
              "isHook": false,
              "skipped": false
            },
            {
              "title": "1st panel links tests (not finished)",
              "fullTitle": "Welcome Page text assertions 1st panel links tests (not finished)",
              "timedOut": null,
              "duration": 32435,
              "state": "failed",
              "speed": null,
              "pass": false,
              "fail": true,
              "pending": false,
              "context": null,
              "code": "cy.get('.hello #TheHeader').contains('T4U').click();\ncy.url().should('equal', 'http://tumblr4u.eastus.cloudapp.azure.com/');\ncy.get('.Heading .bv-example-row container .row .privacy').contains('Terms of Service').click();\ncy.url().should('include', '/policy');\ncy.go('back');\ncy.get('.Heading .bv-example-row container .row .privacy').contains('Privacy Policy').click();\ncy.url().should('include', '/privacy');\ncy.go('back'); //privacy\n//policy\ncy.get('.Heading .bv-example-row container .row').contains(\"Here's what's trending\").click();\ncy.go('back');\ncy.get('.bv-example-row container').contains('Jobs').click();\ncy.url().should('include', '/policy/en/terms-of-service');\ncy.visit('http://tumblr4u.eastus.cloudapp.azure.com');\ncy.get('.bv-example-row container').contains('Support').click();\ncy.url().should('include', '/support');\ncy.visit('http://tumblr4u.eastus.cloudapp.azure.com');\ncy.get('.hello .bv-example-row container').contains('Posted by').click();\ncy.visit('http://tumblr4u.eastus.cloudapp.azure.com');",
              "err": {
                "message": "AssertionError: Timed out retrying after 30000ms: expected 'http://tumblr4u.eastus.cloudapp.azure.com/trending' to equal 'http://tumblr4u.eastus.cloudapp.azure.com/'",
                "estack": "AssertionError: Timed out retrying after 30000ms: expected 'http://tumblr4u.eastus.cloudapp.azure.com/trending' to equal 'http://tumblr4u.eastus.cloudapp.azure.com/'\n    at Context.eval (http://tumblr4u.eastus.cloudapp.azure.com/__cypress/tests?p=cypress\\integration\\welcomepageassertion.spec.js:166:14)",
                "diff": "- 'http://tumblr4u.eastus.cloudapp.azure.com/trending'\n+ 'http://tumblr4u.eastus.cloudapp.azure.com/'\n"
              },
              "uuid": "db04a754-0ca4-4b3e-9f5e-5cc7d86520db",
              "parentUUID": "5f57af82-d8b4-4fd4-9076-5f71a90fb038",
              "isHook": false,
              "skipped": false
            }
          ],
          "suites": [],
          "passes": [
            "d079422e-8e92-4c20-8ded-79c523116774",
            "d691f84b-65ee-42cb-9ba0-2c5787426aa7",
            "9e96f89b-d297-4c1e-bc4d-dd5625ef22c6",
            "8270b203-26cf-4d77-a381-6369074f020b"
          ],
          "failures": [
            "3afa72cd-9e2d-40ba-9450-ea5b0cb868f9",
            "413641e2-8d63-4b92-b5a7-a257d21139c6",
            "01e21986-71f2-4326-9f7c-7e89188ad35d",
            "c26894d2-2a0c-4edb-9592-424308453c1e",
            "db04a754-0ca4-4b3e-9f5e-5cc7d86520db"
          ],
          "pending": [],
          "skipped": [],
          "duration": 141172,
          "root": false,
          "rootEmpty": false,
          "_timeout": 2000
        }
      ],
      "passes": [],
      "failures": [],
      "pending": [],
      "skipped": [],
      "duration": 0,
      "root": true,
      "rootEmpty": true,
      "_timeout": 2000
    }
  ],
  "meta": {
    "mocha": {
      "version": "7.0.1"
    },
    "mochawesome": {
      "options": {
        "quiet": false,
        "reportFilename": "mochawesome",
        "saveHtml": true,
        "saveJson": true,
        "consoleReporter": "spec",
        "useInlineDiffs": false,
        "code": true
      },
      "version": "7.0.1"
    },
    "marge": {
      "options": {
        "id": "default",
        "reportDir": "cypress/reports/mocha",
        "quite": true,
        "overwrite": false,
        "video": false,
        "html": true,
        "json": true
      },
      "version": "6.0.1"
    }
  }
}