{
  "stats": {
    "suites": 3,
    "tests": 36,
    "passes": 20,
    "pending": 0,
    "failures": 16,
    "start": "2021-12-10T19:19:27.929Z",
    "end": "2021-12-10T19:29:31.517Z",
    "duration": 546731,
    "testsRegistered": 36,
    "passPercent": 55.55555555555556,
    "pendingPercent": 0,
    "other": 0,
    "hasOther": false,
    "skipped": 0,
    "hasSkipped": false
  },
  "results": [
    {
      "uuid": "ae26e16c-f175-4a56-ab2b-ed6cede2ce66",
      "title": "",
      "fullFile": "cypress/integration/signup.spec.js",
      "file": "cypress/integration/signup.spec.js",
      "beforeHooks": [],
      "afterHooks": [],
      "tests": [],
      "suites": [
        {
          "uuid": "1e271b56-6cf3-458b-b14a-11a83528bf91",
          "title": "signup",
          "fullFile": "",
          "file": "",
          "beforeHooks": [],
          "afterHooks": [],
          "tests": [
            {
              "title": "login button",
              "fullTitle": "signup login button",
              "timedOut": null,
              "duration": 3486,
              "state": "passed",
              "speed": "fast",
              "pass": true,
              "fail": false,
              "pending": false,
              "context": null,
              "code": "cy.get('[href=\"/signIn\"] > .btn').click();\ncy.url().should('include', '/signIn');",
              "err": {},
              "uuid": "381020ed-345a-4b94-8018-2fb9108bd001",
              "parentUUID": "1e271b56-6cf3-458b-b14a-11a83528bf91",
              "isHook": false,
              "skipped": false
            },
            {
              "title": "when click on tumblr it goes to tumblr welcome page",
              "fullTitle": "signup when click on tumblr it goes to tumblr welcome page",
              "timedOut": null,
              "duration": 31200,
              "state": "failed",
              "speed": null,
              "pass": false,
              "fail": true,
              "pending": false,
              "context": null,
              "code": "cy.get('#app .root .Main').contains('Tumblr4U').click();\ncy.url().should('equal', 'http://tumblr4u.eastus.cloudapp.azure.com/');",
              "err": {
                "message": "AssertionError: Timed out retrying after 30000ms: expected 'http://tumblr4u.eastus.cloudapp.azure.com/signUp' to equal 'http://tumblr4u.eastus.cloudapp.azure.com/'",
                "estack": "AssertionError: Timed out retrying after 30000ms: expected 'http://tumblr4u.eastus.cloudapp.azure.com/signUp' to equal 'http://tumblr4u.eastus.cloudapp.azure.com/'\n    at Context.eval (http://tumblr4u.eastus.cloudapp.azure.com/__cypress/tests?p=cypress\\integration\\signup.spec.js:162:14)",
                "diff": "- 'http://tumblr4u.eastus.cloudapp.azure.com/signUp'\n+ 'http://tumblr4u.eastus.cloudapp.azure.com/'\n"
              },
              "uuid": "83aae320-503e-4d78-a1fd-fbf1aee8c5d9",
              "parentUUID": "1e271b56-6cf3-458b-b14a-11a83528bf91",
              "isHook": false,
              "skipped": false
            },
            {
              "title": "when click on tumblr icon it goes to tumblr welcome page",
              "fullTitle": "signup when click on tumblr icon it goes to tumblr welcome page",
              "timedOut": null,
              "duration": 31483,
              "state": "failed",
              "speed": null,
              "pass": false,
              "fail": true,
              "pending": false,
              "context": null,
              "code": "cy.get('#TheHeader .navbar-brand').contains('T4U').click();\ncy.url().should('equal', 'http://tumblr4u.eastus.cloudapp.azure.com/');",
              "err": {
                "message": "AssertionError: Timed out retrying after 30000ms: expected 'http://tumblr4u.eastus.cloudapp.azure.com/home' to equal 'http://tumblr4u.eastus.cloudapp.azure.com/'",
                "estack": "AssertionError: Timed out retrying after 30000ms: expected 'http://tumblr4u.eastus.cloudapp.azure.com/home' to equal 'http://tumblr4u.eastus.cloudapp.azure.com/'\n    at Context.eval (http://tumblr4u.eastus.cloudapp.azure.com/__cypress/tests?p=cypress\\integration\\signup.spec.js:166:14)",
                "diff": "- 'http://tumblr4u.eastus.cloudapp.azure.com/home'\n+ 'http://tumblr4u.eastus.cloudapp.azure.com/'\n"
              },
              "uuid": "0134273a-ddaf-490c-98ee-48e3955e35d7",
              "parentUUID": "1e271b56-6cf3-458b-b14a-11a83528bf91",
              "isHook": false,
              "skipped": false
            },
            {
              "title": "empty email and empty password and empty blog name",
              "fullTitle": "signup empty email and empty password and empty blog name",
              "timedOut": null,
              "duration": 2171,
              "state": "passed",
              "speed": "fast",
              "pass": true,
              "fail": false,
              "pending": false,
              "context": null,
              "code": "cy.get('form > .btn').click();\ncy.get('.error').should('have.text', 'please Fill all inputs.');",
              "err": {},
              "uuid": "5b6b3e78-daca-4c4e-a9bd-a3174ccc7211",
              "parentUUID": "1e271b56-6cf3-458b-b14a-11a83528bf91",
              "isHook": false,
              "skipped": false
            },
            {
              "title": "empty email and correct password and empty blog name",
              "fullTitle": "signup empty email and correct password and empty blog name",
              "timedOut": null,
              "duration": 2549,
              "state": "passed",
              "speed": "fast",
              "pass": true,
              "fail": false,
              "pending": false,
              "context": null,
              "code": "cy.get('#pass').type('y35SYi:7@+dK7J');\ncy.get('form > .btn').click();\ncy.get('.error').should('have.text', 'please Fill all inputs.');",
              "err": {},
              "uuid": "9a264755-ceb8-45d8-8c44-ff7c3f1b9327",
              "parentUUID": "1e271b56-6cf3-458b-b14a-11a83528bf91",
              "isHook": false,
              "skipped": false
            },
            {
              "title": "empty email and empty password and existing blog name",
              "fullTitle": "signup empty email and empty password and existing blog name",
              "timedOut": null,
              "duration": 2417,
              "state": "passed",
              "speed": "fast",
              "pass": true,
              "fail": false,
              "pending": false,
              "context": null,
              "code": "cy.get('#blog').type('emademad');\ncy.get('form > .btn').click();\ncy.get('.error').should('have.text', 'please Fill all inputs.');",
              "err": {},
              "uuid": "8bbab2e1-d775-43df-996a-9b7f67d6c812",
              "parentUUID": "1e271b56-6cf3-458b-b14a-11a83528bf91",
              "isHook": false,
              "skipped": false
            },
            {
              "title": "empty email and empty password and non existing blog name",
              "fullTitle": "signup empty email and empty password and non existing blog name",
              "timedOut": null,
              "duration": 2496,
              "state": "passed",
              "speed": "fast",
              "pass": true,
              "fail": false,
              "pending": false,
              "context": null,
              "code": "cy.get('#blog').type('qseeda1112');\ncy.get('form > .btn').click();\ncy.get('.error').should('have.text', 'please Fill all inputs.');",
              "err": {},
              "uuid": "9d745ed1-0948-4353-8d7f-95be572d9584",
              "parentUUID": "1e271b56-6cf3-458b-b14a-11a83528bf91",
              "isHook": false,
              "skipped": false
            },
            {
              "title": "non existing email and empty password and existing blog name",
              "fullTitle": "signup non existing email and empty password and existing blog name",
              "timedOut": null,
              "duration": 6109,
              "state": "passed",
              "speed": "medium",
              "pass": true,
              "fail": false,
              "pending": false,
              "context": null,
              "code": "cy.mailslurp().then(mailslurp => mailslurp.createInbox()).then(inbox => {\n  // save inbox id and email address to this (make sure you use function and not arrow syntax)\n  cy.wrap(inbox.id).as('inboxId');\n  cy.wrap(inbox.emailAddress).as('emailAddress');\n  cy.get('#inputemail').type(inbox.emailAddress);\n  cy.get('#blog').type('qseeda');\n  cy.get('form > .btn').click();\n  cy.get('.error').should('have.text', 'please Fill all inputs.');\n});",
              "err": {},
              "uuid": "8f82a4af-ee59-4eb9-a099-ae9fc8136c13",
              "parentUUID": "1e271b56-6cf3-458b-b14a-11a83528bf91",
              "isHook": false,
              "skipped": false
            },
            {
              "title": "existing email and empty password and blog name",
              "fullTitle": "signup existing email and empty password and blog name",
              "timedOut": null,
              "duration": 3309,
              "state": "passed",
              "speed": "fast",
              "pass": true,
              "fail": false,
              "pending": false,
              "context": null,
              "code": "cy.get('#inputemail').type('ahmedspiderman7@gmail.com');\ncy.get('#blog').type('qseeda');\ncy.get('form > .btn').click();\ncy.get('.error').should('have.text', 'please Fill all inputs.');",
              "err": {},
              "uuid": "f7bee13b-91f2-40dd-b5c6-80c6d63a4bca",
              "parentUUID": "1e271b56-6cf3-458b-b14a-11a83528bf91",
              "isHook": false,
              "skipped": false
            },
            {
              "title": "non existing email and incorrect(short password less than 8) password and existing blog name",
              "fullTitle": "signup non existing email and incorrect(short password less than 8) password and existing blog name",
              "timedOut": null,
              "duration": 3898,
              "state": "passed",
              "speed": "fast",
              "pass": true,
              "fail": false,
              "pending": false,
              "context": null,
              "code": "cy.mailslurp().then(mailslurp => mailslurp.createInbox()).then(inbox => {\n  // save inbox id and email address to this (make sure you use function and not arrow syntax)\n  cy.wrap(inbox.id).as('inboxId');\n  cy.wrap(inbox.emailAddress).as('emailAddress');\n  cy.get('#inputemail').type(inbox.emailAddress);\n  cy.get('#pass').type('asdfg');\n  cy.get('#blog').type('qseeda');\n  cy.get('form > .btn').click();\n  cy.get('.error').should('have.text', 'The password should be between 8 : 15 charachters.');\n});",
              "err": {},
              "uuid": "1b8f114c-cbf9-46c6-818f-7debd6e010e1",
              "parentUUID": "1e271b56-6cf3-458b-b14a-11a83528bf91",
              "isHook": false,
              "skipped": false
            },
            {
              "title": "non existing email and correct password and existing blog name",
              "fullTitle": "signup non existing email and correct password and existing blog name",
              "timedOut": null,
              "duration": 35248,
              "state": "failed",
              "speed": null,
              "pass": false,
              "fail": true,
              "pending": false,
              "context": null,
              "code": "cy.mailslurp().then(mailslurp => mailslurp.createInbox()).then(inbox => {\n  // save inbox id and email address to this (make sure you use function and not arrow syntax)\n  cy.wrap(inbox.id).as('inboxId');\n  cy.wrap(inbox.emailAddress).as('emailAddress');\n  cy.get('#inputemail').type(inbox.emailAddress);\n  cy.get('#pass').type('y35SYi:7@+dK7J');\n  cy.get('#blog').type('emademad');\n  cy.get('form > .btn').click();\n  cy.get('.erroe').should('have.text', \"That's a good blog name, but it's taken.\");\n});",
              "err": {
                "message": "AssertionError: Timed out retrying after 30000ms: Expected to find element: `.erroe`, but never found it.",
                "estack": "AssertionError: Timed out retrying after 30000ms: Expected to find element: `.erroe`, but never found it.\n    at Context.eval (http://tumblr4u.eastus.cloudapp.azure.com/__cypress/tests?p=cypress\\integration\\signup.spec.js:225:24)",
                "diff": null
              },
              "uuid": "57f19b19-2bd4-4566-abd8-c384e439b879",
              "parentUUID": "1e271b56-6cf3-458b-b14a-11a83528bf91",
              "isHook": false,
              "skipped": false
            },
            {
              "title": "existing email and password and blog name",
              "fullTitle": "signup existing email and password and blog name",
              "timedOut": null,
              "duration": 34753,
              "state": "failed",
              "speed": null,
              "pass": false,
              "fail": true,
              "pending": false,
              "context": null,
              "code": "cy.get('#inputemail').type('ahmedspiderman7@gmail.com');\ncy.get('#pass').type('assdfghjkltr');\ncy.get('#blog').type('qseeda');\ncy.get('form > .btn').click();\ncy.get('.error').should('have.text', 'This email address is already in use.');",
              "err": {
                "message": "AssertionError: Timed out retrying after 30000ms: Expected to find element: `.error`, but never found it.",
                "estack": "AssertionError: Timed out retrying after 30000ms: Expected to find element: `.error`, but never found it.\n    at Context.eval (http://tumblr4u.eastus.cloudapp.azure.com/__cypress/tests?p=cypress\\integration\\signup.spec.js:233:22)",
                "diff": null
              },
              "uuid": "14217e2c-9d7d-4273-bc88-59e7f5da33e5",
              "parentUUID": "1e271b56-6cf3-458b-b14a-11a83528bf91",
              "isHook": false,
              "skipped": false
            },
            {
              "title": "non existing email and correct password and existing blog name",
              "fullTitle": "signup non existing email and correct password and existing blog name",
              "timedOut": null,
              "duration": 35868,
              "state": "failed",
              "speed": null,
              "pass": false,
              "fail": true,
              "pending": false,
              "context": null,
              "code": "cy.mailslurp().then(mailslurp => mailslurp.createInbox()).then(inbox => {\n  // save inbox id and email address to this (make sure you use function and not arrow syntax)\n  cy.wrap(inbox.id).as('inboxId');\n  cy.wrap(inbox.emailAddress).as('emailAddress');\n  cy.get('#inputemail').type(inbox.emailAddress);\n  cy.get('#pass').type('y35SYi:7@+dK7J');\n  cy.get('#blog').type('emademad');\n  cy.get('form > .btn').click();\n  cy.get('.error').should('have.text', \"That's a good blog name, but it's taken.\");\n});",
              "err": {
                "message": "AssertionError: Timed out retrying after 30000ms: Expected to find element: `.error`, but never found it.",
                "estack": "AssertionError: Timed out retrying after 30000ms: Expected to find element: `.error`, but never found it.\n    at Context.eval (http://tumblr4u.eastus.cloudapp.azure.com/__cypress/tests?p=cypress\\integration\\signup.spec.js:244:24)",
                "diff": null
              },
              "uuid": "7e8d9d11-d863-4419-af4e-f783dc27b104",
              "parentUUID": "1e271b56-6cf3-458b-b14a-11a83528bf91",
              "isHook": false,
              "skipped": false
            },
            {
              "title": "non existing email and correct password and non existing blog name",
              "fullTitle": "signup non existing email and correct password and non existing blog name",
              "timedOut": null,
              "duration": 6431,
              "state": "passed",
              "speed": "medium",
              "pass": true,
              "fail": false,
              "pending": false,
              "context": null,
              "code": "cy.mailslurp().then(mailslurp => mailslurp.createInbox()).then(inbox => {\n  // save inbox id and email address to this (make sure you use function and not arrow syntax)\n  cy.wrap(inbox.id).as('inboxId');\n  cy.wrap(inbox.emailAddress).as('emailAddress');\n  cy.get('#inputemail').type(inbox.emailAddress);\n  cy.get('#pass').type('y35SYi:7@+dK7J');\n  cy.get('#blog').type('w' + inbox.id.slice(0, 27));\n  cy.get('form > .btn').click();\n  cy.url().should('equal', 'http://tumblr4u.eastus.cloudapp.azure.com/home');\n});",
              "err": {},
              "uuid": "2f2773b2-2ac2-4f53-8f0b-0210f1a65c84",
              "parentUUID": "1e271b56-6cf3-458b-b14a-11a83528bf91",
              "isHook": false,
              "skipped": false
            }
          ],
          "suites": [],
          "passes": [
            "381020ed-345a-4b94-8018-2fb9108bd001",
            "5b6b3e78-daca-4c4e-a9bd-a3174ccc7211",
            "9a264755-ceb8-45d8-8c44-ff7c3f1b9327",
            "8bbab2e1-d775-43df-996a-9b7f67d6c812",
            "9d745ed1-0948-4353-8d7f-95be572d9584",
            "8f82a4af-ee59-4eb9-a099-ae9fc8136c13",
            "f7bee13b-91f2-40dd-b5c6-80c6d63a4bca",
            "1b8f114c-cbf9-46c6-818f-7debd6e010e1",
            "2f2773b2-2ac2-4f53-8f0b-0210f1a65c84"
          ],
          "failures": [
            "83aae320-503e-4d78-a1fd-fbf1aee8c5d9",
            "0134273a-ddaf-490c-98ee-48e3955e35d7",
            "57f19b19-2bd4-4566-abd8-c384e439b879",
            "14217e2c-9d7d-4273-bc88-59e7f5da33e5",
            "7e8d9d11-d863-4419-af4e-f783dc27b104"
          ],
          "pending": [],
          "skipped": [],
          "duration": 201418,
          "root": false,
          "rootEmpty": false,
          "_timeout": 2000
        }
      ],
      "passes": [],
      "failures": [],
      "pending": [],
      "skipped": [],
      "duration": 0,
      "root": true,
      "rootEmpty": true,
      "_timeout": 2000
    },
    {
      "uuid": "5f85eab8-4d2c-4800-940e-740c090a4745",
      "title": "",
      "fullFile": "cypress/integration/welcomepageassertion.spec.js",
      "file": "cypress/integration/welcomepageassertion.spec.js",
      "beforeHooks": [],
      "afterHooks": [],
      "tests": [],
      "suites": [
        {
          "uuid": "f91c5153-9fb2-4355-b100-15218d873194",
          "title": "Welcome Page text assertions",
          "fullFile": "",
          "file": "",
          "beforeHooks": [],
          "afterHooks": [],
          "tests": [
            {
              "title": "1st panel texts test",
              "fullTitle": "Welcome Page text assertions 1st panel texts test",
              "timedOut": null,
              "duration": 6393,
              "state": "passed",
              "speed": "medium",
              "pass": true,
              "fail": false,
              "pending": false,
              "context": null,
              "code": "cy.get('.hello .Heading .bv-example-row.container .row').contains('Make stuff, look at stuff,').should('exist');\ncy.get('.Heading .bv-example-row.container .row').contains('talk about stuff, find your people.').should('exist');\ncy.get('.Heading .bv-example-row.container .row .privacy').contains('By continuing with the options below, you agree to Tumblr’s Terms of Service and have read the Privacy Policy').should('exist');\ncy.get('.Heading .bv-example-row.container .row').contains('Continue with Google').should('exist');\ncy.get('.Heading .bv-example-row.container .row').contains('Log in').should('exist');\ncy.get('.Heading .bv-example-row.container .row').contains('Sign up').should('exist');\ncy.get('.Heading .bv-example-row.container .row .privacy').contains('Terms').click();\ncy.visit('http://tumblr4u.eastus.cloudapp.azure.com/');\ncy.get('.Heading .bv-example-row.container .row .privacy').contains('Privacy').click();\ncy.visit('http://tumblr4u.eastus.cloudapp.azure.com/'); //TODO  buttons should be tested by click()",
              "err": {},
              "uuid": "c979cb33-abd5-48d5-a034-f798f3e2f142",
              "parentUUID": "f91c5153-9fb2-4355-b100-15218d873194",
              "isHook": false,
              "skipped": false
            },
            {
              "title": "1st panel texts test (still not finished)",
              "fullTitle": "Welcome Page text assertions 1st panel texts test (still not finished)",
              "timedOut": null,
              "duration": 32025,
              "state": "failed",
              "speed": null,
              "pass": false,
              "fail": true,
              "pending": false,
              "context": null,
              "code": "cy.get('.Heading .bv-example-row.container .row').contains(\"Here's what's trending\").should('exist');\ncy.get('.Heading .bv-example-row.container .row').contains('Continue with Apple').should('exist');\ncy.get('.bv-example-row.container').contains('Jobs').should('exist');\ncy.get('.bv-example-row.container').contains('Support').should('exist');",
              "err": {
                "message": "AssertionError: Timed out retrying after 30000ms: Expected to find content: 'Here's what's trending' within the element: <div.row> but never did.",
                "estack": "AssertionError: Timed out retrying after 30000ms: Expected to find content: 'Here's what's trending' within the element: <div.row> but never did.\n    at Context.eval (http://tumblr4u.eastus.cloudapp.azure.com/__cypress/tests?p=cypress\\integration\\welcomepageassertion.spec.js:118:90)",
                "diff": null
              },
              "uuid": "828bcdc6-c6c4-4622-be46-522aca242bb7",
              "parentUUID": "f91c5153-9fb2-4355-b100-15218d873194",
              "isHook": false,
              "skipped": false
            },
            {
              "title": "2nd panel text test",
              "fullTitle": "Welcome Page text assertions 2nd panel text test",
              "timedOut": null,
              "duration": 32301,
              "state": "failed",
              "speed": null,
              "pass": false,
              "fail": true,
              "pending": false,
              "context": null,
              "code": "cy.get('.hello .hello .container-fluid').contains('What is Tumblr?').should('exist');\ncy.get('.hello .hello .container-fluid').contains('What is Tumblr?').click();\ncy.get('.hello .hello .container-fluid').contains('Tumblr is so easy to use that it’s hard to explain.').should('exist');\n/*cy\n    .get('section[id=\"Easy to use\"]')\n    .contains(\"We made it really, really simple for people to make a blog and put whatever they want on it. Stories, photos, GIFs, TV shows, links, quips, dumb jokes, smart jokes, Spotify tracks, mp3s, videos, fashion, art, deep stuff. Tumblr is 536 million different blogs, filled with literally whatever.\")\n    .should('exist');\n*/\n//NOTE: not so important",
              "err": {
                "message": "AssertionError: Timed out retrying after 30000ms: Expected to find content: 'What is Tumblr?' within the element: <div.container-fluid> but never did.",
                "estack": "AssertionError: Timed out retrying after 30000ms: Expected to find content: 'What is Tumblr?' within the element: <div.container-fluid> but never did.\n    at Context.eval (http://tumblr4u.eastus.cloudapp.azure.com/__cypress/tests?p=cypress\\integration\\welcomepageassertion.spec.js:124:74)",
                "diff": null
              },
              "uuid": "13f6dce3-e604-470c-a063-9294a07a256b",
              "parentUUID": "f91c5153-9fb2-4355-b100-15218d873194",
              "isHook": false,
              "skipped": false
            },
            {
              "title": "3rd panel text tests",
              "fullTitle": "Welcome Page text assertions 3rd panel text tests",
              "timedOut": null,
              "duration": 32212,
              "state": "failed",
              "speed": null,
              "pass": false,
              "fail": true,
              "pending": false,
              "context": null,
              "code": "cy.get('.third .container-fluid').contains('Tumblr is blogs').should('exist');",
              "err": {
                "message": "AssertionError: Timed out retrying after 30000ms: Expected to find content: 'Tumblr is blogs' within the element: <div.container-fluid> but never did.",
                "estack": "AssertionError: Timed out retrying after 30000ms: Expected to find content: 'Tumblr is blogs' within the element: <div.container-fluid> but never did.\n    at Context.eval (http://tumblr4u.eastus.cloudapp.azure.com/__cypress/tests?p=cypress\\integration\\welcomepageassertion.spec.js:135:67)",
                "diff": null
              },
              "uuid": "a8724369-97f1-47bd-9043-769585b3cac4",
              "parentUUID": "f91c5153-9fb2-4355-b100-15218d873194",
              "isHook": false,
              "skipped": false
            },
            {
              "title": "4th panel text tests",
              "fullTitle": "Welcome Page text assertions 4th panel text tests",
              "timedOut": null,
              "duration": 1828,
              "state": "passed",
              "speed": "fast",
              "pass": true,
              "fail": false,
              "pending": false,
              "context": null,
              "code": "cy.get('.fourth .container-fluid').contains('You already know how this works.').should('exist');",
              "err": {},
              "uuid": "a926d160-695d-43d5-a737-4c9be6696e68",
              "parentUUID": "f91c5153-9fb2-4355-b100-15218d873194",
              "isHook": false,
              "skipped": false
            },
            {
              "title": "5th panel text tests",
              "fullTitle": "Welcome Page text assertions 5th panel text tests",
              "timedOut": null,
              "duration": 1320,
              "state": "passed",
              "speed": "fast",
              "pass": true,
              "fail": false,
              "pending": false,
              "context": null,
              "code": "cy.get('.fifth .container-fluid').contains('Seriously, put anything you want here.').should('exist');",
              "err": {},
              "uuid": "dac8fe04-67d5-428d-999e-ff38009dbf4f",
              "parentUUID": "f91c5153-9fb2-4355-b100-15218d873194",
              "isHook": false,
              "skipped": false
            },
            {
              "title": "last panel text tests",
              "fullTitle": "Welcome Page text assertions last panel text tests",
              "timedOut": null,
              "duration": 1190,
              "state": "passed",
              "speed": "fast",
              "pass": true,
              "fail": false,
              "pending": false,
              "context": null,
              "code": "cy.get('.last .bv-example-row.container').contains('Okay, it’s not actually hard to explain.').should('exist');\ncy.get('.last .bv-example-row.container .row').contains('Sign up').should('exist');\ncy.get('.last .bv-example-row.container .row').contains('Log in').should('exist');\ncy.get('.last .bv-example-row.container .row').contains('Log in').should('exist');\ncy.get('.last .bv-example-row.container .row').contains('By continuing with the options below, you agree to Tumblr’s Terms of Service and have read the Privacy Policy').should('exist');\ncy.get('.last .bv-example-row.container .row').contains('Continue with Google').should('exist');",
              "err": {},
              "uuid": "e852bc43-6ecc-4f97-9bf9-374846c77d53",
              "parentUUID": "f91c5153-9fb2-4355-b100-15218d873194",
              "isHook": false,
              "skipped": false
            },
            {
              "title": "1st panel links tests",
              "fullTitle": "Welcome Page text assertions 1st panel links tests",
              "timedOut": null,
              "duration": 2330,
              "state": "failed",
              "speed": null,
              "pass": false,
              "fail": true,
              "pending": false,
              "context": null,
              "code": "cy.get('.hello .Heading').contains('Tumblr4U').click();\ncy.url().should('equal', 'http://tumblr4u.eastus.cloudapp.azure.com/'); //cy.get('section[id =\"Get started\"]').contains('Sign up').click();\n//cy.url().should('include', '/register');\n//cy.go('back');\ncy.get('.Heading .bv-example-row.container .row').contains('Continue with Google').click();\ncy.go('back');\ncy.get('.hello #TheHeader').contains('Log in').click();\ncy.url().should('include', '/signIn');\ncy.go('back');\ncy.get('.hello').get('#TheHeader').contains('Sign up').click();\ncy.url().should('include', '/signUp');\ncy.go('back');",
              "err": {
                "message": "SecurityError: Blocked a frame with origin \"http://tumblr4u.eastus.cloudapp.azure.com\" from accessing a cross-origin frame.",
                "estack": "SecurityError: Blocked a frame with origin \"http://tumblr4u.eastus.cloudapp.azure.com\" from accessing a cross-origin frame.\nError: Blocked a frame with origin \"http://tumblr4u.eastus.cloudapp.azure.com\" from accessing a cross-origin frame.\n    at setWindowDocumentProps (http://tumblr4u.eastus.cloudapp.azure.com/__cypress/runner/cypress_runner.js:169252:42)\n    at HTMLIFrameElement.<anonymous> (http://tumblr4u.eastus.cloudapp.azure.com/__cypress/runner/cypress_runner.js:169810:13)\n    at HTMLIFrameElement.dispatch (http://tumblr4u.eastus.cloudapp.azure.com/__cypress/runner/cypress_runner.js:110782:27)\n    at HTMLIFrameElement.elemData.handle (http://tumblr4u.eastus.cloudapp.azure.com/__cypress/runner/cypress_runner.js:110590:28)",
                "diff": null
              },
              "uuid": "02d2a3c9-062f-4b3c-89a2-8a16f79eafdf",
              "parentUUID": "f91c5153-9fb2-4355-b100-15218d873194",
              "isHook": false,
              "skipped": false
            },
            {
              "title": "1st panel links tests (not finished)",
              "fullTitle": "Welcome Page text assertions 1st panel links tests (not finished)",
              "timedOut": null,
              "duration": 32344,
              "state": "failed",
              "speed": null,
              "pass": false,
              "fail": true,
              "pending": false,
              "context": null,
              "code": "cy.get('.hello #TheHeader').contains('T4U').click();\ncy.url().should('equal', 'http://tumblr4u.eastus.cloudapp.azure.com/');\ncy.get('.Heading .bv-example-row container .row .privacy').contains('Terms of Service').click();\ncy.url().should('include', '/policy');\ncy.go('back');\ncy.get('.Heading .bv-example-row container .row .privacy').contains('Privacy Policy').click();\ncy.url().should('include', '/privacy');\ncy.go('back'); //privacy\n//policy\ncy.get('.Heading .bv-example-row container .row').contains(\"Here's what's trending\").click();\ncy.go('back');\ncy.get('.bv-example-row container').contains('Jobs').click();\ncy.url().should('include', '/policy/en/terms-of-service');\ncy.visit('http://tumblr4u.eastus.cloudapp.azure.com');\ncy.get('.bv-example-row container').contains('Support').click();\ncy.url().should('include', '/support');\ncy.visit('http://tumblr4u.eastus.cloudapp.azure.com');\ncy.get('.hello .bv-example-row container').contains('Posted by').click();\ncy.visit('http://tumblr4u.eastus.cloudapp.azure.com');",
              "err": {
                "message": "AssertionError: Timed out retrying after 30000ms: expected 'http://tumblr4u.eastus.cloudapp.azure.com/home' to equal 'http://tumblr4u.eastus.cloudapp.azure.com/'",
                "estack": "AssertionError: Timed out retrying after 30000ms: expected 'http://tumblr4u.eastus.cloudapp.azure.com/home' to equal 'http://tumblr4u.eastus.cloudapp.azure.com/'\n    at Context.eval (http://tumblr4u.eastus.cloudapp.azure.com/__cypress/tests?p=cypress\\integration\\welcomepageassertion.spec.js:168:14)",
                "diff": "- 'http://tumblr4u.eastus.cloudapp.azure.com/home'\n+ 'http://tumblr4u.eastus.cloudapp.azure.com/'\n"
              },
              "uuid": "687bd49d-bc93-4f78-89aa-f4ec25a6330e",
              "parentUUID": "f91c5153-9fb2-4355-b100-15218d873194",
              "isHook": false,
              "skipped": false
            }
          ],
          "suites": [],
          "passes": [
            "c979cb33-abd5-48d5-a034-f798f3e2f142",
            "a926d160-695d-43d5-a737-4c9be6696e68",
            "dac8fe04-67d5-428d-999e-ff38009dbf4f",
            "e852bc43-6ecc-4f97-9bf9-374846c77d53"
          ],
          "failures": [
            "828bcdc6-c6c4-4622-be46-522aca242bb7",
            "13f6dce3-e604-470c-a063-9294a07a256b",
            "a8724369-97f1-47bd-9043-769585b3cac4",
            "02d2a3c9-062f-4b3c-89a2-8a16f79eafdf",
            "687bd49d-bc93-4f78-89aa-f4ec25a6330e"
          ],
          "pending": [],
          "skipped": [],
          "duration": 141943,
          "root": false,
          "rootEmpty": false,
          "_timeout": 2000
        }
      ],
      "passes": [],
      "failures": [],
      "pending": [],
      "skipped": [],
      "duration": 0,
      "root": true,
      "rootEmpty": true,
      "_timeout": 2000
    },
    {
      "uuid": "71e3093e-a0dc-4bb8-bd81-45e390f267d3",
      "title": "",
      "fullFile": "cypress/integration/login.spec.js",
      "file": "cypress/integration/login.spec.js",
      "beforeHooks": [],
      "afterHooks": [],
      "tests": [],
      "suites": [
        {
          "uuid": "9468a125-1f98-409d-9dd3-8f9cc646e03d",
          "title": "login",
          "fullFile": "",
          "file": "",
          "beforeHooks": [],
          "afterHooks": [],
          "tests": [
            {
              "title": "signup button",
              "fullTitle": "login signup button",
              "timedOut": null,
              "duration": 4171,
              "state": "passed",
              "speed": "fast",
              "pass": true,
              "fail": false,
              "pending": false,
              "context": null,
              "code": "cy.get('[href=\"/signUp\"] > .btn').click();\ncy.url().should('include', '/signUp');",
              "err": {},
              "uuid": "463793aa-f958-4227-bc1a-f04b64728e1c",
              "parentUUID": "9468a125-1f98-409d-9dd3-8f9cc646e03d",
              "isHook": false,
              "skipped": false
            },
            {
              "title": "when click on tumblr it goes to tumblr welcome page",
              "fullTitle": "login when click on tumblr it goes to tumblr welcome page",
              "timedOut": null,
              "duration": 31403,
              "state": "failed",
              "speed": null,
              "pass": false,
              "fail": true,
              "pending": false,
              "context": null,
              "code": "cy.get('#app .root .Main').contains('Tumblr4U').click();\ncy.url().should('equal', 'http://tumblr4u.eastus.cloudapp.azure.com/');",
              "err": {
                "message": "AssertionError: Timed out retrying after 30000ms: expected 'http://tumblr4u.eastus.cloudapp.azure.com/signIn' to equal 'http://tumblr4u.eastus.cloudapp.azure.com/'",
                "estack": "AssertionError: Timed out retrying after 30000ms: expected 'http://tumblr4u.eastus.cloudapp.azure.com/signIn' to equal 'http://tumblr4u.eastus.cloudapp.azure.com/'\n    at Context.eval (http://tumblr4u.eastus.cloudapp.azure.com/__cypress/tests?p=cypress\\integration\\login.spec.js:150:14)",
                "diff": "- 'http://tumblr4u.eastus.cloudapp.azure.com/signIn'\n+ 'http://tumblr4u.eastus.cloudapp.azure.com/'\n"
              },
              "uuid": "fe75c067-536f-4bb9-b5f8-89aea7351171",
              "parentUUID": "9468a125-1f98-409d-9dd3-8f9cc646e03d",
              "isHook": false,
              "skipped": false
            },
            {
              "title": "when click on tumblr icon it goes to tumblr welcome page",
              "fullTitle": "login when click on tumblr icon it goes to tumblr welcome page",
              "timedOut": null,
              "duration": 31983,
              "state": "failed",
              "speed": null,
              "pass": false,
              "fail": true,
              "pending": false,
              "context": null,
              "code": "cy.get('#TheHeader .navbar-brand').contains('T4U').click();\ncy.url().should('equal', 'http://tumblr4u.eastus.cloudapp.azure.com/');",
              "err": {
                "message": "AssertionError: Timed out retrying after 30000ms: expected 'http://tumblr4u.eastus.cloudapp.azure.com/home' to equal 'http://tumblr4u.eastus.cloudapp.azure.com/'",
                "estack": "AssertionError: Timed out retrying after 30000ms: expected 'http://tumblr4u.eastus.cloudapp.azure.com/home' to equal 'http://tumblr4u.eastus.cloudapp.azure.com/'\n    at Context.eval (http://tumblr4u.eastus.cloudapp.azure.com/__cypress/tests?p=cypress\\integration\\login.spec.js:154:14)",
                "diff": "- 'http://tumblr4u.eastus.cloudapp.azure.com/home'\n+ 'http://tumblr4u.eastus.cloudapp.azure.com/'\n"
              },
              "uuid": "dd91fcca-4b11-4df6-bf91-c21c0c75da48",
              "parentUUID": "9468a125-1f98-409d-9dd3-8f9cc646e03d",
              "isHook": false,
              "skipped": false
            },
            {
              "title": "empty email and empty password",
              "fullTitle": "login empty email and empty password",
              "timedOut": null,
              "duration": 886,
              "state": "passed",
              "speed": "fast",
              "pass": true,
              "fail": false,
              "pending": false,
              "context": null,
              "code": "cy.get('form > .btn').click();\ncy.get('.error').should('have.text', 'You do have to fill this stuff out, you know.');",
              "err": {},
              "uuid": "2f8879aa-a27d-43ef-a14d-0730a2023dc0",
              "parentUUID": "9468a125-1f98-409d-9dd3-8f9cc646e03d",
              "isHook": false,
              "skipped": false
            },
            {
              "title": "empty email and incorrect password",
              "fullTitle": "login empty email and incorrect password",
              "timedOut": null,
              "duration": 994,
              "state": "passed",
              "speed": "fast",
              "pass": true,
              "fail": false,
              "pending": false,
              "context": null,
              "code": "cy.get('#exampleInputPassword1').type('asdfghj');\ncy.get('form > .btn').click();\ncy.get('.error').should('have.text', 'You forgot to enter your email!');",
              "err": {},
              "uuid": "1b28830c-672e-438b-b60f-2553ab23bdaf",
              "parentUUID": "9468a125-1f98-409d-9dd3-8f9cc646e03d",
              "isHook": false,
              "skipped": false
            },
            {
              "title": "email and short password",
              "fullTitle": "login email and short password",
              "timedOut": null,
              "duration": 31745,
              "state": "failed",
              "speed": null,
              "pass": false,
              "fail": true,
              "pending": false,
              "context": null,
              "code": "cy.get('#exampleInputEmail1').type('ahmedmad@gmail.com');\ncy.get('#exampleInputPassword1').type('asdrf');\ncy.get('form > .btn').click();\ncy.get('.error').should('have.text', 'You forgot to enter your email!');",
              "err": {
                "message": "AssertionError: Timed out retrying after 30000ms: Expected to find element: `.error`, but never found it.",
                "estack": "AssertionError: Timed out retrying after 30000ms: Expected to find element: `.error`, but never found it.\n    at Context.eval (http://tumblr4u.eastus.cloudapp.azure.com/__cypress/tests?p=cypress\\integration\\login.spec.js:169:22)",
                "diff": null
              },
              "uuid": "c979a1d7-d9aa-4006-abc4-1ad7547b3419",
              "parentUUID": "9468a125-1f98-409d-9dd3-8f9cc646e03d",
              "isHook": false,
              "skipped": false
            },
            {
              "title": "empty email and correct password",
              "fullTitle": "login empty email and correct password",
              "timedOut": null,
              "duration": 1432,
              "state": "passed",
              "speed": "fast",
              "pass": true,
              "fail": false,
              "pending": false,
              "context": null,
              "code": "cy.get('#exampleInputPassword1').type('emademad');\ncy.get('form > .btn').click();\ncy.get('.error').should('have.text', 'You forgot to enter your email!');",
              "err": {},
              "uuid": "b436c7fc-9997-4d03-9eb1-3f1e6a0a8dd5",
              "parentUUID": "9468a125-1f98-409d-9dd3-8f9cc646e03d",
              "isHook": false,
              "skipped": false
            },
            {
              "title": "non existing email and empty password",
              "fullTitle": "login non existing email and empty password",
              "timedOut": null,
              "duration": 1303,
              "state": "passed",
              "speed": "fast",
              "pass": true,
              "fail": false,
              "pending": false,
              "context": null,
              "code": "cy.get('#exampleInputEmail1').type('ahmedmad@gmail.com');\ncy.get('form > .btn').click();\ncy.get('.error').should('have.text', 'You forgot to enter your password!');",
              "err": {},
              "uuid": "9f03d982-c491-4dc7-9864-8e953f966ede",
              "parentUUID": "9468a125-1f98-409d-9dd3-8f9cc646e03d",
              "isHook": false,
              "skipped": false
            },
            {
              "title": "existing email and empty password",
              "fullTitle": "login existing email and empty password",
              "timedOut": null,
              "duration": 1327,
              "state": "passed",
              "speed": "fast",
              "pass": true,
              "fail": false,
              "pending": false,
              "context": null,
              "code": "cy.get('#exampleInputEmail1').type('ahmedspiderman7@gmail.com');\ncy.get('form > .btn').click();\ncy.get('.error').should('have.text', 'You forgot to enter your password!');",
              "err": {},
              "uuid": "9086883c-033e-4f0c-b667-d0c478e34c19",
              "parentUUID": "9468a125-1f98-409d-9dd3-8f9cc646e03d",
              "isHook": false,
              "skipped": false
            },
            {
              "title": "non existing email and incorrect password",
              "fullTitle": "login non existing email and incorrect password",
              "timedOut": null,
              "duration": 31864,
              "state": "failed",
              "speed": null,
              "pass": false,
              "fail": true,
              "pending": false,
              "context": null,
              "code": "cy.get('#exampleInputEmail1').type('ahmedemad@gmail.com');\ncy.get('#exampleInputPassword1').type('asdfghj');\ncy.get('form > .btn').click();\ncy.get('.error').should('have.text', 'Your email or password were incorrect.');",
              "err": {
                "message": "AssertionError: Timed out retrying after 30000ms: Expected to find element: `.error`, but never found it.",
                "estack": "AssertionError: Timed out retrying after 30000ms: Expected to find element: `.error`, but never found it.\n    at Context.eval (http://tumblr4u.eastus.cloudapp.azure.com/__cypress/tests?p=cypress\\integration\\login.spec.js:190:22)",
                "diff": null
              },
              "uuid": "714b5f2c-3a77-49b0-bbaa-42ccacf25df3",
              "parentUUID": "9468a125-1f98-409d-9dd3-8f9cc646e03d",
              "isHook": false,
              "skipped": false
            },
            {
              "title": "non existing email and correct password",
              "fullTitle": "login non existing email and correct password",
              "timedOut": null,
              "duration": 31762,
              "state": "failed",
              "speed": null,
              "pass": false,
              "fail": true,
              "pending": false,
              "context": null,
              "code": "cy.get('#exampleInputEmail1').type('ahmedmad@gmail.com');\ncy.get('#exampleInputPassword1').type('emademad');\ncy.get('form > .btn').click();\ncy.get('.error').should('have.text', 'Your email or password were incorrect.');",
              "err": {
                "message": "AssertionError: Timed out retrying after 30000ms: Expected to find element: `.error`, but never found it.",
                "estack": "AssertionError: Timed out retrying after 30000ms: Expected to find element: `.error`, but never found it.\n    at Context.eval (http://tumblr4u.eastus.cloudapp.azure.com/__cypress/tests?p=cypress\\integration\\login.spec.js:196:22)",
                "diff": null
              },
              "uuid": "da3362f5-d97c-458b-a8db-47b2840dc64d",
              "parentUUID": "9468a125-1f98-409d-9dd3-8f9cc646e03d",
              "isHook": false,
              "skipped": false
            },
            {
              "title": "existing email and incorrect password",
              "fullTitle": "login existing email and incorrect password",
              "timedOut": null,
              "duration": 32151,
              "state": "failed",
              "speed": null,
              "pass": false,
              "fail": true,
              "pending": false,
              "context": null,
              "code": "cy.get('#exampleInputEmail1').type('ahmedspiderman7@gmail.com');\ncy.get('#exampleInputPassword1').type('assdfghjkltr');\ncy.get('form > .btn').click();\ncy.get('.error').should('have.text', 'Your email or password were incorrect.');",
              "err": {
                "message": "AssertionError: Timed out retrying after 30000ms: Expected to find element: `.error`, but never found it.",
                "estack": "AssertionError: Timed out retrying after 30000ms: Expected to find element: `.error`, but never found it.\n    at Context.eval (http://tumblr4u.eastus.cloudapp.azure.com/__cypress/tests?p=cypress\\integration\\login.spec.js:202:22)",
                "diff": null
              },
              "uuid": "3680ea67-c912-45b7-b829-8160f094b738",
              "parentUUID": "9468a125-1f98-409d-9dd3-8f9cc646e03d",
              "isHook": false,
              "skipped": false
            },
            {
              "title": "existing email and correct password",
              "fullTitle": "login existing email and correct password",
              "timedOut": null,
              "duration": 2349,
              "state": "passed",
              "speed": "fast",
              "pass": true,
              "fail": false,
              "pending": false,
              "context": null,
              "code": "cy.get('#exampleInputEmail1').type('ahmedspiderman7@gmail.com');\ncy.get('#exampleInputPassword1').type('emademad');\ncy.get('form > .btn').click();\ncy.url().should('include', 'home');",
              "err": {},
              "uuid": "6962c0da-c73b-4af0-907f-e2f0751f1bd3",
              "parentUUID": "9468a125-1f98-409d-9dd3-8f9cc646e03d",
              "isHook": false,
              "skipped": false
            }
          ],
          "suites": [],
          "passes": [
            "463793aa-f958-4227-bc1a-f04b64728e1c",
            "2f8879aa-a27d-43ef-a14d-0730a2023dc0",
            "1b28830c-672e-438b-b60f-2553ab23bdaf",
            "b436c7fc-9997-4d03-9eb1-3f1e6a0a8dd5",
            "9f03d982-c491-4dc7-9864-8e953f966ede",
            "9086883c-033e-4f0c-b667-d0c478e34c19",
            "6962c0da-c73b-4af0-907f-e2f0751f1bd3"
          ],
          "failures": [
            "fe75c067-536f-4bb9-b5f8-89aea7351171",
            "dd91fcca-4b11-4df6-bf91-c21c0c75da48",
            "c979a1d7-d9aa-4006-abc4-1ad7547b3419",
            "714b5f2c-3a77-49b0-bbaa-42ccacf25df3",
            "da3362f5-d97c-458b-a8db-47b2840dc64d",
            "3680ea67-c912-45b7-b829-8160f094b738"
          ],
          "pending": [],
          "skipped": [],
          "duration": 203370,
          "root": false,
          "rootEmpty": false,
          "_timeout": 2000
        }
      ],
      "passes": [],
      "failures": [],
      "pending": [],
      "skipped": [],
      "duration": 0,
      "root": true,
      "rootEmpty": true,
      "_timeout": 2000
    }
  ],
  "meta": {
    "mocha": {
      "version": "7.0.1"
    },
    "mochawesome": {
      "options": {
        "quiet": false,
        "reportFilename": "mochawesome",
        "saveHtml": true,
        "saveJson": true,
        "consoleReporter": "spec",
        "useInlineDiffs": false,
        "code": true
      },
      "version": "7.0.1"
    },
    "marge": {
      "options": {
        "id": "default",
        "reportDir": "cypress/reports/mocha",
        "quite": true,
        "overwrite": false,
        "video": false,
        "html": true,
        "json": true
      },
      "version": "6.0.1"
    }
  }
}