{
  "stats": {
    "suites": 3,
    "tests": 41,
    "passes": 39,
    "pending": 0,
    "failures": 2,
    "start": "2021-11-20T18:52:48.303Z",
    "end": "2021-11-20T18:59:43.188Z",
    "duration": 351278,
    "testsRegistered": 41,
    "passPercent": 95.1219512195122,
    "pendingPercent": 0,
    "other": 0,
    "hasOther": false,
    "skipped": 0,
    "hasSkipped": false
  },
  "results": [
    {
      "uuid": "44ac52fa-a552-48f4-8a68-9479fcc64977",
      "title": "",
      "fullFile": "cypress/integration/signup.spec.js",
      "file": "cypress/integration/signup.spec.js",
      "beforeHooks": [],
      "afterHooks": [],
      "tests": [],
      "suites": [
        {
          "uuid": "c921ff4f-76d6-4e96-b18a-f3cc5202bd55",
          "title": "signup",
          "fullFile": "",
          "file": "",
          "beforeHooks": [],
          "afterHooks": [],
          "tests": [
            {
              "title": "testing search bar in login page with enter button",
              "fullTitle": "signup testing search bar in login page with enter button",
              "timedOut": null,
              "duration": 2390,
              "state": "passed",
              "speed": "fast",
              "pass": true,
              "fail": false,
              "pending": false,
              "context": null,
              "code": "cy.get('input[aria-label=\"Search\"]').type('google{enter}');\ncy.get('input[aria-label=\"Search\"]').should('have.value', 'google');\ncy.contains('google').should('exist');",
              "err": {},
              "uuid": "901a2e3b-2780-4d55-80cc-15625158b441",
              "parentUUID": "c921ff4f-76d6-4e96-b18a-f3cc5202bd55",
              "isHook": false,
              "skipped": false
            },
            {
              "title": "posted by link",
              "fullTitle": "signup posted by link",
              "timedOut": null,
              "duration": 8290,
              "state": "passed",
              "speed": "medium",
              "pass": true,
              "fail": false,
              "pending": false,
              "context": null,
              "code": "cy.get('.AohpR > :nth-child(1) > a > strong').invoke('text').then(postedbyName => {\n  cy.get('.AohpR > :nth-child(1) > a').click();\n  cy.url().should('include', `/${postedbyName}.tumblr.com`);\n});",
              "err": {},
              "uuid": "11690618-6713-4ef1-bfae-fd7a1c97dd31",
              "parentUUID": "c921ff4f-76d6-4e96-b18a-f3cc5202bd55",
              "isHook": false,
              "skipped": false
            },
            {
              "title": "login button",
              "fullTitle": "signup login button",
              "timedOut": null,
              "duration": 3135,
              "state": "passed",
              "speed": "fast",
              "pass": true,
              "fail": false,
              "pending": false,
              "context": null,
              "code": "cy.get('a[href=\"/login\"]').click();\ncy.url().should('include', '/login');",
              "err": {},
              "uuid": "02be6899-32bc-4ad4-bc06-e8c4a04328f5",
              "parentUUID": "c921ff4f-76d6-4e96-b18a-f3cc5202bd55",
              "isHook": false,
              "skipped": false
            },
            {
              "title": "when reload the page the background changes",
              "fullTitle": "signup when reload the page the background changes",
              "timedOut": null,
              "duration": 11707,
              "state": "passed",
              "speed": "slow",
              "pass": true,
              "fail": false,
              "pending": false,
              "context": null,
              "code": "cy.wait(4000);\ncy.get('[loading=\"lazy\"]').invoke('attr', 'srcset').then(prevBackground => {\n  cy.reload();\n  cy.wait(4000);\n  cy.get('[loading=\"lazy\"]').invoke('attr', 'srcset').then(currBackground => {\n    cy.expect(currBackground).to.not.equal(prevBackground);\n  });\n});",
              "err": {},
              "uuid": "dde572f0-bc1f-4c0e-a200-f697f3a9afec",
              "parentUUID": "c921ff4f-76d6-4e96-b18a-f3cc5202bd55",
              "isHook": false,
              "skipped": false
            },
            {
              "title": "when click on tumblr it goes to tumblr welcome page",
              "fullTitle": "signup when click on tumblr it goes to tumblr welcome page",
              "timedOut": null,
              "duration": 2939,
              "state": "passed",
              "speed": "fast",
              "pass": true,
              "fail": false,
              "pending": false,
              "context": null,
              "code": "cy.get('[aria-label=\"Tumblr\"]').click();\ncy.url().should('include', '/');",
              "err": {},
              "uuid": "57e814e8-cbdf-4ad2-a0f8-7635007aacaf",
              "parentUUID": "c921ff4f-76d6-4e96-b18a-f3cc5202bd55",
              "isHook": false,
              "skipped": false
            },
            {
              "title": "when click on tumblr icon it goes to tumblr welcome page",
              "fullTitle": "signup when click on tumblr icon it goes to tumblr welcome page",
              "timedOut": null,
              "duration": 3108,
              "state": "passed",
              "speed": "fast",
              "pass": true,
              "fail": false,
              "pending": false,
              "context": null,
              "code": "cy.get('svg[viewBox=\"0 0 21 36.8\"]').click();\ncy.url().should('include', '/');",
              "err": {},
              "uuid": "4ce942dc-67da-4b3e-9a81-c85f6b60b6f4",
              "parentUUID": "c921ff4f-76d6-4e96-b18a-f3cc5202bd55",
              "isHook": false,
              "skipped": false
            },
            {
              "title": "empty email and empty password and empty blog name",
              "fullTitle": "signup empty email and empty password and empty blog name",
              "timedOut": null,
              "duration": 1622,
              "state": "passed",
              "speed": "fast",
              "pass": true,
              "fail": false,
              "pending": false,
              "context": null,
              "code": "cy.get('[aria-label=\"Sign up\"]').click();\ncy.get('[data-has-error=\"true\"]').should('have.text', 'You do have to fill this stuff out, you know.');",
              "err": {},
              "uuid": "418e0ee1-7455-4a9d-a787-0ad7e9e40669",
              "parentUUID": "c921ff4f-76d6-4e96-b18a-f3cc5202bd55",
              "isHook": false,
              "skipped": false
            },
            {
              "title": "empty email and correct password and empty blog name",
              "fullTitle": "signup empty email and correct password and empty blog name",
              "timedOut": null,
              "duration": 2116,
              "state": "passed",
              "speed": "fast",
              "pass": true,
              "fail": false,
              "pending": false,
              "context": null,
              "code": "cy.get('[name=password]').type('y35SYi:7@+dK7J');\ncy.get('[aria-label=\"Sign up\"]').click();\ncy.get('[data-has-error=\"true\"]').should('have.text', 'You forgot to enter your email!');",
              "err": {},
              "uuid": "cc44f453-14b4-444f-bd9b-49b3178a87ed",
              "parentUUID": "c921ff4f-76d6-4e96-b18a-f3cc5202bd55",
              "isHook": false,
              "skipped": false
            },
            {
              "title": "empty email and empty password and existing blog name",
              "fullTitle": "signup empty email and empty password and existing blog name",
              "timedOut": null,
              "duration": 1737,
              "state": "passed",
              "speed": "fast",
              "pass": true,
              "fail": false,
              "pending": false,
              "context": null,
              "code": "cy.get('[name=blogName]').type('qseeda');\ncy.get('[aria-label=\"Sign up\"]').click();\ncy.get('[data-has-error=\"true\"]').should('have.text', 'You forgot to enter your email!');",
              "err": {},
              "uuid": "493c050e-93fa-4233-9fa0-54ce931559cf",
              "parentUUID": "c921ff4f-76d6-4e96-b18a-f3cc5202bd55",
              "isHook": false,
              "skipped": false
            },
            {
              "title": "empty email and empty password and non existing blog name",
              "fullTitle": "signup empty email and empty password and non existing blog name",
              "timedOut": null,
              "duration": 2011,
              "state": "passed",
              "speed": "fast",
              "pass": true,
              "fail": false,
              "pending": false,
              "context": null,
              "code": "cy.get('[name=blogName]').type('qseeda1112');\ncy.get('[aria-label=\"Sign up\"]').click();\ncy.get('[data-has-error=\"true\"]').should('have.text', 'You forgot to enter your email!');",
              "err": {},
              "uuid": "047cd0bb-e94d-48c3-90d3-de4c5b22863b",
              "parentUUID": "c921ff4f-76d6-4e96-b18a-f3cc5202bd55",
              "isHook": false,
              "skipped": false
            },
            {
              "title": "non existing email and empty password and existing blog name",
              "fullTitle": "signup non existing email and empty password and existing blog name",
              "timedOut": null,
              "duration": 4946,
              "state": "passed",
              "speed": "fast",
              "pass": true,
              "fail": false,
              "pending": false,
              "context": null,
              "code": "cy.mailslurp().then(mailslurp => mailslurp.createInbox()).then(inbox => {\n  // save inbox id and email address to this (make sure you use function and not arrow syntax)\n  cy.wrap(inbox.id).as('inboxId');\n  cy.wrap(inbox.emailAddress).as('emailAddress');\n  cy.get('[name=email]').type(inbox.emailAddress);\n  cy.get('[name=blogName]').type('qseeda');\n  cy.get('[aria-label=\"Sign up\"]').click();\n  cy.get('[data-has-error=\"true\"]').should('have.text', 'You forgot to enter your password!');\n});",
              "err": {},
              "uuid": "23b35b8d-31f0-45b6-8b58-cdd2c2f6c4c0",
              "parentUUID": "c921ff4f-76d6-4e96-b18a-f3cc5202bd55",
              "isHook": false,
              "skipped": false
            },
            {
              "title": "existing email and empty password and blog name",
              "fullTitle": "signup existing email and empty password and blog name",
              "timedOut": null,
              "duration": 3118,
              "state": "passed",
              "speed": "fast",
              "pass": true,
              "fail": false,
              "pending": false,
              "context": null,
              "code": "cy.get('[name=email]').type('itztysocfkegfkgoij@adfskj.com');\ncy.get('[name=blogName]').type('qseeda');\ncy.get('[aria-label=\"Sign up\"]').click();\ncy.get('[data-has-error=\"true\"]').should('have.text', 'You forgot to enter your password!');",
              "err": {},
              "uuid": "023c95f8-3a21-48c0-9106-0c4077498521",
              "parentUUID": "c921ff4f-76d6-4e96-b18a-f3cc5202bd55",
              "isHook": false,
              "skipped": false
            },
            {
              "title": "non existing email and incorrect(short password less than 8) password and existing blog name",
              "fullTitle": "signup non existing email and incorrect(short password less than 8) password and existing blog name",
              "timedOut": null,
              "duration": 4811,
              "state": "passed",
              "speed": "fast",
              "pass": true,
              "fail": false,
              "pending": false,
              "context": null,
              "code": "cy.mailslurp().then(mailslurp => mailslurp.createInbox()).then(inbox => {\n  // save inbox id and email address to this (make sure you use function and not arrow syntax)\n  cy.wrap(inbox.id).as('inboxId');\n  cy.wrap(inbox.emailAddress).as('emailAddress');\n  cy.get('[name=email]').type(inbox.emailAddress);\n  cy.get('[name=password]').type('asdfg');\n  cy.get('[name=blogName]').type('qseeda');\n  cy.get('[aria-label=\"Sign up\"]').click();\n  cy.get('[data-has-error=\"true\"]').should('have.text', 'The password must be at least 8 characters.');\n});",
              "err": {},
              "uuid": "bd2f1fab-d647-4f39-a479-1bab814085f7",
              "parentUUID": "c921ff4f-76d6-4e96-b18a-f3cc5202bd55",
              "isHook": false,
              "skipped": false
            },
            {
              "title": "non existing email and correct password and existing blog name",
              "fullTitle": "signup non existing email and correct password and existing blog name",
              "timedOut": null,
              "duration": 3867,
              "state": "passed",
              "speed": "fast",
              "pass": true,
              "fail": false,
              "pending": false,
              "context": null,
              "code": "cy.mailslurp().then(mailslurp => mailslurp.createInbox()).then(inbox => {\n  // save inbox id and email address to this (make sure you use function and not arrow syntax)\n  cy.wrap(inbox.id).as('inboxId');\n  cy.wrap(inbox.emailAddress).as('emailAddress');\n  cy.get('[name=email]').type('zmmgsatyquecmmrbll@pptrvv.com');\n  cy.get('[name=password]').type('y35SYi:7@+dK7J');\n  cy.get('[name=blogName]').type('qseeda');\n  cy.get('[aria-label=\"Sign up\"]').click();\n  cy.get('[data-has-error=\"true\"]').should('have.text', \"That's a good blog name, but it's taken.\");\n});",
              "err": {},
              "uuid": "e979ea97-9c93-481e-9aa6-b3c1e65f7371",
              "parentUUID": "c921ff4f-76d6-4e96-b18a-f3cc5202bd55",
              "isHook": false,
              "skipped": false
            },
            {
              "title": "existing email and password and blog name",
              "fullTitle": "signup existing email and password and blog name",
              "timedOut": null,
              "duration": 3523,
              "state": "passed",
              "speed": "fast",
              "pass": true,
              "fail": false,
              "pending": false,
              "context": null,
              "code": "cy.get('[name=email]').type('itztysocfkegfkgoij@adfskj.com');\ncy.get('[name=password]').type('assdfghjkltr');\ncy.get('[name=blogName]').type('qseeda');\ncy.get('[aria-label=\"Sign up\"]').click();\ncy.get('[data-has-error=\"true\"]').should('have.text', 'This email address is already in use.');",
              "err": {},
              "uuid": "ceff6b58-dac5-4926-80c3-40120fb68490",
              "parentUUID": "c921ff4f-76d6-4e96-b18a-f3cc5202bd55",
              "isHook": false,
              "skipped": false
            },
            {
              "title": "non existing email and correct password and existing blog name",
              "fullTitle": "signup non existing email and correct password and existing blog name",
              "timedOut": null,
              "duration": 4609,
              "state": "passed",
              "speed": "fast",
              "pass": true,
              "fail": false,
              "pending": false,
              "context": null,
              "code": "cy.mailslurp().then(mailslurp => mailslurp.createInbox()).then(inbox => {\n  // save inbox id and email address to this (make sure you use function and not arrow syntax)\n  cy.wrap(inbox.id).as('inboxId');\n  cy.wrap(inbox.emailAddress).as('emailAddress');\n  cy.get('[name=email]').type(inbox.emailAddress);\n  cy.get('[name=password]').type('y35SYi:7@+dK7J');\n  cy.get('[name=blogName]').type('qseeda');\n  cy.get('[aria-label=\"Sign up\"]').click();\n  cy.get('[data-has-error=\"true\"]').should('have.text', \"That's a good blog name, but it's taken.\");\n});",
              "err": {},
              "uuid": "ab5ae86b-c614-4164-8337-9c6dd5edb1e6",
              "parentUUID": "c921ff4f-76d6-4e96-b18a-f3cc5202bd55",
              "isHook": false,
              "skipped": false
            },
            {
              "title": "non existing email and correct password and non existing blog name",
              "fullTitle": "signup non existing email and correct password and non existing blog name",
              "timedOut": null,
              "duration": 5047,
              "state": "passed",
              "speed": "medium",
              "pass": true,
              "fail": false,
              "pending": false,
              "context": null,
              "code": "cy.mailslurp().then(mailslurp => mailslurp.createInbox()).then(inbox => {\n  // save inbox id and email address to this (make sure you use function and not arrow syntax)\n  cy.wrap(inbox.id).as('inboxId');\n  cy.wrap(inbox.emailAddress).as('emailAddress');\n  cy.get('[name=email]').type(inbox.emailAddress);\n  cy.get('[name=password]').type('y35SYi:7@+dK7J');\n  cy.get('[name=blogName]').type('w' + inbox.id.slice(0, 27));\n  cy.get('[aria-label=\"Sign up\"]').click();\n  cy.get('[name=\"age\"]').invoke('attr', 'placeholder').should('eq', 'How old are you?');\n});",
              "err": {},
              "uuid": "a4db4a62-f9cc-4af3-8e06-2a8f19ba07eb",
              "parentUUID": "c921ff4f-76d6-4e96-b18a-f3cc5202bd55",
              "isHook": false,
              "skipped": false
            },
            {
              "title": "non existing email and correct password and non existing blog name but negative age",
              "fullTitle": "signup non existing email and correct password and non existing blog name but negative age",
              "timedOut": null,
              "duration": 8724,
              "state": "passed",
              "speed": "medium",
              "pass": true,
              "fail": false,
              "pending": false,
              "context": null,
              "code": "cy.mailslurp().then(mailslurp => mailslurp.createInbox()).then(inbox => {\n  // save inbox id and email address to this (make sure you use function and not arrow syntax)\n  cy.wrap(inbox.id).as('inboxId');\n  cy.wrap(inbox.emailAddress).as('emailAddress');\n  cy.get('[name=email]').type(inbox.emailAddress);\n  cy.get('[name=password]').type('y35SYi:7@+dK7J');\n  cy.get('[name=blogName]').type('q' + inbox.id.slice(0, 27));\n  cy.get('[aria-label=\"Sign up\"]').click();\n  cy.get('[name=\"age\"]').type('-1');\n  cy.get('[aria-label=\"Next\"]').click();\n  cy.get('[data-has-error=\"true\"]').should('have.text', \"That's not a valid age. Please try again.\");\n});",
              "err": {},
              "uuid": "8ef63850-bf7c-473b-b7aa-5545b401c81d",
              "parentUUID": "c921ff4f-76d6-4e96-b18a-f3cc5202bd55",
              "isHook": false,
              "skipped": false
            },
            {
              "title": "non existing email and correct password and non existing blog name but zero age",
              "fullTitle": "signup non existing email and correct password and non existing blog name but zero age",
              "timedOut": null,
              "duration": 6124,
              "state": "passed",
              "speed": "medium",
              "pass": true,
              "fail": false,
              "pending": false,
              "context": null,
              "code": "cy.mailslurp().then(mailslurp => mailslurp.createInbox()).then(inbox => {\n  // save inbox id and email address to this (make sure you use function and not arrow syntax)\n  cy.wrap(inbox.id).as('inboxId');\n  cy.wrap(inbox.emailAddress).as('emailAddress');\n  cy.get('[name=email]').type(inbox.emailAddress);\n  cy.get('[name=password]').type('y35SYi:7@+dK7J');\n  cy.get('[name=blogName]').type('t' + inbox.id.slice(0, 27));\n  cy.get('[aria-label=\"Sign up\"]').click();\n  cy.get('[name=\"age\"]').type('0');\n  cy.get('[aria-label=\"Next\"]').click();\n  cy.get('[data-has-error=\"true\"]').should('have.text', \"Oops. There was an error. Please try again.\");\n});",
              "err": {},
              "uuid": "52ee8a91-3258-433e-8b3a-173ddf11c9ad",
              "parentUUID": "c921ff4f-76d6-4e96-b18a-f3cc5202bd55",
              "isHook": false,
              "skipped": false
            },
            {
              "title": "non existing email and correct password and non existing blog name but no age",
              "fullTitle": "signup non existing email and correct password and non existing blog name but no age",
              "timedOut": null,
              "duration": 22485,
              "state": "passed",
              "speed": "slow",
              "pass": true,
              "fail": false,
              "pending": false,
              "context": null,
              "code": "cy.mailslurp().then(mailslurp => mailslurp.createInbox()).then(inbox => {\n  // save inbox id and email address to this (make sure you use function and not arrow syntax)\n  cy.wrap(inbox.id).as('inboxId');\n  cy.wrap(inbox.emailAddress).as('emailAddress'); //\n  cy.get('[name=email]').type(inbox.emailAddress);\n  cy.get('[name=password]').type('y35SYi:7@+dK7J');\n  cy.get('[name=blogName]').type('a' + inbox.id.slice(0, 27));\n  cy.get('[aria-label=\"Sign up\"]').click();\n  cy.get('[name=\"age\"]').type('21');\n  cy.get('[aria-label=\"Next\"]').click();\n  cy.url().should('include', '/getting_to_know_tumblr');\n});",
              "err": {},
              "uuid": "6e41e74a-f12e-41d2-a0d1-0fcb04b6a0fc",
              "parentUUID": "c921ff4f-76d6-4e96-b18a-f3cc5202bd55",
              "isHook": false,
              "skipped": false
            },
            {
              "title": "non existing email and correct password and non existing blog name and valid age",
              "fullTitle": "signup non existing email and correct password and non existing blog name and valid age",
              "timedOut": null,
              "duration": 20467,
              "state": "passed",
              "speed": "slow",
              "pass": true,
              "fail": false,
              "pending": false,
              "context": null,
              "code": "cy.mailslurp().then(mailslurp => mailslurp.createInbox()).then(inbox => {\n  // save inbox id and email address to this (make sure you use function and not arrow syntax)\n  cy.wrap(inbox.id).as('inboxId');\n  cy.wrap(inbox.emailAddress).as('emailAddress');\n  cy.get('[name=email]').type(inbox.emailAddress);\n  cy.get('[name=password]').type('y35SYi:7@+dK7J');\n  cy.get('[name=blogName]').type('a' + inbox.id.slice(0, 27));\n  cy.get('[aria-label=\"Sign up\"]').click();\n  cy.get('[name=\"age\"]').type('21');\n  cy.get('[aria-label=\"Next\"]').click();\n  cy.url().should('include', '/getting_to_know_tumblr');\n});",
              "err": {},
              "uuid": "a1e4fc4d-0d55-455c-b1f2-dd59a982ff67",
              "parentUUID": "c921ff4f-76d6-4e96-b18a-f3cc5202bd55",
              "isHook": false,
              "skipped": false
            },
            {
              "title": "non existing email and correct password and non existing blog name and valid age then skip button",
              "fullTitle": "signup non existing email and correct password and non existing blog name and valid age then skip button",
              "timedOut": null,
              "duration": 34373,
              "state": "passed",
              "speed": "slow",
              "pass": true,
              "fail": false,
              "pending": false,
              "context": null,
              "code": "cy.mailslurp().then(mailslurp => mailslurp.createInbox()).then(inbox => {\n  // save inbox id and email address to this (make sure you use function and not arrow syntax)\n  cy.wrap(inbox.id).as('inboxId');\n  cy.wrap(inbox.emailAddress).as('emailAddress'); //\n  cy.get('[name=email]').type(inbox.emailAddress);\n  cy.get('[name=password]').type('y35SYi:7@+dK7J');\n  cy.get('[name=blogName]').type('y' + inbox.id.slice(0, 27));\n  cy.get('[aria-label=\"Sign up\"]').click();\n  cy.get('[name=\"age\"]').type('21');\n  cy.get('[aria-label=\"Next\"]').click();\n  cy.get('.onboarding-skip-button').click();\n  cy.url().should('include', 'https://www.tumblr.com/dashboard');\n});",
              "err": {},
              "uuid": "0e4d285f-cb0d-483d-8efe-d32b1ea46485",
              "parentUUID": "c921ff4f-76d6-4e96-b18a-f3cc5202bd55",
              "isHook": false,
              "skipped": false
            }
          ],
          "suites": [],
          "passes": [
            "901a2e3b-2780-4d55-80cc-15625158b441",
            "11690618-6713-4ef1-bfae-fd7a1c97dd31",
            "02be6899-32bc-4ad4-bc06-e8c4a04328f5",
            "dde572f0-bc1f-4c0e-a200-f697f3a9afec",
            "57e814e8-cbdf-4ad2-a0f8-7635007aacaf",
            "4ce942dc-67da-4b3e-9a81-c85f6b60b6f4",
            "418e0ee1-7455-4a9d-a787-0ad7e9e40669",
            "cc44f453-14b4-444f-bd9b-49b3178a87ed",
            "493c050e-93fa-4233-9fa0-54ce931559cf",
            "047cd0bb-e94d-48c3-90d3-de4c5b22863b",
            "23b35b8d-31f0-45b6-8b58-cdd2c2f6c4c0",
            "023c95f8-3a21-48c0-9106-0c4077498521",
            "bd2f1fab-d647-4f39-a479-1bab814085f7",
            "e979ea97-9c93-481e-9aa6-b3c1e65f7371",
            "ceff6b58-dac5-4926-80c3-40120fb68490",
            "ab5ae86b-c614-4164-8337-9c6dd5edb1e6",
            "a4db4a62-f9cc-4af3-8e06-2a8f19ba07eb",
            "8ef63850-bf7c-473b-b7aa-5545b401c81d",
            "52ee8a91-3258-433e-8b3a-173ddf11c9ad",
            "6e41e74a-f12e-41d2-a0d1-0fcb04b6a0fc",
            "a1e4fc4d-0d55-455c-b1f2-dd59a982ff67",
            "0e4d285f-cb0d-483d-8efe-d32b1ea46485"
          ],
          "failures": [],
          "pending": [],
          "skipped": [],
          "duration": 161149,
          "root": false,
          "rootEmpty": false,
          "_timeout": 2000
        }
      ],
      "passes": [],
      "failures": [],
      "pending": [],
      "skipped": [],
      "duration": 0,
      "root": true,
      "rootEmpty": true,
      "_timeout": 2000
    },
    {
      "uuid": "920b96ea-e599-4e46-9b54-35bda480d43e",
      "title": "",
      "fullFile": "cypress/integration/welcomepageassertion.spec.js",
      "file": "cypress/integration/welcomepageassertion.spec.js",
      "beforeHooks": [],
      "afterHooks": [],
      "tests": [],
      "suites": [
        {
          "uuid": "1635700f-eb80-4b54-98ee-7ff407a5d008",
          "title": "Welcome Page text assertions",
          "fullFile": "",
          "file": "",
          "beforeHooks": [],
          "afterHooks": [],
          "tests": [
            {
              "title": "1st panel texts test",
              "fullTitle": "Welcome Page text assertions 1st panel texts test",
              "timedOut": null,
              "duration": 3936,
              "state": "passed",
              "speed": "fast",
              "pass": true,
              "fail": false,
              "pending": false,
              "context": null,
              "code": "cy.get('a[aria-label=\"Tumblr\"]').should('exist');\ncy.get('section[id=\"Get started\"]').contains('Make stuff, look at stuff, talk about stuff, find your people.').should('exist');\ncy.get('section[id=\"Get started\"]').contains('By continuing with the options below, you agree to Tumblr’s Terms of Service and have read the Privacy Policy').should('exist');\ncy.get('section[id=\"Get started\"]').contains(\"Here's what's trending\").should('exist');\ncy.get('section[id=\"Get started\"]').contains('Continue with Google').should('exist');\ncy.get('section[id=\"Get started\"]').contains('Continue with Apple').should('exist');\ncy.get('section[id=\"Get started\"]').contains('Log in').should('exist');\ncy.get('section[id=\"Get started\"]').contains('Sign up').should('exist');\ncy.get('[class=\"Z8Ux2 qjTo7 IMvK3\"]').contains('Log in').should('exist'); // garbage class\ncy.get('[class=\"Z8Ux2 qjTo7 IMvK3\"]').contains('Sign up').should('exist'); // garbage class\ncy.get('footer[role=\"contentinfo\"]').contains('Terms').should('exist');\ncy.get('footer[role=\"contentinfo\"]').contains('Privacy').should('exist');\ncy.get('footer[role=\"contentinfo\"]').contains('Jobs').should('exist');\ncy.get('footer[role=\"contentinfo\"]').contains('Support').should('exist');",
              "err": {},
              "uuid": "78c06136-8421-437f-acae-222e33c7e2f6",
              "parentUUID": "1635700f-eb80-4b54-98ee-7ff407a5d008",
              "isHook": false,
              "skipped": false
            },
            {
              "title": "2nd panel text test",
              "fullTitle": "Welcome Page text assertions 2nd panel text test",
              "timedOut": null,
              "duration": 33260,
              "state": "failed",
              "speed": null,
              "pass": false,
              "fail": true,
              "pending": false,
              "context": null,
              "code": "cy.get('section[id=\"Get started\"]').contains('What is Tumblr?').should('exist');\ncy.get('section[id=\"Easy to use\"]').contains('Tumblr is so easy to use that it’s hard to explain.').should('exist');\ncy.get('section[id=\"Easy to use\"]').contains(\"We made it really, really simple for people to make a blog and put whatever they want on it. Stories, photos, GIFs, TV shows, links, quips, dumb jokes, smart jokes, Spotify tracks, mp3s, videos, fashion, art, deep stuff. Tumblr is 536 million different blogs, filled with literally whatever.\").should('exist');\ncy.get('section[id=\"Easy to use\"]').contains('Tumblr is so easy to use that it’s hard to explain.').should('exist');",
              "err": {
                "message": "AssertionError: Timed out retrying after 30000ms: Expected to find content: 'We made it really, really simple for people to make a blog and put whatever they want on it. Stories, photos, GIFs, TV shows, links, quips, dumb jokes, smart jokes, Spotify tracks, mp3s, videos, fashion, art, deep stuff. Tumblr is 536 million different blogs, filled with literally whatever.' within the element: <section#Easy to use.thwmc> but never did.",
                "estack": "AssertionError: Timed out retrying after 30000ms: Expected to find content: 'We made it really, really simple for people to make a blog and put whatever they want on it. Stories, photos, GIFs, TV shows, links, quips, dumb jokes, smart jokes, Spotify tracks, mp3s, videos, fashion, art, deep stuff. Tumblr is 536 million different blogs, filled with literally whatever.' within the element: <section#Easy to use.thwmc> but never did.\n    at Context.eval (https://www.tumblr.com/__cypress/tests?p=cypress\\integration\\welcomepageassertion.spec.js:126:345)",
                "diff": null
              },
              "uuid": "976e6df6-68d1-46cb-be92-0ed082651867",
              "parentUUID": "1635700f-eb80-4b54-98ee-7ff407a5d008",
              "isHook": false,
              "skipped": false
            },
            {
              "title": "3rd panel text tests",
              "fullTitle": "Welcome Page text assertions 3rd panel text tests",
              "timedOut": null,
              "duration": 2828,
              "state": "passed",
              "speed": "fast",
              "pass": true,
              "fail": false,
              "pending": false,
              "context": null,
              "code": "",
              "err": {},
              "uuid": "0faedb8b-f6c9-4560-b9e5-05b1523da7fa",
              "parentUUID": "1635700f-eb80-4b54-98ee-7ff407a5d008",
              "isHook": false,
              "skipped": false
            },
            {
              "title": "1st panel links tests",
              "fullTitle": "Welcome Page text assertions 1st panel links tests",
              "timedOut": null,
              "duration": 34320,
              "state": "failed",
              "speed": null,
              "pass": false,
              "fail": true,
              "pending": false,
              "context": null,
              "code": "cy.get('svg[viewBox=\"0 0 21 36.8\"]').click();\ncy.url().should('include', '/');\ncy.get('a[aria-label=\"Tumblr\"]').click();\ncy.url().should('include', '/'); //cy.get('section[id =\"Get started\"]').contains('Sign up').click();\n//cy.url().should('include', '/register');\n//cy.go('back');\ncy.get('section[id =\"Get started\"]').contains('Terms of Service').click();\ncy.url().should('include', '/policy');\ncy.go('back');\ncy.get('section[id =\"Get started\"]').contains('Privacy Policy').click();\ncy.url().should('include', '/privacy');\ncy.go('back'); //privacy\n//policy",
              "err": {
                "message": "CypressError: Timed out retrying after 30050ms: `cy.click()` failed because this element:\n\n`<a href=\"/\" aria-label=\"Tumblr\">...</a>`\n\nis being covered by another element:\n\n`<header class=\"_3kR_\">...</header>`\n\nFix this problem, or use {force: true} to disable error checking.\n\nhttps://on.cypress.io/element-cannot-be-interacted-with",
                "estack": "CypressError: Timed out retrying after 30050ms: `cy.click()` failed because this element:\n\n`<a href=\"/\" aria-label=\"Tumblr\">...</a>`\n\nis being covered by another element:\n\n`<header class=\"_3kR_\">...</header>`\n\nFix this problem, or use {force: true} to disable error checking.\n\nhttps://on.cypress.io/element-cannot-be-interacted-with\n    at $Cy.ensureDescendents (https://www.tumblr.com/__cypress/runner/cypress_runner.js:160723:87)\n    at ensureDescendents (https://www.tumblr.com/__cypress/runner/cypress_runner.js:147550:8)\n    at ensureDescendentsAndScroll (https://www.tumblr.com/__cypress/runner/cypress_runner.js:147557:14)\n    at ensureElIsNotCovered (https://www.tumblr.com/__cypress/runner/cypress_runner.js:147691:5)\n    at runAllChecks (https://www.tumblr.com/__cypress/runner/cypress_runner.js:147878:52)\n    at retryActionability (https://www.tumblr.com/__cypress/runner/cypress_runner.js:147901:16)\n    at tryCatcher (https://www.tumblr.com/__cypress/runner/cypress_runner.js:13212:23)\n    at Function.Promise.attempt.Promise.try (https://www.tumblr.com/__cypress/runner/cypress_runner.js:10486:29)\n    at tryFn (https://www.tumblr.com/__cypress/runner/cypress_runner.js:165383:61)\n    at whenStable (https://www.tumblr.com/__cypress/runner/cypress_runner.js:165422:14)\n    at https://www.tumblr.com/__cypress/runner/cypress_runner.js:164909:18\n    at tryCatcher (https://www.tumblr.com/__cypress/runner/cypress_runner.js:13212:23)\n    at Promise._settlePromiseFromHandler (https://www.tumblr.com/__cypress/runner/cypress_runner.js:11147:31)\n    at Promise._settlePromise (https://www.tumblr.com/__cypress/runner/cypress_runner.js:11204:18)\n    at Promise._settlePromise0 (https://www.tumblr.com/__cypress/runner/cypress_runner.js:11249:10)\n    at Promise._settlePromises (https://www.tumblr.com/__cypress/runner/cypress_runner.js:11329:18)\nFrom Your Spec Code:\n    at Context.eval (https://www.tumblr.com/__cypress/tests?p=cypress\\integration\\welcomepageassertion.spec.js:133:38)",
                "diff": null
              },
              "uuid": "d055bb82-7c73-4f37-a233-e0878c77525c",
              "parentUUID": "1635700f-eb80-4b54-98ee-7ff407a5d008",
              "isHook": false,
              "skipped": false
            }
          ],
          "suites": [],
          "passes": [
            "78c06136-8421-437f-acae-222e33c7e2f6",
            "0faedb8b-f6c9-4560-b9e5-05b1523da7fa"
          ],
          "failures": [
            "976e6df6-68d1-46cb-be92-0ed082651867",
            "d055bb82-7c73-4f37-a233-e0878c77525c"
          ],
          "pending": [],
          "skipped": [],
          "duration": 74344,
          "root": false,
          "rootEmpty": false,
          "_timeout": 2000
        }
      ],
      "passes": [],
      "failures": [],
      "pending": [],
      "skipped": [],
      "duration": 0,
      "root": true,
      "rootEmpty": true,
      "_timeout": 2000
    },
    {
      "uuid": "61694a88-8e5b-47aa-8d15-fa45c9e470ad",
      "title": "",
      "fullFile": "cypress/integration/login.spec.js",
      "file": "cypress/integration/login.spec.js",
      "beforeHooks": [],
      "afterHooks": [],
      "tests": [],
      "suites": [
        {
          "uuid": "ee62fb4b-261e-4c12-a63a-32d4ae1ab4a8",
          "title": "login",
          "fullFile": "",
          "file": "",
          "beforeHooks": [],
          "afterHooks": [],
          "tests": [
            {
              "title": "posted by link",
              "fullTitle": "login posted by link",
              "timedOut": null,
              "duration": 11320,
              "state": "passed",
              "speed": "slow",
              "pass": true,
              "fail": false,
              "pending": false,
              "context": null,
              "code": "cy.get('.AohpR > :nth-child(1) > a > strong').invoke('text').then(postedbyName => {\n  cy.get('.AohpR > :nth-child(1) > a').click();\n  cy.url().should('include', `/${postedbyName}.tumblr.com`);\n});",
              "err": {},
              "uuid": "f8c48619-f640-4db9-8028-800d637fc053",
              "parentUUID": "ee62fb4b-261e-4c12-a63a-32d4ae1ab4a8",
              "isHook": false,
              "skipped": false
            },
            {
              "title": "signup button",
              "fullTitle": "login signup button",
              "timedOut": null,
              "duration": 2848,
              "state": "passed",
              "speed": "fast",
              "pass": true,
              "fail": false,
              "pending": false,
              "context": null,
              "code": "cy.get('a[href=\"/register?source=login_register_header_landing\"]').click();\ncy.url().should('include', '/register');",
              "err": {},
              "uuid": "77d8a61b-7dc5-4685-a607-9f10eda134c5",
              "parentUUID": "ee62fb4b-261e-4c12-a63a-32d4ae1ab4a8",
              "isHook": false,
              "skipped": false
            },
            {
              "title": "when reload the page the background changes",
              "fullTitle": "login when reload the page the background changes",
              "timedOut": null,
              "duration": 11107,
              "state": "passed",
              "speed": "slow",
              "pass": true,
              "fail": false,
              "pending": false,
              "context": null,
              "code": "cy.wait(4000);\ncy.get('[loading=\"lazy\"]').invoke('attr', 'srcset').then(prevBackground => {\n  cy.reload();\n  cy.wait(4000);\n  cy.get('[loading=\"lazy\"]').invoke('attr', 'srcset').then(currBackground => {\n    cy.expect(currBackground).to.not.equal(prevBackground);\n  });\n});",
              "err": {},
              "uuid": "60016874-86b6-429e-99f3-ab8d45aa5981",
              "parentUUID": "ee62fb4b-261e-4c12-a63a-32d4ae1ab4a8",
              "isHook": false,
              "skipped": false
            },
            {
              "title": "when click on tumblr it goes to tumblr welcome page",
              "fullTitle": "login when click on tumblr it goes to tumblr welcome page",
              "timedOut": null,
              "duration": 3359,
              "state": "passed",
              "speed": "fast",
              "pass": true,
              "fail": false,
              "pending": false,
              "context": null,
              "code": "cy.get('[aria-label=\"Tumblr\"]').click();\ncy.url().should('include', '/');",
              "err": {},
              "uuid": "ade82972-2bb2-4b90-a9fd-aca5f5a5c9eb",
              "parentUUID": "ee62fb4b-261e-4c12-a63a-32d4ae1ab4a8",
              "isHook": false,
              "skipped": false
            },
            {
              "title": "when click on tumblr icon it goes to tumblr welcome page",
              "fullTitle": "login when click on tumblr icon it goes to tumblr welcome page",
              "timedOut": null,
              "duration": 4264,
              "state": "passed",
              "speed": "fast",
              "pass": true,
              "fail": false,
              "pending": false,
              "context": null,
              "code": "cy.get('svg[viewBox=\"0 0 21 36.8\"]').click();\ncy.url().should('include', '/');",
              "err": {},
              "uuid": "1579e783-0fc9-4f3e-b173-4e5099711885",
              "parentUUID": "ee62fb4b-261e-4c12-a63a-32d4ae1ab4a8",
              "isHook": false,
              "skipped": false
            },
            {
              "title": "empty email and empty password",
              "fullTitle": "login empty email and empty password",
              "timedOut": null,
              "duration": 3805,
              "state": "passed",
              "speed": "fast",
              "pass": true,
              "fail": false,
              "pending": false,
              "context": null,
              "code": "cy.get('[aria-label=\"Log in\"]').click();\ncy.get('[data-has-error=\"true\"]').should('have.text', 'You do have to fill this stuff out, you know.');",
              "err": {},
              "uuid": "4602e515-4cd9-48c0-aa1b-a0d72516dcb7",
              "parentUUID": "ee62fb4b-261e-4c12-a63a-32d4ae1ab4a8",
              "isHook": false,
              "skipped": false
            },
            {
              "title": "empty email and incorrect password",
              "fullTitle": "login empty email and incorrect password",
              "timedOut": null,
              "duration": 2080,
              "state": "passed",
              "speed": "fast",
              "pass": true,
              "fail": false,
              "pending": false,
              "context": null,
              "code": "cy.get('[name=\"password\"]').type('asdfghj');\ncy.get('[aria-label=\"Log in\"]').click();\ncy.get('[data-has-error=\"true\"]').should('have.text', 'You forgot to enter your email!');",
              "err": {},
              "uuid": "1eda3717-fed7-462e-b780-a9629d90f7e9",
              "parentUUID": "ee62fb4b-261e-4c12-a63a-32d4ae1ab4a8",
              "isHook": false,
              "skipped": false
            },
            {
              "title": "empty email and correct password",
              "fullTitle": "login empty email and correct password",
              "timedOut": null,
              "duration": 2762,
              "state": "passed",
              "speed": "fast",
              "pass": true,
              "fail": false,
              "pending": false,
              "context": null,
              "code": "cy.get('[name=password]').type('y35SYi:7@+dK7J');\ncy.get('[aria-label=\"Log in\"]').click();\ncy.get('[data-has-error=\"true\"]').should('have.text', 'You forgot to enter your email!');",
              "err": {},
              "uuid": "e9974f05-7fac-4391-a348-1f96d0ba513e",
              "parentUUID": "ee62fb4b-261e-4c12-a63a-32d4ae1ab4a8",
              "isHook": false,
              "skipped": false
            },
            {
              "title": "non existing email and empty password",
              "fullTitle": "login non existing email and empty password",
              "timedOut": null,
              "duration": 2020,
              "state": "passed",
              "speed": "fast",
              "pass": true,
              "fail": false,
              "pending": false,
              "context": null,
              "code": "cy.get('[name=email]').type('ahmedmad@gmail.com');\ncy.get('[aria-label=\"Log in\"]').click();\ncy.get('[data-has-error=\"true\"]').should('have.text', 'You forgot to enter your password!');",
              "err": {},
              "uuid": "9eaeb96d-1d11-4a3a-afbc-f9b2a133fd2c",
              "parentUUID": "ee62fb4b-261e-4c12-a63a-32d4ae1ab4a8",
              "isHook": false,
              "skipped": false
            },
            {
              "title": "existing email and empty password",
              "fullTitle": "login existing email and empty password",
              "timedOut": null,
              "duration": 2470,
              "state": "passed",
              "speed": "fast",
              "pass": true,
              "fail": false,
              "pending": false,
              "context": null,
              "code": "cy.get('[name=email]').type('itztysocfkegfkgoij@adfskj.com');\ncy.get('[aria-label=\"Log in\"]').click();\ncy.get('[data-has-error=\"true\"]').should('have.text', 'You forgot to enter your password!');",
              "err": {},
              "uuid": "00e4716a-f442-42a3-b71a-ce7ecab2ed34",
              "parentUUID": "ee62fb4b-261e-4c12-a63a-32d4ae1ab4a8",
              "isHook": false,
              "skipped": false
            },
            {
              "title": "non existing email and incorrect password",
              "fullTitle": "login non existing email and incorrect password",
              "timedOut": null,
              "duration": 2780,
              "state": "passed",
              "speed": "fast",
              "pass": true,
              "fail": false,
              "pending": false,
              "context": null,
              "code": "cy.get('[name=email]').type('ahmedemad@gmail.com');\ncy.get('[name=password]').type('asdfghj');\ncy.get('[aria-label=\"Log in\"]').click();\ncy.get('[data-has-error=\"true\"]').should('have.text', 'Your email or password were incorrect.');",
              "err": {},
              "uuid": "f54d9b78-ebae-46fd-b399-c666fe7a3792",
              "parentUUID": "ee62fb4b-261e-4c12-a63a-32d4ae1ab4a8",
              "isHook": false,
              "skipped": false
            },
            {
              "title": "non existing email and correct password",
              "fullTitle": "login non existing email and correct password",
              "timedOut": null,
              "duration": 3520,
              "state": "passed",
              "speed": "fast",
              "pass": true,
              "fail": false,
              "pending": false,
              "context": null,
              "code": "cy.get('[name=email]').type('ahmedmad@gmail.com');\ncy.get('[name=password]').type('y35SYi:7@+dK7J');\ncy.get('[aria-label=\"Log in\"]').click();\ncy.get('[data-has-error=\"true\"]').should('have.text', 'Your email or password were incorrect.');",
              "err": {},
              "uuid": "c2cb7079-faeb-498c-8879-344acb591078",
              "parentUUID": "ee62fb4b-261e-4c12-a63a-32d4ae1ab4a8",
              "isHook": false,
              "skipped": false
            },
            {
              "title": "existing email and incorrect password",
              "fullTitle": "login existing email and incorrect password",
              "timedOut": null,
              "duration": 4981,
              "state": "passed",
              "speed": "fast",
              "pass": true,
              "fail": false,
              "pending": false,
              "context": null,
              "code": "cy.get('[name=email]').type('itztysocfkegfkgoij@adfskj.com');\ncy.get('[name=password]').type('assdfghjkltr');\ncy.get('[aria-label=\"Log in\"]').click();\ncy.get('[data-has-error=\"true\"]').should('have.text', 'Your email or password were incorrect.');",
              "err": {},
              "uuid": "793a99ac-05cc-4666-85b9-ae7c7772799b",
              "parentUUID": "ee62fb4b-261e-4c12-a63a-32d4ae1ab4a8",
              "isHook": false,
              "skipped": false
            },
            {
              "title": "existing email and correct password",
              "fullTitle": "login existing email and correct password",
              "timedOut": null,
              "duration": 55989,
              "state": "passed",
              "speed": "slow",
              "pass": true,
              "fail": false,
              "pending": false,
              "context": null,
              "code": "cy.get('[name=email]').type('itztysocfkegfkgoij@adfskj.com');\ncy.get('[name=password]').type('y35SYi:7@+dK7J');\ncy.get('[aria-label=\"Log in\"]').click();\ncy.url().should('include', 'dashboard');",
              "err": {},
              "uuid": "b50aa43c-83d2-471a-b131-8f7d98494516",
              "parentUUID": "ee62fb4b-261e-4c12-a63a-32d4ae1ab4a8",
              "isHook": false,
              "skipped": false
            },
            {
              "title": "testing search bar in login page with enter button",
              "fullTitle": "login testing search bar in login page with enter button",
              "timedOut": null,
              "duration": 2480,
              "state": "passed",
              "speed": "fast",
              "pass": true,
              "fail": false,
              "pending": false,
              "context": null,
              "code": "cy.get('input[aria-label=\"Search\"]').type('google{enter}');\ncy.get('input[aria-label=\"Search\"]').should('have.value', 'google');\ncy.contains('google').should('exist');",
              "err": {},
              "uuid": "d482fc6a-69bf-4142-90aa-115e9eceb551",
              "parentUUID": "ee62fb4b-261e-4c12-a63a-32d4ae1ab4a8",
              "isHook": false,
              "skipped": false
            }
          ],
          "suites": [],
          "passes": [
            "f8c48619-f640-4db9-8028-800d637fc053",
            "77d8a61b-7dc5-4685-a607-9f10eda134c5",
            "60016874-86b6-429e-99f3-ab8d45aa5981",
            "ade82972-2bb2-4b90-a9fd-aca5f5a5c9eb",
            "1579e783-0fc9-4f3e-b173-4e5099711885",
            "4602e515-4cd9-48c0-aa1b-a0d72516dcb7",
            "1eda3717-fed7-462e-b780-a9629d90f7e9",
            "e9974f05-7fac-4391-a348-1f96d0ba513e",
            "9eaeb96d-1d11-4a3a-afbc-f9b2a133fd2c",
            "00e4716a-f442-42a3-b71a-ce7ecab2ed34",
            "f54d9b78-ebae-46fd-b399-c666fe7a3792",
            "c2cb7079-faeb-498c-8879-344acb591078",
            "793a99ac-05cc-4666-85b9-ae7c7772799b",
            "b50aa43c-83d2-471a-b131-8f7d98494516",
            "d482fc6a-69bf-4142-90aa-115e9eceb551"
          ],
          "failures": [],
          "pending": [],
          "skipped": [],
          "duration": 115785,
          "root": false,
          "rootEmpty": false,
          "_timeout": 2000
        }
      ],
      "passes": [],
      "failures": [],
      "pending": [],
      "skipped": [],
      "duration": 0,
      "root": true,
      "rootEmpty": true,
      "_timeout": 2000
    }
  ],
  "meta": {
    "mocha": {
      "version": "7.0.1"
    },
    "mochawesome": {
      "options": {
        "quiet": false,
        "reportFilename": "mochawesome",
        "saveHtml": true,
        "saveJson": true,
        "consoleReporter": "spec",
        "useInlineDiffs": false,
        "code": true
      },
      "version": "7.0.1"
    },
    "marge": {
      "options": {
        "id": "default",
        "reportDir": "cypress/reports/mocha",
        "quite": true,
        "overwrite": false,
        "video": false,
        "html": true,
        "json": true
      },
      "version": "6.0.1"
    }
  }
}