{
  "stats": {
    "suites": 1,
    "tests": 22,
    "passes": 22,
    "pending": 0,
    "failures": 0,
    "start": "2021-11-20T18:55:06.879Z",
    "end": "2021-11-20T18:57:52.240Z",
    "duration": 165361,
    "testsRegistered": 22,
    "passPercent": 100,
    "pendingPercent": 0,
    "other": 0,
    "hasOther": false,
    "skipped": 0,
    "hasSkipped": false
  },
  "results": [
    {
      "uuid": "44ac52fa-a552-48f4-8a68-9479fcc64977",
      "title": "",
      "fullFile": "cypress/integration/signup.spec.js",
      "file": "cypress/integration/signup.spec.js",
      "beforeHooks": [],
      "afterHooks": [],
      "tests": [],
      "suites": [
        {
          "uuid": "c921ff4f-76d6-4e96-b18a-f3cc5202bd55",
          "title": "signup",
          "fullFile": "",
          "file": "",
          "beforeHooks": [],
          "afterHooks": [],
          "tests": [
            {
              "title": "testing search bar in login page with enter button",
              "fullTitle": "signup testing search bar in login page with enter button",
              "timedOut": null,
              "duration": 2390,
              "state": "passed",
              "speed": "fast",
              "pass": true,
              "fail": false,
              "pending": false,
              "context": null,
              "code": "cy.get('input[aria-label=\"Search\"]').type('google{enter}');\ncy.get('input[aria-label=\"Search\"]').should('have.value', 'google');\ncy.contains('google').should('exist');",
              "err": {},
              "uuid": "901a2e3b-2780-4d55-80cc-15625158b441",
              "parentUUID": "c921ff4f-76d6-4e96-b18a-f3cc5202bd55",
              "isHook": false,
              "skipped": false
            },
            {
              "title": "posted by link",
              "fullTitle": "signup posted by link",
              "timedOut": null,
              "duration": 8290,
              "state": "passed",
              "speed": "medium",
              "pass": true,
              "fail": false,
              "pending": false,
              "context": null,
              "code": "cy.get('.AohpR > :nth-child(1) > a > strong').invoke('text').then(postedbyName => {\n  cy.get('.AohpR > :nth-child(1) > a').click();\n  cy.url().should('include', `/${postedbyName}.tumblr.com`);\n});",
              "err": {},
              "uuid": "11690618-6713-4ef1-bfae-fd7a1c97dd31",
              "parentUUID": "c921ff4f-76d6-4e96-b18a-f3cc5202bd55",
              "isHook": false,
              "skipped": false
            },
            {
              "title": "login button",
              "fullTitle": "signup login button",
              "timedOut": null,
              "duration": 3135,
              "state": "passed",
              "speed": "fast",
              "pass": true,
              "fail": false,
              "pending": false,
              "context": null,
              "code": "cy.get('a[href=\"/login\"]').click();\ncy.url().should('include', '/login');",
              "err": {},
              "uuid": "02be6899-32bc-4ad4-bc06-e8c4a04328f5",
              "parentUUID": "c921ff4f-76d6-4e96-b18a-f3cc5202bd55",
              "isHook": false,
              "skipped": false
            },
            {
              "title": "when reload the page the background changes",
              "fullTitle": "signup when reload the page the background changes",
              "timedOut": null,
              "duration": 11707,
              "state": "passed",
              "speed": "slow",
              "pass": true,
              "fail": false,
              "pending": false,
              "context": null,
              "code": "cy.wait(4000);\ncy.get('[loading=\"lazy\"]').invoke('attr', 'srcset').then(prevBackground => {\n  cy.reload();\n  cy.wait(4000);\n  cy.get('[loading=\"lazy\"]').invoke('attr', 'srcset').then(currBackground => {\n    cy.expect(currBackground).to.not.equal(prevBackground);\n  });\n});",
              "err": {},
              "uuid": "dde572f0-bc1f-4c0e-a200-f697f3a9afec",
              "parentUUID": "c921ff4f-76d6-4e96-b18a-f3cc5202bd55",
              "isHook": false,
              "skipped": false
            },
            {
              "title": "when click on tumblr it goes to tumblr welcome page",
              "fullTitle": "signup when click on tumblr it goes to tumblr welcome page",
              "timedOut": null,
              "duration": 2939,
              "state": "passed",
              "speed": "fast",
              "pass": true,
              "fail": false,
              "pending": false,
              "context": null,
              "code": "cy.get('[aria-label=\"Tumblr\"]').click();\ncy.url().should('include', '/');",
              "err": {},
              "uuid": "57e814e8-cbdf-4ad2-a0f8-7635007aacaf",
              "parentUUID": "c921ff4f-76d6-4e96-b18a-f3cc5202bd55",
              "isHook": false,
              "skipped": false
            },
            {
              "title": "when click on tumblr icon it goes to tumblr welcome page",
              "fullTitle": "signup when click on tumblr icon it goes to tumblr welcome page",
              "timedOut": null,
              "duration": 3108,
              "state": "passed",
              "speed": "fast",
              "pass": true,
              "fail": false,
              "pending": false,
              "context": null,
              "code": "cy.get('svg[viewBox=\"0 0 21 36.8\"]').click();\ncy.url().should('include', '/');",
              "err": {},
              "uuid": "4ce942dc-67da-4b3e-9a81-c85f6b60b6f4",
              "parentUUID": "c921ff4f-76d6-4e96-b18a-f3cc5202bd55",
              "isHook": false,
              "skipped": false
            },
            {
              "title": "empty email and empty password and empty blog name",
              "fullTitle": "signup empty email and empty password and empty blog name",
              "timedOut": null,
              "duration": 1622,
              "state": "passed",
              "speed": "fast",
              "pass": true,
              "fail": false,
              "pending": false,
              "context": null,
              "code": "cy.get('[aria-label=\"Sign up\"]').click();\ncy.get('[data-has-error=\"true\"]').should('have.text', 'You do have to fill this stuff out, you know.');",
              "err": {},
              "uuid": "418e0ee1-7455-4a9d-a787-0ad7e9e40669",
              "parentUUID": "c921ff4f-76d6-4e96-b18a-f3cc5202bd55",
              "isHook": false,
              "skipped": false
            },
            {
              "title": "empty email and correct password and empty blog name",
              "fullTitle": "signup empty email and correct password and empty blog name",
              "timedOut": null,
              "duration": 2116,
              "state": "passed",
              "speed": "fast",
              "pass": true,
              "fail": false,
              "pending": false,
              "context": null,
              "code": "cy.get('[name=password]').type('y35SYi:7@+dK7J');\ncy.get('[aria-label=\"Sign up\"]').click();\ncy.get('[data-has-error=\"true\"]').should('have.text', 'You forgot to enter your email!');",
              "err": {},
              "uuid": "cc44f453-14b4-444f-bd9b-49b3178a87ed",
              "parentUUID": "c921ff4f-76d6-4e96-b18a-f3cc5202bd55",
              "isHook": false,
              "skipped": false
            },
            {
              "title": "empty email and empty password and existing blog name",
              "fullTitle": "signup empty email and empty password and existing blog name",
              "timedOut": null,
              "duration": 1737,
              "state": "passed",
              "speed": "fast",
              "pass": true,
              "fail": false,
              "pending": false,
              "context": null,
              "code": "cy.get('[name=blogName]').type('qseeda');\ncy.get('[aria-label=\"Sign up\"]').click();\ncy.get('[data-has-error=\"true\"]').should('have.text', 'You forgot to enter your email!');",
              "err": {},
              "uuid": "493c050e-93fa-4233-9fa0-54ce931559cf",
              "parentUUID": "c921ff4f-76d6-4e96-b18a-f3cc5202bd55",
              "isHook": false,
              "skipped": false
            },
            {
              "title": "empty email and empty password and non existing blog name",
              "fullTitle": "signup empty email and empty password and non existing blog name",
              "timedOut": null,
              "duration": 2011,
              "state": "passed",
              "speed": "fast",
              "pass": true,
              "fail": false,
              "pending": false,
              "context": null,
              "code": "cy.get('[name=blogName]').type('qseeda1112');\ncy.get('[aria-label=\"Sign up\"]').click();\ncy.get('[data-has-error=\"true\"]').should('have.text', 'You forgot to enter your email!');",
              "err": {},
              "uuid": "047cd0bb-e94d-48c3-90d3-de4c5b22863b",
              "parentUUID": "c921ff4f-76d6-4e96-b18a-f3cc5202bd55",
              "isHook": false,
              "skipped": false
            },
            {
              "title": "non existing email and empty password and existing blog name",
              "fullTitle": "signup non existing email and empty password and existing blog name",
              "timedOut": null,
              "duration": 4946,
              "state": "passed",
              "speed": "fast",
              "pass": true,
              "fail": false,
              "pending": false,
              "context": null,
              "code": "cy.mailslurp().then(mailslurp => mailslurp.createInbox()).then(inbox => {\n  // save inbox id and email address to this (make sure you use function and not arrow syntax)\n  cy.wrap(inbox.id).as('inboxId');\n  cy.wrap(inbox.emailAddress).as('emailAddress');\n  cy.get('[name=email]').type(inbox.emailAddress);\n  cy.get('[name=blogName]').type('qseeda');\n  cy.get('[aria-label=\"Sign up\"]').click();\n  cy.get('[data-has-error=\"true\"]').should('have.text', 'You forgot to enter your password!');\n});",
              "err": {},
              "uuid": "23b35b8d-31f0-45b6-8b58-cdd2c2f6c4c0",
              "parentUUID": "c921ff4f-76d6-4e96-b18a-f3cc5202bd55",
              "isHook": false,
              "skipped": false
            },
            {
              "title": "existing email and empty password and blog name",
              "fullTitle": "signup existing email and empty password and blog name",
              "timedOut": null,
              "duration": 3118,
              "state": "passed",
              "speed": "fast",
              "pass": true,
              "fail": false,
              "pending": false,
              "context": null,
              "code": "cy.get('[name=email]').type('itztysocfkegfkgoij@adfskj.com');\ncy.get('[name=blogName]').type('qseeda');\ncy.get('[aria-label=\"Sign up\"]').click();\ncy.get('[data-has-error=\"true\"]').should('have.text', 'You forgot to enter your password!');",
              "err": {},
              "uuid": "023c95f8-3a21-48c0-9106-0c4077498521",
              "parentUUID": "c921ff4f-76d6-4e96-b18a-f3cc5202bd55",
              "isHook": false,
              "skipped": false
            },
            {
              "title": "non existing email and incorrect(short password less than 8) password and existing blog name",
              "fullTitle": "signup non existing email and incorrect(short password less than 8) password and existing blog name",
              "timedOut": null,
              "duration": 4811,
              "state": "passed",
              "speed": "fast",
              "pass": true,
              "fail": false,
              "pending": false,
              "context": null,
              "code": "cy.mailslurp().then(mailslurp => mailslurp.createInbox()).then(inbox => {\n  // save inbox id and email address to this (make sure you use function and not arrow syntax)\n  cy.wrap(inbox.id).as('inboxId');\n  cy.wrap(inbox.emailAddress).as('emailAddress');\n  cy.get('[name=email]').type(inbox.emailAddress);\n  cy.get('[name=password]').type('asdfg');\n  cy.get('[name=blogName]').type('qseeda');\n  cy.get('[aria-label=\"Sign up\"]').click();\n  cy.get('[data-has-error=\"true\"]').should('have.text', 'The password must be at least 8 characters.');\n});",
              "err": {},
              "uuid": "bd2f1fab-d647-4f39-a479-1bab814085f7",
              "parentUUID": "c921ff4f-76d6-4e96-b18a-f3cc5202bd55",
              "isHook": false,
              "skipped": false
            },
            {
              "title": "non existing email and correct password and existing blog name",
              "fullTitle": "signup non existing email and correct password and existing blog name",
              "timedOut": null,
              "duration": 3867,
              "state": "passed",
              "speed": "fast",
              "pass": true,
              "fail": false,
              "pending": false,
              "context": null,
              "code": "cy.mailslurp().then(mailslurp => mailslurp.createInbox()).then(inbox => {\n  // save inbox id and email address to this (make sure you use function and not arrow syntax)\n  cy.wrap(inbox.id).as('inboxId');\n  cy.wrap(inbox.emailAddress).as('emailAddress');\n  cy.get('[name=email]').type('zmmgsatyquecmmrbll@pptrvv.com');\n  cy.get('[name=password]').type('y35SYi:7@+dK7J');\n  cy.get('[name=blogName]').type('qseeda');\n  cy.get('[aria-label=\"Sign up\"]').click();\n  cy.get('[data-has-error=\"true\"]').should('have.text', \"That's a good blog name, but it's taken.\");\n});",
              "err": {},
              "uuid": "e979ea97-9c93-481e-9aa6-b3c1e65f7371",
              "parentUUID": "c921ff4f-76d6-4e96-b18a-f3cc5202bd55",
              "isHook": false,
              "skipped": false
            },
            {
              "title": "existing email and password and blog name",
              "fullTitle": "signup existing email and password and blog name",
              "timedOut": null,
              "duration": 3523,
              "state": "passed",
              "speed": "fast",
              "pass": true,
              "fail": false,
              "pending": false,
              "context": null,
              "code": "cy.get('[name=email]').type('itztysocfkegfkgoij@adfskj.com');\ncy.get('[name=password]').type('assdfghjkltr');\ncy.get('[name=blogName]').type('qseeda');\ncy.get('[aria-label=\"Sign up\"]').click();\ncy.get('[data-has-error=\"true\"]').should('have.text', 'This email address is already in use.');",
              "err": {},
              "uuid": "ceff6b58-dac5-4926-80c3-40120fb68490",
              "parentUUID": "c921ff4f-76d6-4e96-b18a-f3cc5202bd55",
              "isHook": false,
              "skipped": false
            },
            {
              "title": "non existing email and correct password and existing blog name",
              "fullTitle": "signup non existing email and correct password and existing blog name",
              "timedOut": null,
              "duration": 4609,
              "state": "passed",
              "speed": "fast",
              "pass": true,
              "fail": false,
              "pending": false,
              "context": null,
              "code": "cy.mailslurp().then(mailslurp => mailslurp.createInbox()).then(inbox => {\n  // save inbox id and email address to this (make sure you use function and not arrow syntax)\n  cy.wrap(inbox.id).as('inboxId');\n  cy.wrap(inbox.emailAddress).as('emailAddress');\n  cy.get('[name=email]').type(inbox.emailAddress);\n  cy.get('[name=password]').type('y35SYi:7@+dK7J');\n  cy.get('[name=blogName]').type('qseeda');\n  cy.get('[aria-label=\"Sign up\"]').click();\n  cy.get('[data-has-error=\"true\"]').should('have.text', \"That's a good blog name, but it's taken.\");\n});",
              "err": {},
              "uuid": "ab5ae86b-c614-4164-8337-9c6dd5edb1e6",
              "parentUUID": "c921ff4f-76d6-4e96-b18a-f3cc5202bd55",
              "isHook": false,
              "skipped": false
            },
            {
              "title": "non existing email and correct password and non existing blog name",
              "fullTitle": "signup non existing email and correct password and non existing blog name",
              "timedOut": null,
              "duration": 5047,
              "state": "passed",
              "speed": "medium",
              "pass": true,
              "fail": false,
              "pending": false,
              "context": null,
              "code": "cy.mailslurp().then(mailslurp => mailslurp.createInbox()).then(inbox => {\n  // save inbox id and email address to this (make sure you use function and not arrow syntax)\n  cy.wrap(inbox.id).as('inboxId');\n  cy.wrap(inbox.emailAddress).as('emailAddress');\n  cy.get('[name=email]').type(inbox.emailAddress);\n  cy.get('[name=password]').type('y35SYi:7@+dK7J');\n  cy.get('[name=blogName]').type('w' + inbox.id.slice(0, 27));\n  cy.get('[aria-label=\"Sign up\"]').click();\n  cy.get('[name=\"age\"]').invoke('attr', 'placeholder').should('eq', 'How old are you?');\n});",
              "err": {},
              "uuid": "a4db4a62-f9cc-4af3-8e06-2a8f19ba07eb",
              "parentUUID": "c921ff4f-76d6-4e96-b18a-f3cc5202bd55",
              "isHook": false,
              "skipped": false
            },
            {
              "title": "non existing email and correct password and non existing blog name but negative age",
              "fullTitle": "signup non existing email and correct password and non existing blog name but negative age",
              "timedOut": null,
              "duration": 8724,
              "state": "passed",
              "speed": "medium",
              "pass": true,
              "fail": false,
              "pending": false,
              "context": null,
              "code": "cy.mailslurp().then(mailslurp => mailslurp.createInbox()).then(inbox => {\n  // save inbox id and email address to this (make sure you use function and not arrow syntax)\n  cy.wrap(inbox.id).as('inboxId');\n  cy.wrap(inbox.emailAddress).as('emailAddress');\n  cy.get('[name=email]').type(inbox.emailAddress);\n  cy.get('[name=password]').type('y35SYi:7@+dK7J');\n  cy.get('[name=blogName]').type('q' + inbox.id.slice(0, 27));\n  cy.get('[aria-label=\"Sign up\"]').click();\n  cy.get('[name=\"age\"]').type('-1');\n  cy.get('[aria-label=\"Next\"]').click();\n  cy.get('[data-has-error=\"true\"]').should('have.text', \"That's not a valid age. Please try again.\");\n});",
              "err": {},
              "uuid": "8ef63850-bf7c-473b-b7aa-5545b401c81d",
              "parentUUID": "c921ff4f-76d6-4e96-b18a-f3cc5202bd55",
              "isHook": false,
              "skipped": false
            },
            {
              "title": "non existing email and correct password and non existing blog name but zero age",
              "fullTitle": "signup non existing email and correct password and non existing blog name but zero age",
              "timedOut": null,
              "duration": 6124,
              "state": "passed",
              "speed": "medium",
              "pass": true,
              "fail": false,
              "pending": false,
              "context": null,
              "code": "cy.mailslurp().then(mailslurp => mailslurp.createInbox()).then(inbox => {\n  // save inbox id and email address to this (make sure you use function and not arrow syntax)\n  cy.wrap(inbox.id).as('inboxId');\n  cy.wrap(inbox.emailAddress).as('emailAddress');\n  cy.get('[name=email]').type(inbox.emailAddress);\n  cy.get('[name=password]').type('y35SYi:7@+dK7J');\n  cy.get('[name=blogName]').type('t' + inbox.id.slice(0, 27));\n  cy.get('[aria-label=\"Sign up\"]').click();\n  cy.get('[name=\"age\"]').type('0');\n  cy.get('[aria-label=\"Next\"]').click();\n  cy.get('[data-has-error=\"true\"]').should('have.text', \"Oops. There was an error. Please try again.\");\n});",
              "err": {},
              "uuid": "52ee8a91-3258-433e-8b3a-173ddf11c9ad",
              "parentUUID": "c921ff4f-76d6-4e96-b18a-f3cc5202bd55",
              "isHook": false,
              "skipped": false
            },
            {
              "title": "non existing email and correct password and non existing blog name but no age",
              "fullTitle": "signup non existing email and correct password and non existing blog name but no age",
              "timedOut": null,
              "duration": 22485,
              "state": "passed",
              "speed": "slow",
              "pass": true,
              "fail": false,
              "pending": false,
              "context": null,
              "code": "cy.mailslurp().then(mailslurp => mailslurp.createInbox()).then(inbox => {\n  // save inbox id and email address to this (make sure you use function and not arrow syntax)\n  cy.wrap(inbox.id).as('inboxId');\n  cy.wrap(inbox.emailAddress).as('emailAddress'); //\n  cy.get('[name=email]').type(inbox.emailAddress);\n  cy.get('[name=password]').type('y35SYi:7@+dK7J');\n  cy.get('[name=blogName]').type('a' + inbox.id.slice(0, 27));\n  cy.get('[aria-label=\"Sign up\"]').click();\n  cy.get('[name=\"age\"]').type('21');\n  cy.get('[aria-label=\"Next\"]').click();\n  cy.url().should('include', '/getting_to_know_tumblr');\n});",
              "err": {},
              "uuid": "6e41e74a-f12e-41d2-a0d1-0fcb04b6a0fc",
              "parentUUID": "c921ff4f-76d6-4e96-b18a-f3cc5202bd55",
              "isHook": false,
              "skipped": false
            },
            {
              "title": "non existing email and correct password and non existing blog name and valid age",
              "fullTitle": "signup non existing email and correct password and non existing blog name and valid age",
              "timedOut": null,
              "duration": 20467,
              "state": "passed",
              "speed": "slow",
              "pass": true,
              "fail": false,
              "pending": false,
              "context": null,
              "code": "cy.mailslurp().then(mailslurp => mailslurp.createInbox()).then(inbox => {\n  // save inbox id and email address to this (make sure you use function and not arrow syntax)\n  cy.wrap(inbox.id).as('inboxId');\n  cy.wrap(inbox.emailAddress).as('emailAddress');\n  cy.get('[name=email]').type(inbox.emailAddress);\n  cy.get('[name=password]').type('y35SYi:7@+dK7J');\n  cy.get('[name=blogName]').type('a' + inbox.id.slice(0, 27));\n  cy.get('[aria-label=\"Sign up\"]').click();\n  cy.get('[name=\"age\"]').type('21');\n  cy.get('[aria-label=\"Next\"]').click();\n  cy.url().should('include', '/getting_to_know_tumblr');\n});",
              "err": {},
              "uuid": "a1e4fc4d-0d55-455c-b1f2-dd59a982ff67",
              "parentUUID": "c921ff4f-76d6-4e96-b18a-f3cc5202bd55",
              "isHook": false,
              "skipped": false
            },
            {
              "title": "non existing email and correct password and non existing blog name and valid age then skip button",
              "fullTitle": "signup non existing email and correct password and non existing blog name and valid age then skip button",
              "timedOut": null,
              "duration": 34373,
              "state": "passed",
              "speed": "slow",
              "pass": true,
              "fail": false,
              "pending": false,
              "context": null,
              "code": "cy.mailslurp().then(mailslurp => mailslurp.createInbox()).then(inbox => {\n  // save inbox id and email address to this (make sure you use function and not arrow syntax)\n  cy.wrap(inbox.id).as('inboxId');\n  cy.wrap(inbox.emailAddress).as('emailAddress'); //\n  cy.get('[name=email]').type(inbox.emailAddress);\n  cy.get('[name=password]').type('y35SYi:7@+dK7J');\n  cy.get('[name=blogName]').type('y' + inbox.id.slice(0, 27));\n  cy.get('[aria-label=\"Sign up\"]').click();\n  cy.get('[name=\"age\"]').type('21');\n  cy.get('[aria-label=\"Next\"]').click();\n  cy.get('.onboarding-skip-button').click();\n  cy.url().should('include', 'https://www.tumblr.com/dashboard');\n});",
              "err": {},
              "uuid": "0e4d285f-cb0d-483d-8efe-d32b1ea46485",
              "parentUUID": "c921ff4f-76d6-4e96-b18a-f3cc5202bd55",
              "isHook": false,
              "skipped": false
            }
          ],
          "suites": [],
          "passes": [
            "901a2e3b-2780-4d55-80cc-15625158b441",
            "11690618-6713-4ef1-bfae-fd7a1c97dd31",
            "02be6899-32bc-4ad4-bc06-e8c4a04328f5",
            "dde572f0-bc1f-4c0e-a200-f697f3a9afec",
            "57e814e8-cbdf-4ad2-a0f8-7635007aacaf",
            "4ce942dc-67da-4b3e-9a81-c85f6b60b6f4",
            "418e0ee1-7455-4a9d-a787-0ad7e9e40669",
            "cc44f453-14b4-444f-bd9b-49b3178a87ed",
            "493c050e-93fa-4233-9fa0-54ce931559cf",
            "047cd0bb-e94d-48c3-90d3-de4c5b22863b",
            "23b35b8d-31f0-45b6-8b58-cdd2c2f6c4c0",
            "023c95f8-3a21-48c0-9106-0c4077498521",
            "bd2f1fab-d647-4f39-a479-1bab814085f7",
            "e979ea97-9c93-481e-9aa6-b3c1e65f7371",
            "ceff6b58-dac5-4926-80c3-40120fb68490",
            "ab5ae86b-c614-4164-8337-9c6dd5edb1e6",
            "a4db4a62-f9cc-4af3-8e06-2a8f19ba07eb",
            "8ef63850-bf7c-473b-b7aa-5545b401c81d",
            "52ee8a91-3258-433e-8b3a-173ddf11c9ad",
            "6e41e74a-f12e-41d2-a0d1-0fcb04b6a0fc",
            "a1e4fc4d-0d55-455c-b1f2-dd59a982ff67",
            "0e4d285f-cb0d-483d-8efe-d32b1ea46485"
          ],
          "failures": [],
          "pending": [],
          "skipped": [],
          "duration": 161149,
          "root": false,
          "rootEmpty": false,
          "_timeout": 2000
        }
      ],
      "passes": [],
      "failures": [],
      "pending": [],
      "skipped": [],
      "duration": 0,
      "root": true,
      "rootEmpty": true,
      "_timeout": 2000
    }
  ],
  "meta": {
    "mocha": {
      "version": "7.0.1"
    },
    "mochawesome": {
      "options": {
        "quiet": false,
        "reportFilename": "mochawesome",
        "saveHtml": true,
        "saveJson": true,
        "consoleReporter": "spec",
        "useInlineDiffs": false,
        "code": true
      },
      "version": "7.0.1"
    },
    "marge": {
      "options": {
        "id": "default",
        "reportDir": "cypress/reports/mocha",
        "quite": true,
        "overwrite": false,
        "video": false,
        "html": true,
        "json": true
      },
      "version": "6.0.1"
    }
  }
}