{
  "stats": {
    "suites": 1,
    "tests": 15,
    "passes": 15,
    "pending": 0,
    "failures": 0,
    "start": "2021-11-20T18:52:48.303Z",
    "end": "2021-11-20T18:54:48.520Z",
    "duration": 120217,
    "testsRegistered": 15,
    "passPercent": 100,
    "pendingPercent": 0,
    "other": 0,
    "hasOther": false,
    "skipped": 0,
    "hasSkipped": false
  },
  "results": [
    {
      "uuid": "61694a88-8e5b-47aa-8d15-fa45c9e470ad",
      "title": "",
      "fullFile": "cypress/integration/login.spec.js",
      "file": "cypress/integration/login.spec.js",
      "beforeHooks": [],
      "afterHooks": [],
      "tests": [],
      "suites": [
        {
          "uuid": "ee62fb4b-261e-4c12-a63a-32d4ae1ab4a8",
          "title": "login",
          "fullFile": "",
          "file": "",
          "beforeHooks": [],
          "afterHooks": [],
          "tests": [
            {
              "title": "posted by link",
              "fullTitle": "login posted by link",
              "timedOut": null,
              "duration": 11320,
              "state": "passed",
              "speed": "slow",
              "pass": true,
              "fail": false,
              "pending": false,
              "context": null,
              "code": "cy.get('.AohpR > :nth-child(1) > a > strong').invoke('text').then(postedbyName => {\n  cy.get('.AohpR > :nth-child(1) > a').click();\n  cy.url().should('include', `/${postedbyName}.tumblr.com`);\n});",
              "err": {},
              "uuid": "f8c48619-f640-4db9-8028-800d637fc053",
              "parentUUID": "ee62fb4b-261e-4c12-a63a-32d4ae1ab4a8",
              "isHook": false,
              "skipped": false
            },
            {
              "title": "signup button",
              "fullTitle": "login signup button",
              "timedOut": null,
              "duration": 2848,
              "state": "passed",
              "speed": "fast",
              "pass": true,
              "fail": false,
              "pending": false,
              "context": null,
              "code": "cy.get('a[href=\"/register?source=login_register_header_landing\"]').click();\ncy.url().should('include', '/register');",
              "err": {},
              "uuid": "77d8a61b-7dc5-4685-a607-9f10eda134c5",
              "parentUUID": "ee62fb4b-261e-4c12-a63a-32d4ae1ab4a8",
              "isHook": false,
              "skipped": false
            },
            {
              "title": "when reload the page the background changes",
              "fullTitle": "login when reload the page the background changes",
              "timedOut": null,
              "duration": 11107,
              "state": "passed",
              "speed": "slow",
              "pass": true,
              "fail": false,
              "pending": false,
              "context": null,
              "code": "cy.wait(4000);\ncy.get('[loading=\"lazy\"]').invoke('attr', 'srcset').then(prevBackground => {\n  cy.reload();\n  cy.wait(4000);\n  cy.get('[loading=\"lazy\"]').invoke('attr', 'srcset').then(currBackground => {\n    cy.expect(currBackground).to.not.equal(prevBackground);\n  });\n});",
              "err": {},
              "uuid": "60016874-86b6-429e-99f3-ab8d45aa5981",
              "parentUUID": "ee62fb4b-261e-4c12-a63a-32d4ae1ab4a8",
              "isHook": false,
              "skipped": false
            },
            {
              "title": "when click on tumblr it goes to tumblr welcome page",
              "fullTitle": "login when click on tumblr it goes to tumblr welcome page",
              "timedOut": null,
              "duration": 3359,
              "state": "passed",
              "speed": "fast",
              "pass": true,
              "fail": false,
              "pending": false,
              "context": null,
              "code": "cy.get('[aria-label=\"Tumblr\"]').click();\ncy.url().should('include', '/');",
              "err": {},
              "uuid": "ade82972-2bb2-4b90-a9fd-aca5f5a5c9eb",
              "parentUUID": "ee62fb4b-261e-4c12-a63a-32d4ae1ab4a8",
              "isHook": false,
              "skipped": false
            },
            {
              "title": "when click on tumblr icon it goes to tumblr welcome page",
              "fullTitle": "login when click on tumblr icon it goes to tumblr welcome page",
              "timedOut": null,
              "duration": 4264,
              "state": "passed",
              "speed": "fast",
              "pass": true,
              "fail": false,
              "pending": false,
              "context": null,
              "code": "cy.get('svg[viewBox=\"0 0 21 36.8\"]').click();\ncy.url().should('include', '/');",
              "err": {},
              "uuid": "1579e783-0fc9-4f3e-b173-4e5099711885",
              "parentUUID": "ee62fb4b-261e-4c12-a63a-32d4ae1ab4a8",
              "isHook": false,
              "skipped": false
            },
            {
              "title": "empty email and empty password",
              "fullTitle": "login empty email and empty password",
              "timedOut": null,
              "duration": 3805,
              "state": "passed",
              "speed": "fast",
              "pass": true,
              "fail": false,
              "pending": false,
              "context": null,
              "code": "cy.get('[aria-label=\"Log in\"]').click();\ncy.get('[data-has-error=\"true\"]').should('have.text', 'You do have to fill this stuff out, you know.');",
              "err": {},
              "uuid": "4602e515-4cd9-48c0-aa1b-a0d72516dcb7",
              "parentUUID": "ee62fb4b-261e-4c12-a63a-32d4ae1ab4a8",
              "isHook": false,
              "skipped": false
            },
            {
              "title": "empty email and incorrect password",
              "fullTitle": "login empty email and incorrect password",
              "timedOut": null,
              "duration": 2080,
              "state": "passed",
              "speed": "fast",
              "pass": true,
              "fail": false,
              "pending": false,
              "context": null,
              "code": "cy.get('[name=\"password\"]').type('asdfghj');\ncy.get('[aria-label=\"Log in\"]').click();\ncy.get('[data-has-error=\"true\"]').should('have.text', 'You forgot to enter your email!');",
              "err": {},
              "uuid": "1eda3717-fed7-462e-b780-a9629d90f7e9",
              "parentUUID": "ee62fb4b-261e-4c12-a63a-32d4ae1ab4a8",
              "isHook": false,
              "skipped": false
            },
            {
              "title": "empty email and correct password",
              "fullTitle": "login empty email and correct password",
              "timedOut": null,
              "duration": 2762,
              "state": "passed",
              "speed": "fast",
              "pass": true,
              "fail": false,
              "pending": false,
              "context": null,
              "code": "cy.get('[name=password]').type('y35SYi:7@+dK7J');\ncy.get('[aria-label=\"Log in\"]').click();\ncy.get('[data-has-error=\"true\"]').should('have.text', 'You forgot to enter your email!');",
              "err": {},
              "uuid": "e9974f05-7fac-4391-a348-1f96d0ba513e",
              "parentUUID": "ee62fb4b-261e-4c12-a63a-32d4ae1ab4a8",
              "isHook": false,
              "skipped": false
            },
            {
              "title": "non existing email and empty password",
              "fullTitle": "login non existing email and empty password",
              "timedOut": null,
              "duration": 2020,
              "state": "passed",
              "speed": "fast",
              "pass": true,
              "fail": false,
              "pending": false,
              "context": null,
              "code": "cy.get('[name=email]').type('ahmedmad@gmail.com');\ncy.get('[aria-label=\"Log in\"]').click();\ncy.get('[data-has-error=\"true\"]').should('have.text', 'You forgot to enter your password!');",
              "err": {},
              "uuid": "9eaeb96d-1d11-4a3a-afbc-f9b2a133fd2c",
              "parentUUID": "ee62fb4b-261e-4c12-a63a-32d4ae1ab4a8",
              "isHook": false,
              "skipped": false
            },
            {
              "title": "existing email and empty password",
              "fullTitle": "login existing email and empty password",
              "timedOut": null,
              "duration": 2470,
              "state": "passed",
              "speed": "fast",
              "pass": true,
              "fail": false,
              "pending": false,
              "context": null,
              "code": "cy.get('[name=email]').type('itztysocfkegfkgoij@adfskj.com');\ncy.get('[aria-label=\"Log in\"]').click();\ncy.get('[data-has-error=\"true\"]').should('have.text', 'You forgot to enter your password!');",
              "err": {},
              "uuid": "00e4716a-f442-42a3-b71a-ce7ecab2ed34",
              "parentUUID": "ee62fb4b-261e-4c12-a63a-32d4ae1ab4a8",
              "isHook": false,
              "skipped": false
            },
            {
              "title": "non existing email and incorrect password",
              "fullTitle": "login non existing email and incorrect password",
              "timedOut": null,
              "duration": 2780,
              "state": "passed",
              "speed": "fast",
              "pass": true,
              "fail": false,
              "pending": false,
              "context": null,
              "code": "cy.get('[name=email]').type('ahmedemad@gmail.com');\ncy.get('[name=password]').type('asdfghj');\ncy.get('[aria-label=\"Log in\"]').click();\ncy.get('[data-has-error=\"true\"]').should('have.text', 'Your email or password were incorrect.');",
              "err": {},
              "uuid": "f54d9b78-ebae-46fd-b399-c666fe7a3792",
              "parentUUID": "ee62fb4b-261e-4c12-a63a-32d4ae1ab4a8",
              "isHook": false,
              "skipped": false
            },
            {
              "title": "non existing email and correct password",
              "fullTitle": "login non existing email and correct password",
              "timedOut": null,
              "duration": 3520,
              "state": "passed",
              "speed": "fast",
              "pass": true,
              "fail": false,
              "pending": false,
              "context": null,
              "code": "cy.get('[name=email]').type('ahmedmad@gmail.com');\ncy.get('[name=password]').type('y35SYi:7@+dK7J');\ncy.get('[aria-label=\"Log in\"]').click();\ncy.get('[data-has-error=\"true\"]').should('have.text', 'Your email or password were incorrect.');",
              "err": {},
              "uuid": "c2cb7079-faeb-498c-8879-344acb591078",
              "parentUUID": "ee62fb4b-261e-4c12-a63a-32d4ae1ab4a8",
              "isHook": false,
              "skipped": false
            },
            {
              "title": "existing email and incorrect password",
              "fullTitle": "login existing email and incorrect password",
              "timedOut": null,
              "duration": 4981,
              "state": "passed",
              "speed": "fast",
              "pass": true,
              "fail": false,
              "pending": false,
              "context": null,
              "code": "cy.get('[name=email]').type('itztysocfkegfkgoij@adfskj.com');\ncy.get('[name=password]').type('assdfghjkltr');\ncy.get('[aria-label=\"Log in\"]').click();\ncy.get('[data-has-error=\"true\"]').should('have.text', 'Your email or password were incorrect.');",
              "err": {},
              "uuid": "793a99ac-05cc-4666-85b9-ae7c7772799b",
              "parentUUID": "ee62fb4b-261e-4c12-a63a-32d4ae1ab4a8",
              "isHook": false,
              "skipped": false
            },
            {
              "title": "existing email and correct password",
              "fullTitle": "login existing email and correct password",
              "timedOut": null,
              "duration": 55989,
              "state": "passed",
              "speed": "slow",
              "pass": true,
              "fail": false,
              "pending": false,
              "context": null,
              "code": "cy.get('[name=email]').type('itztysocfkegfkgoij@adfskj.com');\ncy.get('[name=password]').type('y35SYi:7@+dK7J');\ncy.get('[aria-label=\"Log in\"]').click();\ncy.url().should('include', 'dashboard');",
              "err": {},
              "uuid": "b50aa43c-83d2-471a-b131-8f7d98494516",
              "parentUUID": "ee62fb4b-261e-4c12-a63a-32d4ae1ab4a8",
              "isHook": false,
              "skipped": false
            },
            {
              "title": "testing search bar in login page with enter button",
              "fullTitle": "login testing search bar in login page with enter button",
              "timedOut": null,
              "duration": 2480,
              "state": "passed",
              "speed": "fast",
              "pass": true,
              "fail": false,
              "pending": false,
              "context": null,
              "code": "cy.get('input[aria-label=\"Search\"]').type('google{enter}');\ncy.get('input[aria-label=\"Search\"]').should('have.value', 'google');\ncy.contains('google').should('exist');",
              "err": {},
              "uuid": "d482fc6a-69bf-4142-90aa-115e9eceb551",
              "parentUUID": "ee62fb4b-261e-4c12-a63a-32d4ae1ab4a8",
              "isHook": false,
              "skipped": false
            }
          ],
          "suites": [],
          "passes": [
            "f8c48619-f640-4db9-8028-800d637fc053",
            "77d8a61b-7dc5-4685-a607-9f10eda134c5",
            "60016874-86b6-429e-99f3-ab8d45aa5981",
            "ade82972-2bb2-4b90-a9fd-aca5f5a5c9eb",
            "1579e783-0fc9-4f3e-b173-4e5099711885",
            "4602e515-4cd9-48c0-aa1b-a0d72516dcb7",
            "1eda3717-fed7-462e-b780-a9629d90f7e9",
            "e9974f05-7fac-4391-a348-1f96d0ba513e",
            "9eaeb96d-1d11-4a3a-afbc-f9b2a133fd2c",
            "00e4716a-f442-42a3-b71a-ce7ecab2ed34",
            "f54d9b78-ebae-46fd-b399-c666fe7a3792",
            "c2cb7079-faeb-498c-8879-344acb591078",
            "793a99ac-05cc-4666-85b9-ae7c7772799b",
            "b50aa43c-83d2-471a-b131-8f7d98494516",
            "d482fc6a-69bf-4142-90aa-115e9eceb551"
          ],
          "failures": [],
          "pending": [],
          "skipped": [],
          "duration": 115785,
          "root": false,
          "rootEmpty": false,
          "_timeout": 2000
        }
      ],
      "passes": [],
      "failures": [],
      "pending": [],
      "skipped": [],
      "duration": 0,
      "root": true,
      "rootEmpty": true,
      "_timeout": 2000
    }
  ],
  "meta": {
    "mocha": {
      "version": "7.0.1"
    },
    "mochawesome": {
      "options": {
        "quiet": false,
        "reportFilename": "mochawesome",
        "saveHtml": true,
        "saveJson": true,
        "consoleReporter": "spec",
        "useInlineDiffs": false,
        "code": true
      },
      "version": "7.0.1"
    },
    "marge": {
      "options": {
        "id": "default",
        "reportDir": "cypress/reports/mocha",
        "quite": true,
        "overwrite": false,
        "video": false,
        "html": true,
        "json": true
      },
      "version": "6.0.1"
    }
  }
}