{
  "stats": {
    "suites": 1,
    "tests": 1,
    "passes": 0,
    "pending": 0,
    "failures": 1,
    "start": "2021-12-28T13:45:44.572Z",
    "end": "2021-12-28T13:46:29.446Z",
    "duration": 44874,
    "testsRegistered": 1,
    "passPercent": 0,
    "pendingPercent": 0,
    "other": 0,
    "hasOther": false,
    "skipped": 0,
    "hasSkipped": false
  },
  "results": [
    {
      "uuid": "f796fcac-25e4-4a97-acc2-3cb23fb47d29",
      "title": "",
      "fullFile": "cypress/integration/chat.spec.js",
      "file": "cypress/integration/chat.spec.js",
      "beforeHooks": [],
      "afterHooks": [],
      "tests": [],
      "suites": [
        {
          "uuid": "bbb9bbaa-d84f-436f-8ac6-46ff54aed550",
          "title": "chating from one account",
          "fullFile": "",
          "file": "",
          "beforeHooks": [],
          "afterHooks": [],
          "tests": [
            {
              "title": "click on the chat tab",
              "fullTitle": "chating from one account click on the chat tab",
              "timedOut": null,
              "duration": 41704,
              "state": "failed",
              "speed": null,
              "pass": false,
              "fail": true,
              "pending": false,
              "context": null,
              "code": "cy.get('[aria-label=\"emoji laughing\"]').click();\ncy.contains('New Message').click();\ncy.get('#divider').get('#chatItem').click();\ncy.get('[aria-label=\"Send\"]').click();\ncy.get('[aria-label=\"emoji laughing\"] #icon').click();\ncy.get('#chatItem').click(); //first chat account to appear\ncy.get;",
              "err": {
                "message": "AssertionError: Timed out retrying after 30000ms: Expected to find element: `#chatItem`, but never found it.",
                "estack": "AssertionError: Timed out retrying after 30000ms: Expected to find element: `#chatItem`, but never found it.\n    at Context.eval (http://tumblr4u.eastus.cloudapp.azure.com/__cypress/tests?p=cypress\\integration\\chat.spec.js:111:24)",
                "diff": null
              },
              "uuid": "b4143093-8d66-4347-9651-9459813f33fb",
              "parentUUID": "bbb9bbaa-d84f-436f-8ac6-46ff54aed550",
              "isHook": false,
              "skipped": false
            }
          ],
          "suites": [],
          "passes": [],
          "failures": [
            "b4143093-8d66-4347-9651-9459813f33fb"
          ],
          "pending": [],
          "skipped": [],
          "duration": 41704,
          "root": false,
          "rootEmpty": false,
          "_timeout": 2000
        }
      ],
      "passes": [],
      "failures": [],
      "pending": [],
      "skipped": [],
      "duration": 0,
      "root": true,
      "rootEmpty": true,
      "_timeout": 2000
    }
  ],
  "meta": {
    "mocha": {
      "version": "7.0.1"
    },
    "mochawesome": {
      "options": {
        "quiet": false,
        "reportFilename": "mochawesome",
        "saveHtml": true,
        "saveJson": true,
        "consoleReporter": "spec",
        "useInlineDiffs": false,
        "code": true
      },
      "version": "7.0.1"
    },
    "marge": {
      "options": {
        "id": "default",
        "reportDir": "cypress/reports/mocha",
        "quite": true,
        "overwrite": false,
        "video": false,
        "html": true,
        "json": true
      },
      "version": "6.0.1"
    }
  }
}