{
  "stats": {
    "suites": 1,
    "tests": 20,
    "passes": 15,
    "pending": 0,
    "failures": 5,
    "start": "2021-11-21T10:18:20.828Z",
    "end": "2021-11-21T10:21:27.837Z",
    "duration": 187009,
    "testsRegistered": 20,
    "passPercent": 75,
    "pendingPercent": 0,
    "other": 0,
    "hasOther": false,
    "skipped": 0,
    "hasSkipped": false
  },
  "results": [
    {
      "uuid": "639c4cb8-13ee-4d5e-a41e-3cb9fe09ddeb",
      "title": "",
      "fullFile": "cypress/integration/signup.spec.js",
      "file": "cypress/integration/signup.spec.js",
      "beforeHooks": [],
      "afterHooks": [],
      "tests": [],
      "suites": [
        {
          "uuid": "6585c6db-601b-4840-ae7f-dc615907b858",
          "title": "signup",
          "fullFile": "",
          "file": "",
          "beforeHooks": [],
          "afterHooks": [],
          "tests": [
            {
              "title": "testing search bar in login page with enter button",
              "fullTitle": "signup testing search bar in login page with enter button",
              "timedOut": null,
              "duration": 1701,
              "state": "passed",
              "speed": "fast",
              "pass": true,
              "fail": false,
              "pending": false,
              "context": null,
              "code": "cy.get('input[aria-label=\"Search\"]').type('google{enter}');\ncy.get('input[aria-label=\"Search\"]').should('have.value', 'google');\ncy.contains('google').should('exist');",
              "err": {},
              "uuid": "5d83eb97-bfeb-4a58-a6cb-64bceea1d045",
              "parentUUID": "6585c6db-601b-4840-ae7f-dc615907b858",
              "isHook": false,
              "skipped": false
            },
            {
              "title": "posted by link",
              "fullTitle": "signup posted by link",
              "timedOut": null,
              "duration": 9685,
              "state": "passed",
              "speed": "medium",
              "pass": true,
              "fail": false,
              "pending": false,
              "context": null,
              "code": "cy.get('.AohpR > :nth-child(1) > a > strong').invoke('text').then(postedbyName => {\n  cy.get('.AohpR > :nth-child(1) > a').click();\n  cy.url().should('include', `/${postedbyName}.tumblr.com`);\n});",
              "err": {},
              "uuid": "86ef49a2-a04b-4864-b32c-60324d787c00",
              "parentUUID": "6585c6db-601b-4840-ae7f-dc615907b858",
              "isHook": false,
              "skipped": false
            },
            {
              "title": "login button",
              "fullTitle": "signup login button",
              "timedOut": null,
              "duration": 2797,
              "state": "passed",
              "speed": "fast",
              "pass": true,
              "fail": false,
              "pending": false,
              "context": null,
              "code": "cy.get('a[href=\"/login\"]').click();\ncy.url().should('include', '/login');",
              "err": {},
              "uuid": "a694cc40-0683-41f3-8f66-fe0925668a2c",
              "parentUUID": "6585c6db-601b-4840-ae7f-dc615907b858",
              "isHook": false,
              "skipped": false
            },
            {
              "title": "when reload the page the background changes",
              "fullTitle": "signup when reload the page the background changes",
              "timedOut": null,
              "duration": 4545,
              "state": "passed",
              "speed": "fast",
              "pass": true,
              "fail": false,
              "pending": false,
              "context": null,
              "code": "cy.get('[loading=\"lazy\"]').invoke('attr', 'srcset').then(prevBackground => {\n  cy.reload();\n  cy.wait(2000);\n  cy.get('[loading=\"lazy\"]').invoke('attr', 'srcset').then(currBackground => {\n    cy.expect(currBackground).to.not.equal(prevBackground);\n  });\n});",
              "err": {},
              "uuid": "c9dcdd9f-8f1d-45bc-8aa0-e91a271b33b4",
              "parentUUID": "6585c6db-601b-4840-ae7f-dc615907b858",
              "isHook": false,
              "skipped": false
            },
            {
              "title": "when click on tumblr it goes to tumblr welcome page",
              "fullTitle": "signup when click on tumblr it goes to tumblr welcome page",
              "timedOut": null,
              "duration": 2322,
              "state": "passed",
              "speed": "fast",
              "pass": true,
              "fail": false,
              "pending": false,
              "context": null,
              "code": "cy.get('[aria-label=\"Tumblr\"]').click();\ncy.url().should('include', '/');",
              "err": {},
              "uuid": "53427edd-564f-4e74-a459-216ff3897c0e",
              "parentUUID": "6585c6db-601b-4840-ae7f-dc615907b858",
              "isHook": false,
              "skipped": false
            },
            {
              "title": "when click on tumblr icon it goes to tumblr welcome page",
              "fullTitle": "signup when click on tumblr icon it goes to tumblr welcome page",
              "timedOut": null,
              "duration": 2753,
              "state": "passed",
              "speed": "fast",
              "pass": true,
              "fail": false,
              "pending": false,
              "context": null,
              "code": "cy.get('svg[viewBox=\"0 0 21 36.8\"]').click();\ncy.url().should('include', '/');",
              "err": {},
              "uuid": "451c2811-03e1-4a93-b231-9f4328dacc59",
              "parentUUID": "6585c6db-601b-4840-ae7f-dc615907b858",
              "isHook": false,
              "skipped": false
            },
            {
              "title": "empty email and empty password and empty blog name",
              "fullTitle": "signup empty email and empty password and empty blog name",
              "timedOut": null,
              "duration": 1686,
              "state": "passed",
              "speed": "fast",
              "pass": true,
              "fail": false,
              "pending": false,
              "context": null,
              "code": "cy.get('[aria-label=\"Sign up\"]').click();\ncy.get('[data-has-error=\"true\"]').should('have.text', 'You do have to fill this stuff out, you know.');",
              "err": {},
              "uuid": "ed3ae6a0-faa6-46a0-af9e-d2a772f73f57",
              "parentUUID": "6585c6db-601b-4840-ae7f-dc615907b858",
              "isHook": false,
              "skipped": false
            },
            {
              "title": "empty email and correct password and empty blog name",
              "fullTitle": "signup empty email and correct password and empty blog name",
              "timedOut": null,
              "duration": 1846,
              "state": "passed",
              "speed": "fast",
              "pass": true,
              "fail": false,
              "pending": false,
              "context": null,
              "code": "cy.get('[name=password]').type('y35SYi:7@+dK7J');\ncy.get('[aria-label=\"Sign up\"]').click();\ncy.get('[data-has-error=\"true\"]').should('have.text', 'You forgot to enter your email!');",
              "err": {},
              "uuid": "106e0fdf-9bc2-4d1d-a7fb-9058392e003e",
              "parentUUID": "6585c6db-601b-4840-ae7f-dc615907b858",
              "isHook": false,
              "skipped": false
            },
            {
              "title": "empty email and empty password and existing blog name",
              "fullTitle": "signup empty email and empty password and existing blog name",
              "timedOut": null,
              "duration": 1553,
              "state": "passed",
              "speed": "fast",
              "pass": true,
              "fail": false,
              "pending": false,
              "context": null,
              "code": "cy.get('[name=blogName]').type('qseeda');\ncy.get('[aria-label=\"Sign up\"]').click();\ncy.get('[data-has-error=\"true\"]').should('have.text', 'You forgot to enter your email!');",
              "err": {},
              "uuid": "b0e686bf-5c5f-433a-b447-ffd6a5ba4127",
              "parentUUID": "6585c6db-601b-4840-ae7f-dc615907b858",
              "isHook": false,
              "skipped": false
            },
            {
              "title": "empty email and empty password and non existing blog name",
              "fullTitle": "signup empty email and empty password and non existing blog name",
              "timedOut": null,
              "duration": 1780,
              "state": "passed",
              "speed": "fast",
              "pass": true,
              "fail": false,
              "pending": false,
              "context": null,
              "code": "cy.get('[name=blogName]').type('qseeda1112');\ncy.get('[aria-label=\"Sign up\"]').click();\ncy.get('[data-has-error=\"true\"]').should('have.text', 'You forgot to enter your email!');",
              "err": {},
              "uuid": "177075b9-7eb5-468e-b9ee-7d13f551b4d2",
              "parentUUID": "6585c6db-601b-4840-ae7f-dc615907b858",
              "isHook": false,
              "skipped": false
            },
            {
              "title": "non existing email and empty password and existing blog name",
              "fullTitle": "signup non existing email and empty password and existing blog name",
              "timedOut": null,
              "duration": 2020,
              "state": "passed",
              "speed": "fast",
              "pass": true,
              "fail": false,
              "pending": false,
              "context": null,
              "code": "cy.get('[name=email]').type('ahmedmad@gmail.com');\ncy.get('[name=blogName]').type('qseeda');\ncy.get('[aria-label=\"Sign up\"]').click();\ncy.get('[data-has-error=\"true\"]').should('have.text', 'You forgot to enter your password!');",
              "err": {},
              "uuid": "1d489eb3-e8c7-4a33-8889-b5b33864f2fd",
              "parentUUID": "6585c6db-601b-4840-ae7f-dc615907b858",
              "isHook": false,
              "skipped": false
            },
            {
              "title": "existing email and empty password and blog name",
              "fullTitle": "signup existing email and empty password and blog name",
              "timedOut": null,
              "duration": 2134,
              "state": "passed",
              "speed": "fast",
              "pass": true,
              "fail": false,
              "pending": false,
              "context": null,
              "code": "cy.get('[name=email]').type('itztysocfkegfkgoij@adfskj.com');\ncy.get('[name=blogName]').type('qseeda');\ncy.get('[aria-label=\"Sign up\"]').click();\ncy.get('[data-has-error=\"true\"]').should('have.text', 'You forgot to enter your password!');",
              "err": {},
              "uuid": "e261e356-7fd4-43a9-8144-20a3b4e93fb6",
              "parentUUID": "6585c6db-601b-4840-ae7f-dc615907b858",
              "isHook": false,
              "skipped": false
            },
            {
              "title": "non existing email and incorrect(short password less than 8) password and existing blog name",
              "fullTitle": "signup non existing email and incorrect(short password less than 8) password and existing blog name",
              "timedOut": null,
              "duration": 3595,
              "state": "passed",
              "speed": "fast",
              "pass": true,
              "fail": false,
              "pending": false,
              "context": null,
              "code": "cy.get('[name=email]').type('zmmgsatyquecmmrbll@pptrvv.com');\ncy.get('[name=password]').type('asdfg');\ncy.get('[name=blogName]').type('qseeda');\ncy.get('[aria-label=\"Sign up\"]').click();\ncy.get('[data-has-error=\"true\"]').should('have.text', 'The password must be at least 8 characters.');",
              "err": {},
              "uuid": "bb070816-c85a-4594-bf10-8c1eea58be19",
              "parentUUID": "6585c6db-601b-4840-ae7f-dc615907b858",
              "isHook": false,
              "skipped": false
            },
            {
              "title": "non existing email and correct password and existing blog name",
              "fullTitle": "signup non existing email and correct password and existing blog name",
              "timedOut": null,
              "duration": 5283,
              "state": "passed",
              "speed": "medium",
              "pass": true,
              "fail": false,
              "pending": false,
              "context": null,
              "code": "cy.get('[name=email]').type('zmmgsatyquecmmrbll@pptrvv.com');\ncy.get('[name=password]').type('y35SYi:7@+dK7J');\ncy.get('[name=blogName]').type('qseeda');\ncy.get('[aria-label=\"Sign up\"]').click();\ncy.get('[data-has-error=\"true\"]').should('have.text', \"That's a good blog name, but it's taken.\");",
              "err": {},
              "uuid": "b57932b0-ad54-44d3-84d5-c82613f8732f",
              "parentUUID": "6585c6db-601b-4840-ae7f-dc615907b858",
              "isHook": false,
              "skipped": false
            },
            {
              "title": "existing email and password and blog name",
              "fullTitle": "signup existing email and password and blog name",
              "timedOut": null,
              "duration": 2696,
              "state": "passed",
              "speed": "fast",
              "pass": true,
              "fail": false,
              "pending": false,
              "context": null,
              "code": "cy.get('[name=email]').type('itztysocfkegfkgoij@adfskj.com');\ncy.get('[name=password]').type('assdfghjkltr');\ncy.get('[name=blogName]').type('qseeda');\ncy.get('[aria-label=\"Sign up\"]').click();\ncy.get('[data-has-error=\"true\"]').should('have.text', 'This email address is already in use.');",
              "err": {},
              "uuid": "d7f1048d-bc29-4f00-9fc1-6742bae49824",
              "parentUUID": "6585c6db-601b-4840-ae7f-dc615907b858",
              "isHook": false,
              "skipped": false
            },
            {
              "title": "non existing email and correct password and non existing blog name",
              "fullTitle": "signup non existing email and correct password and non existing blog name",
              "timedOut": null,
              "duration": 33294,
              "state": "failed",
              "speed": null,
              "pass": false,
              "fail": true,
              "pending": false,
              "context": null,
              "code": "cy.get('[name=email]').type('hpu85558@cuoly.com');\ncy.get('[name=password]').type('y35SYi:7@+dK7J');\ncy.get('[name=blogName]').type('qseeda1006');\ncy.get('[aria-label=\"Sign up\"]').click();\ncy.get('[name=\"age\"]').invoke('attr', 'placeholder').should('eq', 'How old are you?');",
              "err": {
                "message": "AssertionError: Timed out retrying after 30000ms: Expected to find element: `[name=\"age\"]`, but never found it.",
                "estack": "AssertionError: Timed out retrying after 30000ms: Expected to find element: `[name=\"age\"]`, but never found it.\n    at Context.eval (https://www.tumblr.com/__cypress/tests?p=cypress\\integration\\signup.spec.js:195:8)",
                "diff": null
              },
              "uuid": "6fa44fc0-aa18-42b3-9647-dbe769e73a9e",
              "parentUUID": "6585c6db-601b-4840-ae7f-dc615907b858",
              "isHook": false,
              "skipped": false
            },
            {
              "title": "non existing email and correct password and non existing blog name but negative age",
              "fullTitle": "signup non existing email and correct password and non existing blog name but negative age",
              "timedOut": null,
              "duration": 33562,
              "state": "failed",
              "speed": null,
              "pass": false,
              "fail": true,
              "pending": false,
              "context": null,
              "code": "cy.get('[name=email]').type('hpu85558@cuoly.com');\ncy.get('[name=password]').type('y35SYi:7@+dK7J');\ncy.get('[name=blogName]').type('qseeda1006');\ncy.get('[aria-label=\"Sign up\"]').click();\ncy.get('[name=\"age\"]').type('-1');\ncy.get('[aria-label=\"Next\"]').click();\ncy.get('[data-has-error=\"true\"]').should('have.text', \"That's not a valid age. Please try again.\");",
              "err": {
                "message": "AssertionError: Timed out retrying after 30000ms: Expected to find element: `[name=\"age\"]`, but never found it.",
                "estack": "AssertionError: Timed out retrying after 30000ms: Expected to find element: `[name=\"age\"]`, but never found it.\n    at Context.eval (https://www.tumblr.com/__cypress/tests?p=cypress\\integration\\signup.spec.js:202:8)",
                "diff": null
              },
              "uuid": "8bdf9c3a-f3f3-4528-81ed-b21173365126",
              "parentUUID": "6585c6db-601b-4840-ae7f-dc615907b858",
              "isHook": false,
              "skipped": false
            },
            {
              "title": "non existing email and correct password and non existing blog name but zero age",
              "fullTitle": "signup non existing email and correct password and non existing blog name but zero age",
              "timedOut": null,
              "duration": 33810,
              "state": "failed",
              "speed": null,
              "pass": false,
              "fail": true,
              "pending": false,
              "context": null,
              "code": "cy.get('[name=email]').type('hpu85558@cuoly.com');\ncy.get('[name=password]').type('y35SYi:7@+dK7J');\ncy.get('[name=blogName]').type('qseeda1006');\ncy.get('[aria-label=\"Sign up\"]').click();\ncy.get('[name=\"age\"]').type('0');\ncy.get('[aria-label=\"Next\"]').click();\ncy.get('[data-has-error=\"true\"]').should('have.text', \"Oops. There was an error. Please try again.\");",
              "err": {
                "message": "AssertionError: Timed out retrying after 30000ms: Expected to find element: `[name=\"age\"]`, but never found it.",
                "estack": "AssertionError: Timed out retrying after 30000ms: Expected to find element: `[name=\"age\"]`, but never found it.\n    at Context.eval (https://www.tumblr.com/__cypress/tests?p=cypress\\integration\\signup.spec.js:211:8)",
                "diff": null
              },
              "uuid": "4ac84cd4-6079-4e41-93d9-18328606d7ef",
              "parentUUID": "6585c6db-601b-4840-ae7f-dc615907b858",
              "isHook": false,
              "skipped": false
            },
            {
              "title": "non existing email and correct password and non existing blog name but no age",
              "fullTitle": "signup non existing email and correct password and non existing blog name but no age",
              "timedOut": null,
              "duration": 33175,
              "state": "failed",
              "speed": null,
              "pass": false,
              "fail": true,
              "pending": false,
              "context": null,
              "code": "cy.get('[name=email]').type('hpu85558@cuoly.com');\ncy.get('[name=password]').type('y35SYi:7@+dK7J');\ncy.get('[name=blogName]').type('qseeda1006');\ncy.get('[aria-label=\"Sign up\"]').click();\ncy.get('[aria-label=\"Next\"]').click();\ncy.get('[data-has-error=\"true\"]').should('have.text', \"You forgot to enter your age!\");",
              "err": {
                "message": "AssertionError: Timed out retrying after 30000ms: Expected to find element: `[aria-label=\"Next\"]`, but never found it.",
                "estack": "AssertionError: Timed out retrying after 30000ms: Expected to find element: `[aria-label=\"Next\"]`, but never found it.\n    at Context.eval (https://www.tumblr.com/__cypress/tests?p=cypress\\integration\\signup.spec.js:220:8)",
                "diff": null
              },
              "uuid": "7e40acce-2237-452a-9ae3-7bbbe1d24b94",
              "parentUUID": "6585c6db-601b-4840-ae7f-dc615907b858",
              "isHook": false,
              "skipped": false
            },
            {
              "title": "non existing email and correct password and non existing blog name and valid age",
              "fullTitle": "signup non existing email and correct password and non existing blog name and valid age",
              "timedOut": null,
              "duration": 4399,
              "state": "failed",
              "speed": null,
              "pass": false,
              "fail": true,
              "pending": false,
              "context": null,
              "code": "cy.mailslurp().then(mailslurp => mailslurp.createInbox()).then(inbox => {\n  // save inbox id and email address to this (make sure you use function and not arrow syntax)\n  cy.wrap(inbox.id).as('inboxId');\n  cy.wrap(inbox.emailAddress).as('emailAddress');\n  cy.log('id', inbox.id);\n  cy.log('email', inbox.emailAddress);\n  cy.get('[name=email]').type(inbox.emailAddress);\n  cy.get('[name=password]').type('y35SYi:7@+dK7J');\n  cy.get('[name=blogName]').type('fsjsafhhf');\n  cy.get('[aria-label=\"Sign up\"]').click();\n  cy.get('[name=\"age\"]').type('21');\n  cy.get('[aria-label=\"Next\"]').click();\n  cy.url().should('include', '/getting_to_know_tumblr');\n});",
              "err": {
                "message": "CypressError: Action not permitted. Message: `Current user plan does not permit CreateInbox feature as limit MONTHLY_COUNT has been exceeded. Current value = 50. Plan limit = 50`. Please upgrade your account. View your account dashboard at https://app.mailslurp.com/login/. For more usage see pricing page . For more help contact support on support@mailslurp.zendesk.com",
                "estack": "[object Object]\nFrom Your Spec Code:\n    at Context.eval (https://www.tumblr.com/__cypress/tests?p=cypress\\integration\\signup.spec.js:224:20)",
                "diff": null
              },
              "uuid": "708c88e8-0476-4269-969d-94e84581cd3c",
              "parentUUID": "6585c6db-601b-4840-ae7f-dc615907b858",
              "isHook": false,
              "skipped": false
            }
          ],
          "suites": [],
          "passes": [
            "5d83eb97-bfeb-4a58-a6cb-64bceea1d045",
            "86ef49a2-a04b-4864-b32c-60324d787c00",
            "a694cc40-0683-41f3-8f66-fe0925668a2c",
            "c9dcdd9f-8f1d-45bc-8aa0-e91a271b33b4",
            "53427edd-564f-4e74-a459-216ff3897c0e",
            "451c2811-03e1-4a93-b231-9f4328dacc59",
            "ed3ae6a0-faa6-46a0-af9e-d2a772f73f57",
            "106e0fdf-9bc2-4d1d-a7fb-9058392e003e",
            "b0e686bf-5c5f-433a-b447-ffd6a5ba4127",
            "177075b9-7eb5-468e-b9ee-7d13f551b4d2",
            "1d489eb3-e8c7-4a33-8889-b5b33864f2fd",
            "e261e356-7fd4-43a9-8144-20a3b4e93fb6",
            "bb070816-c85a-4594-bf10-8c1eea58be19",
            "b57932b0-ad54-44d3-84d5-c82613f8732f",
            "d7f1048d-bc29-4f00-9fc1-6742bae49824"
          ],
          "failures": [
            "6fa44fc0-aa18-42b3-9647-dbe769e73a9e",
            "8bdf9c3a-f3f3-4528-81ed-b21173365126",
            "4ac84cd4-6079-4e41-93d9-18328606d7ef",
            "7e40acce-2237-452a-9ae3-7bbbe1d24b94",
            "708c88e8-0476-4269-969d-94e84581cd3c"
          ],
          "pending": [],
          "skipped": [],
          "duration": 184636,
          "root": false,
          "rootEmpty": false,
          "_timeout": 2000
        }
      ],
      "passes": [],
      "failures": [],
      "pending": [],
      "skipped": [],
      "duration": 0,
      "root": true,
      "rootEmpty": true,
      "_timeout": 2000
    }
  ],
  "meta": {
    "mocha": {
      "version": "7.0.1"
    },
    "mochawesome": {
      "options": {
        "quiet": false,
        "reportFilename": "mochawesome",
        "saveHtml": true,
        "saveJson": true,
        "consoleReporter": "spec",
        "useInlineDiffs": false,
        "code": true
      },
      "version": "7.0.1"
    },
    "marge": {
      "options": {
        "id": "default",
        "reportDir": "cypress/reports/mocha",
        "quite": true,
        "overwrite": false,
        "video": false,
        "html": true,
        "json": true
      },
      "version": "6.0.1"
    }
  }
}